[0.010s] Invoking command in '/home/xiatenghui/workspace/mujoco_ws/build/mujoco_sim': CMAKE_PREFIX_PATH=${CMAKE_PREFIX_PATH}:/home/xiatenghui/ws_moveit/install/moveit_configs_utils:/opt/ros/jazzy DEBUGINFOD_URLS=https://debuginfod.ubuntu.com /usr/bin/cmake --build /home/xiatenghui/workspace/mujoco_ws/build/mujoco_sim -- -j24 -l24
[0.032s] -- Found ament_cmake: 2.5.4 (/opt/ros/jazzy/share/ament_cmake/cmake)
[0.226s] -- Found rclcpp: 28.1.10 (/opt/ros/jazzy/share/rclcpp/cmake)
[0.248s] -- Found rosidl_generator_c: 4.6.5 (/opt/ros/jazzy/share/rosidl_generator_c/cmake)
[0.256s] -- Found rosidl_generator_cpp: 4.6.5 (/opt/ros/jazzy/share/rosidl_generator_cpp/cmake)
[0.267s] -- Using all available rosidl_typesupport_c: rosidl_typesupport_fastrtps_c;rosidl_typesupport_introspection_c
[0.280s] -- Using all available rosidl_typesupport_cpp: rosidl_typesupport_fastrtps_cpp;rosidl_typesupport_introspection_cpp
[0.335s] -- Found rmw_implementation_cmake: 7.3.2 (/opt/ros/jazzy/share/rmw_implementation_cmake/cmake)
[0.338s] -- Found rmw_fastrtps_cpp: 8.4.2 (/opt/ros/jazzy/share/rmw_fastrtps_cpp/cmake)
[0.399s] -- Using RMW implementation 'rmw_fastrtps_cpp' as default
[0.450s] -- Found ament_lint_auto: 0.17.2 (/opt/ros/jazzy/share/ament_lint_auto/cmake)
[0.531s] -- Added test 'cppcheck' to perform static code analysis on C / C++ code
[0.531s] -- Configured cppcheck include dirs: 
[0.531s] -- Configured cppcheck exclude dirs and/or files: 
[0.531s] -- Added test 'lint_cmake' to check CMake code style
[0.531s] -- Added test 'uncrustify' to check C / C++ code style
[0.531s] -- Configured uncrustify additional arguments: 
[0.532s] -- Added test 'xmllint' to check XML markup files
[0.532s] -- Configuring done (0.5s)
[0.539s] -- Generating done (0.0s)
[0.542s] -- Build files have been written to: /home/xiatenghui/workspace/mujoco_ws/build/mujoco_sim
[0.584s] [ 50%] [32mBuilding CXX object CMakeFiles/ur5e_control.dir/src/ur5e_control.cpp.o[0m
[2.066s] [01m[K/home/xiatenghui/workspace/mujoco_ws/src/mujoco_sim/src/ur5e_control.cpp:[m[K In constructor ‘[01m[KUr5e_Node::[01;32m[KUr5e_Node[m[K(std::string)[m[K’:
[2.066s] [01m[K/home/xiatenghui/workspace/mujoco_ws/src/mujoco_sim/src/ur5e_control.cpp:11:21:[m[K [01;35m[Kwarning: [m[Kunused variable ‘[01m[Kdata[m[K’ [[01;35m[K]8;;https://gcc.gnu.org/onlinedocs/gcc/Warning-Options.html#index-Wunused-variable-Wunused-variable]8;;[m[K]
[2.066s]    11 |             mjData* [01;35m[Kdata[m[K = mj_makeData(model);
[2.066s]       |                     [01;35m[K^~~~[m[K
[2.518s] [100%] [32m[1mLinking CXX executable ur5e_control[0m
[2.617s] [100%] Built target ur5e_control
[2.629s] Invoked command in '/home/xiatenghui/workspace/mujoco_ws/build/mujoco_sim' returned '0': CMAKE_PREFIX_PATH=${CMAKE_PREFIX_PATH}:/home/xiatenghui/ws_moveit/install/moveit_configs_utils:/opt/ros/jazzy DEBUGINFOD_URLS=https://debuginfod.ubuntu.com /usr/bin/cmake --build /home/xiatenghui/workspace/mujoco_ws/build/mujoco_sim -- -j24 -l24
[2.639s] Invoking command in '/home/xiatenghui/workspace/mujoco_ws/build/mujoco_sim': CMAKE_PREFIX_PATH=${CMAKE_PREFIX_PATH}:/home/xiatenghui/ws_moveit/install/moveit_configs_utils:/opt/ros/jazzy DEBUGINFOD_URLS=https://debuginfod.ubuntu.com /usr/bin/cmake --install /home/xiatenghui/workspace/mujoco_ws/build/mujoco_sim
[2.649s] -- Install configuration: ""
[2.649s] -- Installing: /home/xiatenghui/workspace/mujoco_ws/install/mujoco_sim/lib/ur5e_control
[2.650s] -- Set non-toolchain portion of runtime path of "/home/xiatenghui/workspace/mujoco_ws/install/mujoco_sim/lib/ur5e_control" to ""
[2.650s] -- Up-to-date: /home/xiatenghui/workspace/mujoco_ws/install/mujoco_sim/share/ament_index/resource_index/package_run_dependencies/mujoco_sim
[2.650s] -- Up-to-date: /home/xiatenghui/workspace/mujoco_ws/install/mujoco_sim/share/ament_index/resource_index/parent_prefix_path/mujoco_sim
[2.650s] -- Up-to-date: /home/xiatenghui/workspace/mujoco_ws/install/mujoco_sim/share/mujoco_sim/environment/ament_prefix_path.sh
[2.650s] -- Up-to-date: /home/xiatenghui/workspace/mujoco_ws/install/mujoco_sim/share/mujoco_sim/environment/ament_prefix_path.dsv
[2.650s] -- Up-to-date: /home/xiatenghui/workspace/mujoco_ws/install/mujoco_sim/share/mujoco_sim/environment/path.sh
[2.650s] -- Up-to-date: /home/xiatenghui/workspace/mujoco_ws/install/mujoco_sim/share/mujoco_sim/environment/path.dsv
[2.650s] -- Up-to-date: /home/xiatenghui/workspace/mujoco_ws/install/mujoco_sim/share/mujoco_sim/local_setup.bash
[2.651s] -- Up-to-date: /home/xiatenghui/workspace/mujoco_ws/install/mujoco_sim/share/mujoco_sim/local_setup.sh
[2.651s] -- Up-to-date: /home/xiatenghui/workspace/mujoco_ws/install/mujoco_sim/share/mujoco_sim/local_setup.zsh
[2.651s] -- Up-to-date: /home/xiatenghui/workspace/mujoco_ws/install/mujoco_sim/share/mujoco_sim/local_setup.dsv
[2.651s] -- Installing: /home/xiatenghui/workspace/mujoco_ws/install/mujoco_sim/share/mujoco_sim/package.dsv
[2.651s] -- Up-to-date: /home/xiatenghui/workspace/mujoco_ws/install/mujoco_sim/share/ament_index/resource_index/packages/mujoco_sim
[2.651s] -- Up-to-date: /home/xiatenghui/workspace/mujoco_ws/install/mujoco_sim/share/mujoco_sim/cmake/mujoco_simConfig.cmake
[2.652s] -- Up-to-date: /home/xiatenghui/workspace/mujoco_ws/install/mujoco_sim/share/mujoco_sim/cmake/mujoco_simConfig-version.cmake
[2.652s] -- Up-to-date: /home/xiatenghui/workspace/mujoco_ws/install/mujoco_sim/share/mujoco_sim/package.xml
[2.652s] Invoked command in '/home/xiatenghui/workspace/mujoco_ws/build/mujoco_sim' returned '0': CMAKE_PREFIX_PATH=${CMAKE_PREFIX_PATH}:/home/xiatenghui/ws_moveit/install/moveit_configs_utils:/opt/ros/jazzy DEBUGINFOD_URLS=https://debuginfod.ubuntu.com /usr/bin/cmake --install /home/xiatenghui/workspace/mujoco_ws/build/mujoco_sim
