[0.067s] DEBUG:colcon:Command line arguments: ['/usr/bin/colcon', 'build']
[0.067s] DEBUG:colcon:Parsed command line arguments: Namespace(log_base=None, log_level=None, verb_name='build', build_base='build', install_base='install', merge_install=False, symlink_install=False, test_result_base=None, continue_on_error=False, executor='parallel', parallel_workers=24, event_handlers=None, ignore_user_meta=False, metas=['./colcon.meta'], base_paths=['.'], packages_ignore=None, packages_ignore_regex=None, paths=None, packages_up_to=None, packages_up_to_regex=None, packages_above=None, packages_above_and_dependencies=None, packages_above_depth=None, packages_select_by_dep=None, packages_skip_by_dep=None, packages_skip_up_to=None, packages_select_build_failed=False, packages_skip_build_finished=False, packages_select_test_failures=False, packages_skip_test_passed=False, packages_select=None, packages_skip=None, packages_select_regex=None, packages_skip_regex=None, packages_start=None, packages_end=None, allow_overriding=[], cmake_args=None, cmake_target=None, cmake_target_skip_unavailable=False, cmake_clean_cache=False, cmake_clean_first=False, cmake_force_configure=False, ament_cmake_args=None, catkin_cmake_args=None, catkin_skip_building_tests=False, verb_parser=<colcon_defaults.argument_parser.defaults.DefaultArgumentsDecorator object at 0x79ece0a8d580>, verb_extension=<colcon_core.verb.build.BuildVerb object at 0x79ece0a8f8c0>, main=<bound method BuildVerb.main of <colcon_core.verb.build.BuildVerb object at 0x79ece0a8f8c0>>)
[0.092s] Level 1:colcon.colcon_core.package_discovery:discover_packages(colcon_meta) check parameters
[0.092s] Level 1:colcon.colcon_core.package_discovery:discover_packages(recursive) check parameters
[0.092s] Level 1:colcon.colcon_core.package_discovery:discover_packages(ignore) check parameters
[0.092s] Level 1:colcon.colcon_core.package_discovery:discover_packages(path) check parameters
[0.092s] Level 1:colcon.colcon_core.package_discovery:discover_packages(colcon_meta) discover
[0.092s] Level 1:colcon.colcon_core.package_discovery:discover_packages(recursive) discover
[0.092s] INFO:colcon.colcon_core.package_discovery:Crawling recursively for packages in '/home/xiatenghui/workspace/mujoco_ws'
[0.092s] Level 1:colcon.colcon_core.package_identification:_identify(.) by extensions ['ignore', 'ignore_ament_install']
[0.092s] Level 1:colcon.colcon_core.package_identification:_identify(.) by extension 'ignore'
[0.092s] Level 1:colcon.colcon_core.package_identification:_identify(.) by extension 'ignore_ament_install'
[0.092s] Level 1:colcon.colcon_core.package_identification:_identify(.) by extensions ['colcon_pkg']
[0.092s] Level 1:colcon.colcon_core.package_identification:_identify(.) by extension 'colcon_pkg'
[0.092s] Level 1:colcon.colcon_core.package_identification:_identify(.) by extensions ['colcon_meta']
[0.092s] Level 1:colcon.colcon_core.package_identification:_identify(.) by extension 'colcon_meta'
[0.092s] Level 1:colcon.colcon_core.package_identification:_identify(.) by extensions ['ros']
[0.092s] Level 1:colcon.colcon_core.package_identification:_identify(.) by extension 'ros'
[0.110s] Level 1:colcon.colcon_core.package_identification:_identify(.) by extensions ['cmake', 'python']
[0.110s] Level 1:colcon.colcon_core.package_identification:_identify(.) by extension 'cmake'
[0.110s] Level 1:colcon.colcon_core.package_identification:_identify(.) by extension 'python'
[0.110s] Level 1:colcon.colcon_core.package_identification:_identify(.) by extensions ['python_setup_py']
[0.110s] Level 1:colcon.colcon_core.package_identification:_identify(.) by extension 'python_setup_py'
[0.110s] Level 1:colcon.colcon_core.package_identification:_identify(build) by extensions ['ignore', 'ignore_ament_install']
[0.110s] Level 1:colcon.colcon_core.package_identification:_identify(build) by extension 'ignore'
[0.110s] Level 1:colcon.colcon_core.package_identification:_identify(build) ignored
[0.110s] Level 1:colcon.colcon_core.package_identification:_identify(install) by extensions ['ignore', 'ignore_ament_install']
[0.110s] Level 1:colcon.colcon_core.package_identification:_identify(install) by extension 'ignore'
[0.110s] Level 1:colcon.colcon_core.package_identification:_identify(install) ignored
[0.110s] Level 1:colcon.colcon_core.package_identification:_identify(log) by extensions ['ignore', 'ignore_ament_install']
[0.111s] Level 1:colcon.colcon_core.package_identification:_identify(log) by extension 'ignore'
[0.111s] Level 1:colcon.colcon_core.package_identification:_identify(log) ignored
[0.111s] Level 1:colcon.colcon_core.package_identification:_identify(src) by extensions ['ignore', 'ignore_ament_install']
[0.111s] Level 1:colcon.colcon_core.package_identification:_identify(src) by extension 'ignore'
[0.111s] Level 1:colcon.colcon_core.package_identification:_identify(src) by extension 'ignore_ament_install'
[0.111s] Level 1:colcon.colcon_core.package_identification:_identify(src) by extensions ['colcon_pkg']
[0.111s] Level 1:colcon.colcon_core.package_identification:_identify(src) by extension 'colcon_pkg'
[0.111s] Level 1:colcon.colcon_core.package_identification:_identify(src) by extensions ['colcon_meta']
[0.111s] Level 1:colcon.colcon_core.package_identification:_identify(src) by extension 'colcon_meta'
[0.111s] Level 1:colcon.colcon_core.package_identification:_identify(src) by extensions ['ros']
[0.111s] Level 1:colcon.colcon_core.package_identification:_identify(src) by extension 'ros'
[0.111s] Level 1:colcon.colcon_core.package_identification:_identify(src) by extensions ['cmake', 'python']
[0.111s] Level 1:colcon.colcon_core.package_identification:_identify(src) by extension 'cmake'
[0.111s] Level 1:colcon.colcon_core.package_identification:_identify(src) by extension 'python'
[0.111s] Level 1:colcon.colcon_core.package_identification:_identify(src) by extensions ['python_setup_py']
[0.111s] Level 1:colcon.colcon_core.package_identification:_identify(src) by extension 'python_setup_py'
[0.111s] Level 1:colcon.colcon_core.package_identification:_identify(src/mujoco_sim) by extensions ['ignore', 'ignore_ament_install']
[0.111s] Level 1:colcon.colcon_core.package_identification:_identify(src/mujoco_sim) by extension 'ignore'
[0.111s] Level 1:colcon.colcon_core.package_identification:_identify(src/mujoco_sim) by extension 'ignore_ament_install'
[0.111s] Level 1:colcon.colcon_core.package_identification:_identify(src/mujoco_sim) by extensions ['colcon_pkg']
[0.111s] Level 1:colcon.colcon_core.package_identification:_identify(src/mujoco_sim) by extension 'colcon_pkg'
[0.111s] Level 1:colcon.colcon_core.package_identification:_identify(src/mujoco_sim) by extensions ['colcon_meta']
[0.111s] Level 1:colcon.colcon_core.package_identification:_identify(src/mujoco_sim) by extension 'colcon_meta'
[0.111s] Level 1:colcon.colcon_core.package_identification:_identify(src/mujoco_sim) by extensions ['ros']
[0.111s] Level 1:colcon.colcon_core.package_identification:_identify(src/mujoco_sim) by extension 'ros'
[0.113s] DEBUG:colcon.colcon_core.package_identification:Package 'src/mujoco_sim' with type 'ros.ament_cmake' and name 'mujoco_sim'
[0.113s] Level 1:colcon.colcon_core.package_discovery:discover_packages(recursive) using defaults
[0.113s] Level 1:colcon.colcon_core.package_discovery:discover_packages(ignore) discover
[0.113s] Level 1:colcon.colcon_core.package_discovery:discover_packages(ignore) using defaults
[0.113s] Level 1:colcon.colcon_core.package_discovery:discover_packages(path) discover
[0.113s] Level 1:colcon.colcon_core.package_discovery:discover_packages(path) using defaults
[0.125s] Level 1:colcon.colcon_core.package_discovery:discover_packages(prefix_path) check parameters
[0.125s] Level 1:colcon.colcon_core.package_discovery:discover_packages(prefix_path) discover
[0.126s] DEBUG:colcon.colcon_installed_package_information.package_discovery:Found 1 installed packages in /home/xiatenghui/workspace/mujoco_ws/install
[0.127s] DEBUG:colcon.colcon_installed_package_information.package_discovery:Found 49 installed packages in /home/xiatenghui/ws_moveit/install
[0.128s] DEBUG:colcon.colcon_installed_package_information.package_discovery:Found 387 installed packages in /opt/ros/jazzy
[0.129s] Level 1:colcon.colcon_core.package_discovery:discover_packages(prefix_path) using defaults
[0.161s] Level 5:colcon.colcon_core.verb:set package 'mujoco_sim' build argument 'cmake_args' from command line to 'None'
[0.161s] Level 5:colcon.colcon_core.verb:set package 'mujoco_sim' build argument 'cmake_target' from command line to 'None'
[0.161s] Level 5:colcon.colcon_core.verb:set package 'mujoco_sim' build argument 'cmake_target_skip_unavailable' from command line to 'False'
[0.161s] Level 5:colcon.colcon_core.verb:set package 'mujoco_sim' build argument 'cmake_clean_cache' from command line to 'False'
[0.161s] Level 5:colcon.colcon_core.verb:set package 'mujoco_sim' build argument 'cmake_clean_first' from command line to 'False'
[0.161s] Level 5:colcon.colcon_core.verb:set package 'mujoco_sim' build argument 'cmake_force_configure' from command line to 'False'
[0.161s] Level 5:colcon.colcon_core.verb:set package 'mujoco_sim' build argument 'ament_cmake_args' from command line to 'None'
[0.161s] Level 5:colcon.colcon_core.verb:set package 'mujoco_sim' build argument 'catkin_cmake_args' from command line to 'None'
[0.161s] Level 5:colcon.colcon_core.verb:set package 'mujoco_sim' build argument 'catkin_skip_building_tests' from command line to 'False'
[0.161s] DEBUG:colcon.colcon_core.verb:Building package 'mujoco_sim' with the following arguments: {'ament_cmake_args': None, 'build_base': '/home/xiatenghui/workspace/mujoco_ws/build/mujoco_sim', 'catkin_cmake_args': None, 'catkin_skip_building_tests': False, 'cmake_args': None, 'cmake_clean_cache': False, 'cmake_clean_first': False, 'cmake_force_configure': False, 'cmake_target': None, 'cmake_target_skip_unavailable': False, 'install_base': '/home/xiatenghui/workspace/mujoco_ws/install/mujoco_sim', 'merge_install': False, 'path': '/home/xiatenghui/workspace/mujoco_ws/src/mujoco_sim', 'symlink_install': False, 'test_result_base': None}
[0.161s] INFO:colcon.colcon_core.executor:Executing jobs using 'parallel' executor
[0.162s] DEBUG:colcon.colcon_parallel_executor.executor.parallel:run_until_complete
[0.162s] INFO:colcon.colcon_ros.task.ament_cmake.build:Building ROS package in '/home/xiatenghui/workspace/mujoco_ws/src/mujoco_sim' with build type 'ament_cmake'
[0.162s] INFO:colcon.colcon_cmake.task.cmake.build:Building CMake package in '/home/xiatenghui/workspace/mujoco_ws/src/mujoco_sim'
[0.164s] INFO:colcon.colcon_core.plugin_system:Skipping extension 'colcon_core.shell.bat': Not used on non-Windows systems
[0.164s] INFO:colcon.colcon_core.shell:Skip shell extension 'powershell' for command environment: Not usable outside of PowerShell
[0.164s] DEBUG:colcon.colcon_core.shell:Skip shell extension 'dsv' for command environment
[0.173s] DEBUG:colcon.colcon_core.event_handler.log_command:Invoking command in '/home/xiatenghui/workspace/mujoco_ws/build/mujoco_sim': CMAKE_PREFIX_PATH=${CMAKE_PREFIX_PATH}:/home/xiatenghui/ws_moveit/install/moveit_configs_utils:/opt/ros/jazzy DEBUGINFOD_URLS=https://debuginfod.ubuntu.com /usr/bin/cmake --build /home/xiatenghui/workspace/mujoco_ws/build/mujoco_sim -- -j24 -l24
[1.025s] DEBUG:colcon.colcon_core.event_handler.log_command:Invoked command in '/home/xiatenghui/workspace/mujoco_ws/build/mujoco_sim' returned '0': CMAKE_PREFIX_PATH=${CMAKE_PREFIX_PATH}:/home/xiatenghui/ws_moveit/install/moveit_configs_utils:/opt/ros/jazzy DEBUGINFOD_URLS=https://debuginfod.ubuntu.com /usr/bin/cmake --build /home/xiatenghui/workspace/mujoco_ws/build/mujoco_sim -- -j24 -l24
[1.036s] DEBUG:colcon.colcon_core.event_handler.log_command:Invoking command in '/home/xiatenghui/workspace/mujoco_ws/build/mujoco_sim': CMAKE_PREFIX_PATH=${CMAKE_PREFIX_PATH}:/home/xiatenghui/ws_moveit/install/moveit_configs_utils:/opt/ros/jazzy DEBUGINFOD_URLS=https://debuginfod.ubuntu.com /usr/bin/cmake --install /home/xiatenghui/workspace/mujoco_ws/build/mujoco_sim
[1.052s] Level 1:colcon.colcon_core.environment:create_environment_scripts_only(mujoco_sim)
[1.053s] DEBUG:colcon.colcon_core.event_handler.log_command:Invoked command in '/home/xiatenghui/workspace/mujoco_ws/build/mujoco_sim' returned '0': CMAKE_PREFIX_PATH=${CMAKE_PREFIX_PATH}:/home/xiatenghui/ws_moveit/install/moveit_configs_utils:/opt/ros/jazzy DEBUGINFOD_URLS=https://debuginfod.ubuntu.com /usr/bin/cmake --install /home/xiatenghui/workspace/mujoco_ws/build/mujoco_sim
[1.055s] Level 1:colcon.colcon_core.environment:checking '/home/xiatenghui/workspace/mujoco_ws/install/mujoco_sim' for CMake module files
[1.055s] Level 1:colcon.colcon_core.environment:checking '/home/xiatenghui/workspace/mujoco_ws/install/mujoco_sim' for CMake config files
[1.055s] Level 1:colcon.colcon_core.shell:create_environment_hook('mujoco_sim', 'cmake_prefix_path')
[1.056s] INFO:colcon.colcon_core.shell:Creating environment hook '/home/xiatenghui/workspace/mujoco_ws/install/mujoco_sim/share/mujoco_sim/hook/cmake_prefix_path.ps1'
[1.056s] INFO:colcon.colcon_core.shell:Creating environment descriptor '/home/xiatenghui/workspace/mujoco_ws/install/mujoco_sim/share/mujoco_sim/hook/cmake_prefix_path.dsv'
[1.057s] INFO:colcon.colcon_core.shell:Creating environment hook '/home/xiatenghui/workspace/mujoco_ws/install/mujoco_sim/share/mujoco_sim/hook/cmake_prefix_path.sh'
[1.058s] Level 1:colcon.colcon_core.environment:checking '/home/xiatenghui/workspace/mujoco_ws/install/mujoco_sim/lib'
[1.058s] Level 1:colcon.colcon_core.environment:checking '/home/xiatenghui/workspace/mujoco_ws/install/mujoco_sim/bin'
[1.058s] Level 1:colcon.colcon_core.environment:checking '/home/xiatenghui/workspace/mujoco_ws/install/mujoco_sim/lib/pkgconfig/mujoco_sim.pc'
[1.058s] Level 1:colcon.colcon_core.environment:checking '/home/xiatenghui/workspace/mujoco_ws/install/mujoco_sim/lib/python3.12/site-packages'
[1.058s] Level 1:colcon.colcon_core.environment:checking '/home/xiatenghui/workspace/mujoco_ws/install/mujoco_sim/bin'
[1.059s] INFO:colcon.colcon_core.shell:Creating package script '/home/xiatenghui/workspace/mujoco_ws/install/mujoco_sim/share/mujoco_sim/package.ps1'
[1.059s] INFO:colcon.colcon_core.shell:Creating package descriptor '/home/xiatenghui/workspace/mujoco_ws/install/mujoco_sim/share/mujoco_sim/package.dsv'
[1.060s] INFO:colcon.colcon_core.shell:Creating package script '/home/xiatenghui/workspace/mujoco_ws/install/mujoco_sim/share/mujoco_sim/package.sh'
[1.060s] INFO:colcon.colcon_core.shell:Creating package script '/home/xiatenghui/workspace/mujoco_ws/install/mujoco_sim/share/mujoco_sim/package.bash'
[1.061s] INFO:colcon.colcon_core.shell:Creating package script '/home/xiatenghui/workspace/mujoco_ws/install/mujoco_sim/share/mujoco_sim/package.zsh'
[1.061s] Level 1:colcon.colcon_core.environment:create_file_with_runtime_dependencies(/home/xiatenghui/workspace/mujoco_ws/install/mujoco_sim/share/colcon-core/packages/mujoco_sim)
[1.062s] Level 1:colcon.colcon_core.environment:create_environment_scripts_only(mujoco_sim)
[1.062s] Level 1:colcon.colcon_core.environment:checking '/home/xiatenghui/workspace/mujoco_ws/install/mujoco_sim' for CMake module files
[1.062s] Level 1:colcon.colcon_core.environment:checking '/home/xiatenghui/workspace/mujoco_ws/install/mujoco_sim' for CMake config files
[1.062s] Level 1:colcon.colcon_core.shell:create_environment_hook('mujoco_sim', 'cmake_prefix_path')
[1.062s] INFO:colcon.colcon_core.shell:Creating environment hook '/home/xiatenghui/workspace/mujoco_ws/install/mujoco_sim/share/mujoco_sim/hook/cmake_prefix_path.ps1'
[1.063s] INFO:colcon.colcon_core.shell:Creating environment descriptor '/home/xiatenghui/workspace/mujoco_ws/install/mujoco_sim/share/mujoco_sim/hook/cmake_prefix_path.dsv'
[1.063s] INFO:colcon.colcon_core.shell:Creating environment hook '/home/xiatenghui/workspace/mujoco_ws/install/mujoco_sim/share/mujoco_sim/hook/cmake_prefix_path.sh'
[1.063s] Level 1:colcon.colcon_core.environment:checking '/home/xiatenghui/workspace/mujoco_ws/install/mujoco_sim/lib'
[1.064s] Level 1:colcon.colcon_core.environment:checking '/home/xiatenghui/workspace/mujoco_ws/install/mujoco_sim/bin'
[1.064s] Level 1:colcon.colcon_core.environment:checking '/home/xiatenghui/workspace/mujoco_ws/install/mujoco_sim/lib/pkgconfig/mujoco_sim.pc'
[1.064s] Level 1:colcon.colcon_core.environment:checking '/home/xiatenghui/workspace/mujoco_ws/install/mujoco_sim/lib/python3.12/site-packages'
[1.064s] Level 1:colcon.colcon_core.environment:checking '/home/xiatenghui/workspace/mujoco_ws/install/mujoco_sim/bin'
[1.064s] INFO:colcon.colcon_core.shell:Creating package script '/home/xiatenghui/workspace/mujoco_ws/install/mujoco_sim/share/mujoco_sim/package.ps1'
[1.064s] INFO:colcon.colcon_core.shell:Creating package descriptor '/home/xiatenghui/workspace/mujoco_ws/install/mujoco_sim/share/mujoco_sim/package.dsv'
[1.065s] INFO:colcon.colcon_core.shell:Creating package script '/home/xiatenghui/workspace/mujoco_ws/install/mujoco_sim/share/mujoco_sim/package.sh'
[1.065s] INFO:colcon.colcon_core.shell:Creating package script '/home/xiatenghui/workspace/mujoco_ws/install/mujoco_sim/share/mujoco_sim/package.bash'
[1.065s] INFO:colcon.colcon_core.shell:Creating package script '/home/xiatenghui/workspace/mujoco_ws/install/mujoco_sim/share/mujoco_sim/package.zsh'
[1.065s] Level 1:colcon.colcon_core.environment:create_file_with_runtime_dependencies(/home/xiatenghui/workspace/mujoco_ws/install/mujoco_sim/share/colcon-core/packages/mujoco_sim)
[1.066s] DEBUG:colcon.colcon_parallel_executor.executor.parallel:closing loop
[1.066s] DEBUG:colcon.colcon_parallel_executor.executor.parallel:loop closed
[1.066s] DEBUG:colcon.colcon_parallel_executor.executor.parallel:run_until_complete finished with '0'
[1.066s] DEBUG:colcon.colcon_core.event_reactor:joining thread
[1.071s] INFO:colcon.colcon_core.plugin_system:Skipping extension 'colcon_notification.desktop_notification.terminal_notifier': Not used on non-Darwin systems
[1.071s] INFO:colcon.colcon_core.plugin_system:Skipping extension 'colcon_notification.desktop_notification.win32': Not used on non-Windows systems
[1.071s] INFO:colcon.colcon_notification.desktop_notification:Sending desktop notification using 'notify2'
[1.091s] DEBUG:colcon.colcon_core.event_reactor:joined thread
[1.091s] INFO:colcon.colcon_core.shell:Creating prefix script '/home/xiatenghui/workspace/mujoco_ws/install/local_setup.ps1'
[1.091s] INFO:colcon.colcon_core.shell:Creating prefix util module '/home/xiatenghui/workspace/mujoco_ws/install/_local_setup_util_ps1.py'
[1.092s] INFO:colcon.colcon_core.shell:Creating prefix chain script '/home/xiatenghui/workspace/mujoco_ws/install/setup.ps1'
[1.093s] INFO:colcon.colcon_core.shell:Creating prefix script '/home/xiatenghui/workspace/mujoco_ws/install/local_setup.sh'
[1.094s] INFO:colcon.colcon_core.shell:Creating prefix util module '/home/xiatenghui/workspace/mujoco_ws/install/_local_setup_util_sh.py'
[1.094s] INFO:colcon.colcon_core.shell:Creating prefix chain script '/home/xiatenghui/workspace/mujoco_ws/install/setup.sh'
[1.095s] INFO:colcon.colcon_core.shell:Creating prefix script '/home/xiatenghui/workspace/mujoco_ws/install/local_setup.bash'
[1.095s] INFO:colcon.colcon_core.shell:Creating prefix chain script '/home/xiatenghui/workspace/mujoco_ws/install/setup.bash'
[1.097s] INFO:colcon.colcon_core.shell:Creating prefix script '/home/xiatenghui/workspace/mujoco_ws/install/local_setup.zsh'
[1.097s] INFO:colcon.colcon_core.shell:Creating prefix chain script '/home/xiatenghui/workspace/mujoco_ws/install/setup.zsh'
