[0.813s] Invoking command in '/home/xiatenghui/work_space/mujoco_ws/src/flintrobot_description': DEBUGINFOD_URLS=https://debuginfod.ubuntu.com PYTHONPATH=/home/xiatenghui/work_space/mujoco_ws/build/flintrobot_description/prefix_override:/usr/lib/python3/dist-packages/colcon_core/task/python/colcon_distutils_commands:/home/xiatenghui/work_space/mujoco_ws/install/flintrobot_description/lib/python3.12/site-packages:${PYTHONPATH} /usr/bin/python3 -W ignore:setup.py install is deprecated -W ignore:easy_install command is deprecated setup.py egg_info --egg-base ../../build/flintrobot_description build --build-base /home/xiatenghui/work_space/mujoco_ws/build/flintrobot_description/build install --record /home/xiatenghui/work_space/mujoco_ws/build/flintrobot_description/install.log --single-version-externally-managed install_data
[0.977s] running egg_info
[0.987s] writing ../../build/flintrobot_description/flintrobot_description.egg-info/PKG-INFO
[0.988s] writing dependency_links to ../../build/flintrobot_description/flintrobot_description.egg-info/dependency_links.txt
[0.988s] writing requirements to ../../build/flintrobot_description/flintrobot_description.egg-info/requires.txt
[0.988s] writing top-level names to ../../build/flintrobot_description/flintrobot_description.egg-info/top_level.txt
[1.010s] reading manifest file '../../build/flintrobot_description/flintrobot_description.egg-info/SOURCES.txt'
[1.011s] writing manifest file '../../build/flintrobot_description/flintrobot_description.egg-info/SOURCES.txt'
[1.011s] running build
[1.011s] running build_py
[1.011s] running install
[1.015s] running install_lib
[1.027s] running install_data
[1.027s] copying urdf/flintrobot_base.urdf -> /home/xiatenghui/work_space/mujoco_ws/install/flintrobot_description/share/flintrobot_description/urdf
[1.027s] copying urdf/flintrobot_base (副本).urdf -> /home/xiatenghui/work_space/mujoco_ws/install/flintrobot_description/share/flintrobot_description/urdf
[1.027s] running install_egg_info
[1.039s] removing '/home/xiatenghui/work_space/mujoco_ws/install/flintrobot_description/lib/python3.12/site-packages/flintrobot_description-0.0.0-py3.12.egg-info' (and everything under it)
[1.039s] Copying ../../build/flintrobot_description/flintrobot_description.egg-info to /home/xiatenghui/work_space/mujoco_ws/install/flintrobot_description/lib/python3.12/site-packages/flintrobot_description-0.0.0-py3.12.egg-info
[1.040s] running install_scripts
[1.117s] writing list of installed files to '/home/xiatenghui/work_space/mujoco_ws/build/flintrobot_description/install.log'
[1.138s] Invoked command in '/home/xiatenghui/work_space/mujoco_ws/src/flintrobot_description' returned '0': DEBUGINFOD_URLS=https://debuginfod.ubuntu.com PYTHONPATH=/home/xiatenghui/work_space/mujoco_ws/build/flintrobot_description/prefix_override:/usr/lib/python3/dist-packages/colcon_core/task/python/colcon_distutils_commands:/home/xiatenghui/work_space/mujoco_ws/install/flintrobot_description/lib/python3.12/site-packages:${PYTHONPATH} /usr/bin/python3 -W ignore:setup.py install is deprecated -W ignore:easy_install command is deprecated setup.py egg_info --egg-base ../../build/flintrobot_description build --build-base /home/xiatenghui/work_space/mujoco_ws/build/flintrobot_description/build install --record /home/xiatenghui/work_space/mujoco_ws/build/flintrobot_description/install.log --single-version-externally-managed install_data
