/home/xiatenghui/work_space/mujoco_ws/install/flintrobot_description/lib/python3.12/site-packages/flintrobot_description/__init__.py
/home/xiatenghui/work_space/mujoco_ws/install/flintrobot_description/lib/python3.12/site-packages/flintrobot_description/__pycache__/__init__.cpython-312.pyc
/home/xiatenghui/work_space/mujoco_ws/install/flintrobot_description/share/ament_index/resource_index/packages/flintrobot_description
/home/xiatenghui/work_space/mujoco_ws/install/flintrobot_description/share/flintrobot_description/package.xml
/home/xiatenghui/work_space/mujoco_ws/install/flintrobot_description/share/flintrobot_description/launch/display_rviz2.launch.py
/home/xiatenghui/work_space/mujoco_ws/install/flintrobot_description/share/flintrobot_description/urdf/flintrobot_base_no1.urdf
/home/xiatenghui/work_space/mujoco_ws/install/flintrobot_description/share/flintrobot_description/urdf/flintrobot_base_no3.urdf
/home/xiatenghui/work_space/mujoco_ws/install/flintrobot_description/share/flintrobot_description/urdf/flintrobot.xml
/home/xiatenghui/work_space/mujoco_ws/install/flintrobot_description/share/flintrobot_description/urdf/flintrobot_base.urdf
/home/xiatenghui/work_space/mujoco_ws/install/flintrobot_description/share/flintrobot_description/meshes/flint_head.stl
/home/xiatenghui/work_space/mujoco_ws/install/flintrobot_description/share/flintrobot_description/meshes/flint_neck_raise_const.stl
/home/xiatenghui/work_space/mujoco_ws/install/flintrobot_description/share/flintrobot_description/meshes/flint_joint4.stl
/home/xiatenghui/work_space/mujoco_ws/install/flintrobot_description/share/flintrobot_description/meshes/flint_wheel2.stl
/home/xiatenghui/work_space/mujoco_ws/install/flintrobot_description/share/flintrobot_description/meshes/flint_joint2.stl
/home/xiatenghui/work_space/mujoco_ws/install/flintrobot_description/share/flintrobot_description/meshes/flint_hand_finger_joint1.stl
/home/xiatenghui/work_space/mujoco_ws/install/flintrobot_description/share/flintrobot_description/meshes/flint_joint1.stl
/home/xiatenghui/work_space/mujoco_ws/install/flintrobot_description/share/flintrobot_description/meshes/flint_good_hand.stl
/home/xiatenghui/work_space/mujoco_ws/install/flintrobot_description/share/flintrobot_description/meshes/flint_joint8.stl
/home/xiatenghui/work_space/mujoco_ws/install/flintrobot_description/share/flintrobot_description/meshes/flint_wheel1.stl
/home/xiatenghui/work_space/mujoco_ws/install/flintrobot_description/share/flintrobot_description/meshes/flint_joint6.stl
/home/xiatenghui/work_space/mujoco_ws/install/flintrobot_description/share/flintrobot_description/meshes/flint_hand_finger_joint0.stl
/home/xiatenghui/work_space/mujoco_ws/install/flintrobot_description/share/flintrobot_description/meshes/flint_hand_thumb_joint0.stl
/home/xiatenghui/work_space/mujoco_ws/install/flintrobot_description/share/flintrobot_description/meshes/flint_neck3.stl
/home/xiatenghui/work_space/mujoco_ws/install/flintrobot_description/share/flintrobot_description/meshes/flint_neck0.stl
/home/xiatenghui/work_space/mujoco_ws/install/flintrobot_description/share/flintrobot_description/meshes/flint_hand_thumb_joint1.stl
/home/xiatenghui/work_space/mujoco_ws/install/flintrobot_description/share/flintrobot_description/meshes/flint_joint7.stl
/home/xiatenghui/work_space/mujoco_ws/install/flintrobot_description/share/flintrobot_description/meshes/flint_hand_thumb_joint2.stl
/home/xiatenghui/work_space/mujoco_ws/install/flintrobot_description/share/flintrobot_description/meshes/flint_body.stl
/home/xiatenghui/work_space/mujoco_ws/install/flintrobot_description/share/flintrobot_description/meshes/flint_neck2.stl
/home/xiatenghui/work_space/mujoco_ws/install/flintrobot_description/share/flintrobot_description/meshes/flint_joint3.stl
/home/xiatenghui/work_space/mujoco_ws/install/flintrobot_description/share/flintrobot_description/meshes/flint_hand_thumb_joint3.stl
/home/xiatenghui/work_space/mujoco_ws/install/flintrobot_description/share/flintrobot_description/meshes/flint_neck1.stl
/home/xiatenghui/work_space/mujoco_ws/install/flintrobot_description/share/flintrobot_description/meshes/flint_joint5.stl
/home/xiatenghui/work_space/mujoco_ws/install/flintrobot_description/lib/python3.12/site-packages/flintrobot_description-0.0.0-py3.12.egg-info/PKG-INFO
/home/xiatenghui/work_space/mujoco_ws/install/flintrobot_description/lib/python3.12/site-packages/flintrobot_description-0.0.0-py3.12.egg-info/dependency_links.txt
/home/xiatenghui/work_space/mujoco_ws/install/flintrobot_description/lib/python3.12/site-packages/flintrobot_description-0.0.0-py3.12.egg-info/zip-safe
/home/xiatenghui/work_space/mujoco_ws/install/flintrobot_description/lib/python3.12/site-packages/flintrobot_description-0.0.0-py3.12.egg-info/top_level.txt
/home/xiatenghui/work_space/mujoco_ws/install/flintrobot_description/lib/python3.12/site-packages/flintrobot_description-0.0.0-py3.12.egg-info/SOURCES.txt
/home/xiatenghui/work_space/mujoco_ws/install/flintrobot_description/lib/python3.12/site-packages/flintrobot_description-0.0.0-py3.12.egg-info/requires.txt
