[0.169s] Invoking command in '/home/xiatenghui/work_space/mujoco_ws/build/mujoco_sim': CMAKE_PREFIX_PATH=${CMAKE_PREFIX_PATH}:/home/xiatenghui/work_space/mujoco_ws/install/ur5e_description:/home/xiatenghui/work_space/mujoco_ws/install/mujoco_py:/opt/ros/jazzy DEBUGINFOD_URLS=https://debuginfod.ubuntu.com /usr/bin/cmake --build /home/xiatenghui/work_space/mujoco_ws/build/mujoco_sim -- -j24 -l24
[0.226s] [100%] Built target ur5e_control
[0.341s] Invoked command in '/home/xiatenghui/work_space/mujoco_ws/build/mujoco_sim' returned '0': CMAKE_PREFIX_PATH=${CMAKE_PREFIX_PATH}:/home/xiatenghui/work_space/mujoco_ws/install/ur5e_description:/home/xiatenghui/work_space/mujoco_ws/install/mujoco_py:/opt/ros/jazzy DEBUGINFOD_URLS=https://debuginfod.ubuntu.com /usr/bin/cmake --build /home/xiatenghui/work_space/mujoco_ws/build/mujoco_sim -- -j24 -l24
[0.348s] Invoking command in '/home/xiatenghui/work_space/mujoco_ws/build/mujoco_sim': CMAKE_PREFIX_PATH=${CMAKE_PREFIX_PATH}:/home/xiatenghui/work_space/mujoco_ws/install/ur5e_description:/home/xiatenghui/work_space/mujoco_ws/install/mujoco_py:/opt/ros/jazzy DEBUGINFOD_URLS=https://debuginfod.ubuntu.com /usr/bin/cmake --install /home/xiatenghui/work_space/mujoco_ws/build/mujoco_sim
[0.355s] -- Install configuration: ""
[0.355s] -- Up-to-date: /home/xiatenghui/work_space/mujoco_ws/install/mujoco_sim/lib/mujoco_sim/ur5e_control
[0.356s] -- Up-to-date: /home/xiatenghui/work_space/mujoco_ws/install/mujoco_sim/share/ament_index/resource_index/package_run_dependencies/mujoco_sim
[0.356s] -- Up-to-date: /home/xiatenghui/work_space/mujoco_ws/install/mujoco_sim/share/ament_index/resource_index/parent_prefix_path/mujoco_sim
[0.356s] -- Up-to-date: /home/xiatenghui/work_space/mujoco_ws/install/mujoco_sim/share/mujoco_sim/environment/ament_prefix_path.sh
[0.356s] -- Up-to-date: /home/xiatenghui/work_space/mujoco_ws/install/mujoco_sim/share/mujoco_sim/environment/ament_prefix_path.dsv
[0.356s] -- Up-to-date: /home/xiatenghui/work_space/mujoco_ws/install/mujoco_sim/share/mujoco_sim/environment/path.sh
[0.356s] -- Up-to-date: /home/xiatenghui/work_space/mujoco_ws/install/mujoco_sim/share/mujoco_sim/environment/path.dsv
[0.356s] -- Up-to-date: /home/xiatenghui/work_space/mujoco_ws/install/mujoco_sim/share/mujoco_sim/local_setup.bash
[0.356s] -- Up-to-date: /home/xiatenghui/work_space/mujoco_ws/install/mujoco_sim/share/mujoco_sim/local_setup.sh
[0.356s] -- Up-to-date: /home/xiatenghui/work_space/mujoco_ws/install/mujoco_sim/share/mujoco_sim/local_setup.zsh
[0.356s] -- Up-to-date: /home/xiatenghui/work_space/mujoco_ws/install/mujoco_sim/share/mujoco_sim/local_setup.dsv
[0.356s] -- Installing: /home/xiatenghui/work_space/mujoco_ws/install/mujoco_sim/share/mujoco_sim/package.dsv
[0.356s] -- Up-to-date: /home/xiatenghui/work_space/mujoco_ws/install/mujoco_sim/share/ament_index/resource_index/packages/mujoco_sim
[0.356s] -- Up-to-date: /home/xiatenghui/work_space/mujoco_ws/install/mujoco_sim/share/mujoco_sim/cmake/mujoco_simConfig.cmake
[0.356s] -- Up-to-date: /home/xiatenghui/work_space/mujoco_ws/install/mujoco_sim/share/mujoco_sim/cmake/mujoco_simConfig-version.cmake
[0.356s] -- Up-to-date: /home/xiatenghui/work_space/mujoco_ws/install/mujoco_sim/share/mujoco_sim/package.xml
[0.357s] Invoked command in '/home/xiatenghui/work_space/mujoco_ws/build/mujoco_sim' returned '0': CMAKE_PREFIX_PATH=${CMAKE_PREFIX_PATH}:/home/xiatenghui/work_space/mujoco_ws/install/ur5e_description:/home/xiatenghui/work_space/mujoco_ws/install/mujoco_py:/opt/ros/jazzy DEBUGINFOD_URLS=https://debuginfod.ubuntu.com /usr/bin/cmake --install /home/xiatenghui/work_space/mujoco_ws/build/mujoco_sim
