[ 40%] Built target flint_control
[100%] Built target ur5e_control
-- Install configuration: ""
-- Up-to-date: /home/xiatenghui/work_space/mujoco_ws/install/mujoco_sim/lib/mujoco_sim/ur5e_control
-- Up-to-date: /home/xiatenghui/work_space/mujoco_ws/install/mujoco_sim/lib/mujoco_sim/flint_control
-- Up-to-date: /home/xiatenghui/work_space/mujoco_ws/install/mujoco_sim/share/ament_index/resource_index/package_run_dependencies/mujoco_sim
-- Up-to-date: /home/xiatenghui/work_space/mujoco_ws/install/mujoco_sim/share/ament_index/resource_index/parent_prefix_path/mujoco_sim
-- Up-to-date: /home/xiatenghui/work_space/mujoco_ws/install/mujoco_sim/share/mujoco_sim/environment/ament_prefix_path.sh
-- Up-to-date: /home/xiatenghui/work_space/mujoco_ws/install/mujoco_sim/share/mujoco_sim/environment/ament_prefix_path.dsv
-- Up-to-date: /home/xiatenghui/work_space/mujoco_ws/install/mujoco_sim/share/mujoco_sim/environment/path.sh
-- Up-to-date: /home/xiatenghui/work_space/mujoco_ws/install/mujoco_sim/share/mujoco_sim/environment/path.dsv
-- Up-to-date: /home/xiatenghui/work_space/mujoco_ws/install/mujoco_sim/share/mujoco_sim/local_setup.bash
-- Up-to-date: /home/xiatenghui/work_space/mujoco_ws/install/mujoco_sim/share/mujoco_sim/local_setup.sh
-- Up-to-date: /home/xiatenghui/work_space/mujoco_ws/install/mujoco_sim/share/mujoco_sim/local_setup.zsh
-- Up-to-date: /home/xiatenghui/work_space/mujoco_ws/install/mujoco_sim/share/mujoco_sim/local_setup.dsv
-- Installing: /home/xiatenghui/work_space/mujoco_ws/install/mujoco_sim/share/mujoco_sim/package.dsv
-- Up-to-date: /home/xiatenghui/work_space/mujoco_ws/install/mujoco_sim/share/ament_index/resource_index/packages/mujoco_sim
-- Up-to-date: /home/xiatenghui/work_space/mujoco_ws/install/mujoco_sim/share/mujoco_sim/cmake/mujoco_simConfig.cmake
-- Up-to-date: /home/xiatenghui/work_space/mujoco_ws/install/mujoco_sim/share/mujoco_sim/cmake/mujoco_simConfig-version.cmake
-- Up-to-date: /home/xiatenghui/work_space/mujoco_ws/install/mujoco_sim/share/mujoco_sim/package.xml
