[0.651s] Invoking command in '/home/xiatenghui/work_space/mujoco_ws/src/ur5e_description': DEBUGINFOD_URLS=https://debuginfod.ubuntu.com PYTHONPATH=/home/xiatenghui/work_space/mujoco_ws/build/ur5e_description/prefix_override:/usr/lib/python3/dist-packages/colcon_core/task/python/colcon_distutils_commands:/home/xiatenghui/work_space/mujoco_ws/install/ur5e_description/lib/python3.12/site-packages:${PYTHONPATH} /usr/bin/python3 -W ignore:setup.py install is deprecated -W ignore:easy_install command is deprecated setup.py egg_info --egg-base ../../build/ur5e_description build --build-base /home/xiatenghui/work_space/mujoco_ws/build/ur5e_description/build install --record /home/xiatenghui/work_space/mujoco_ws/build/ur5e_description/install.log --single-version-externally-managed install_data
[0.845s] running egg_info
[0.845s] creating ../../build/ur5e_description/ur5e_description.egg-info
[0.859s] writing ../../build/ur5e_description/ur5e_description.egg-info/PKG-INFO
[0.859s] writing dependency_links to ../../build/ur5e_description/ur5e_description.egg-info/dependency_links.txt
[0.859s] writing requirements to ../../build/ur5e_description/ur5e_description.egg-info/requires.txt
[0.859s] writing top-level names to ../../build/ur5e_description/ur5e_description.egg-info/top_level.txt
[0.859s] writing manifest file '../../build/ur5e_description/ur5e_description.egg-info/SOURCES.txt'
[0.886s] reading manifest file '../../build/ur5e_description/ur5e_description.egg-info/SOURCES.txt'
[0.886s] writing manifest file '../../build/ur5e_description/ur5e_description.egg-info/SOURCES.txt'
[0.886s] running build
[0.886s] running build_py
[0.886s] creating /home/xiatenghui/work_space/mujoco_ws/build/ur5e_description/build
[0.886s] creating /home/xiatenghui/work_space/mujoco_ws/build/ur5e_description/build/lib
[0.886s] creating /home/xiatenghui/work_space/mujoco_ws/build/ur5e_description/build/lib/ur5e_description
[0.886s] copying ur5e_description/__init__.py -> /home/xiatenghui/work_space/mujoco_ws/build/ur5e_description/build/lib/ur5e_description
[0.886s] running install
[0.892s] running install_lib
[0.905s] creating /home/xiatenghui/work_space/mujoco_ws/install/ur5e_description/lib/python3.12/site-packages/ur5e_description
[0.905s] copying /home/xiatenghui/work_space/mujoco_ws/build/ur5e_description/build/lib/ur5e_description/__init__.py -> /home/xiatenghui/work_space/mujoco_ws/install/ur5e_description/lib/python3.12/site-packages/ur5e_description
[0.905s] byte-compiling /home/xiatenghui/work_space/mujoco_ws/install/ur5e_description/lib/python3.12/site-packages/ur5e_description/__init__.py to __init__.cpython-312.pyc
[0.905s] running install_data
[0.906s] creating /home/xiatenghui/work_space/mujoco_ws/install/ur5e_description/share/ament_index
[0.906s] creating /home/xiatenghui/work_space/mujoco_ws/install/ur5e_description/share/ament_index/resource_index
[0.906s] creating /home/xiatenghui/work_space/mujoco_ws/install/ur5e_description/share/ament_index/resource_index/packages
[0.906s] copying resource/ur5e_description -> /home/xiatenghui/work_space/mujoco_ws/install/ur5e_description/share/ament_index/resource_index/packages
[0.906s] copying package.xml -> /home/xiatenghui/work_space/mujoco_ws/install/ur5e_description/share/ur5e_description
[0.906s] running install_egg_info
[0.920s] Copying ../../build/ur5e_description/ur5e_description.egg-info to /home/xiatenghui/work_space/mujoco_ws/install/ur5e_description/lib/python3.12/site-packages/ur5e_description-0.0.0-py3.12.egg-info
[0.921s] running install_scripts
[1.012s] writing list of installed files to '/home/xiatenghui/work_space/mujoco_ws/build/ur5e_description/install.log'
[1.033s] Invoked command in '/home/xiatenghui/work_space/mujoco_ws/src/ur5e_description' returned '0': DEBUGINFOD_URLS=https://debuginfod.ubuntu.com PYTHONPATH=/home/xiatenghui/work_space/mujoco_ws/build/ur5e_description/prefix_override:/usr/lib/python3/dist-packages/colcon_core/task/python/colcon_distutils_commands:/home/xiatenghui/work_space/mujoco_ws/install/ur5e_description/lib/python3.12/site-packages:${PYTHONPATH} /usr/bin/python3 -W ignore:setup.py install is deprecated -W ignore:easy_install command is deprecated setup.py egg_info --egg-base ../../build/ur5e_description build --build-base /home/xiatenghui/work_space/mujoco_ws/build/ur5e_description/build install --record /home/xiatenghui/work_space/mujoco_ws/build/ur5e_description/install.log --single-version-externally-managed install_data
