[0.067s] DEBUG:colcon:Command line arguments: ['/usr/bin/colcon', 'build']
[0.068s] DEBUG:colcon:Parsed command line arguments: Namespace(log_base=None, log_level=None, verb_name='build', build_base='build', install_base='install', merge_install=False, symlink_install=False, test_result_base=None, continue_on_error=False, executor='parallel', parallel_workers=24, event_handlers=None, ignore_user_meta=False, metas=['./colcon.meta'], base_paths=['.'], packages_ignore=None, packages_ignore_regex=None, paths=None, packages_up_to=None, packages_up_to_regex=None, packages_above=None, packages_above_and_dependencies=None, packages_above_depth=None, packages_select_by_dep=None, packages_skip_by_dep=None, packages_skip_up_to=None, packages_select_build_failed=False, packages_skip_build_finished=False, packages_select_test_failures=False, packages_skip_test_passed=False, packages_select=None, packages_skip=None, packages_select_regex=None, packages_skip_regex=None, packages_start=None, packages_end=None, allow_overriding=[], cmake_args=None, cmake_target=None, cmake_target_skip_unavailable=False, cmake_clean_cache=False, cmake_clean_first=False, cmake_force_configure=False, ament_cmake_args=None, catkin_cmake_args=None, catkin_skip_building_tests=False, verb_parser=<colcon_defaults.argument_parser.defaults.DefaultArgumentsDecorator object at 0x7086e31976b0>, verb_extension=<colcon_core.verb.build.BuildVerb object at 0x7086e3197590>, main=<bound method BuildVerb.main of <colcon_core.verb.build.BuildVerb object at 0x7086e3197590>>)
[0.093s] Level 1:colcon.colcon_core.package_discovery:discover_packages(colcon_meta) check parameters
[0.093s] Level 1:colcon.colcon_core.package_discovery:discover_packages(recursive) check parameters
[0.093s] Level 1:colcon.colcon_core.package_discovery:discover_packages(ignore) check parameters
[0.093s] Level 1:colcon.colcon_core.package_discovery:discover_packages(path) check parameters
[0.093s] Level 1:colcon.colcon_core.package_discovery:discover_packages(colcon_meta) discover
[0.093s] Level 1:colcon.colcon_core.package_discovery:discover_packages(recursive) discover
[0.093s] INFO:colcon.colcon_core.package_discovery:Crawling recursively for packages in '/home/xiatenghui/workspace/mujoco_ws'
[0.093s] Level 1:colcon.colcon_core.package_identification:_identify(.) by extensions ['ignore', 'ignore_ament_install']
[0.093s] Level 1:colcon.colcon_core.package_identification:_identify(.) by extension 'ignore'
[0.093s] Level 1:colcon.colcon_core.package_identification:_identify(.) by extension 'ignore_ament_install'
[0.093s] Level 1:colcon.colcon_core.package_identification:_identify(.) by extensions ['colcon_pkg']
[0.093s] Level 1:colcon.colcon_core.package_identification:_identify(.) by extension 'colcon_pkg'
[0.093s] Level 1:colcon.colcon_core.package_identification:_identify(.) by extensions ['colcon_meta']
[0.093s] Level 1:colcon.colcon_core.package_identification:_identify(.) by extension 'colcon_meta'
[0.093s] Level 1:colcon.colcon_core.package_identification:_identify(.) by extensions ['ros']
[0.093s] Level 1:colcon.colcon_core.package_identification:_identify(.) by extension 'ros'
[0.111s] Level 1:colcon.colcon_core.package_identification:_identify(.) by extensions ['cmake', 'python']
[0.111s] Level 1:colcon.colcon_core.package_identification:_identify(.) by extension 'cmake'
[0.111s] Level 1:colcon.colcon_core.package_identification:_identify(.) by extension 'python'
[0.111s] Level 1:colcon.colcon_core.package_identification:_identify(.) by extensions ['python_setup_py']
[0.111s] Level 1:colcon.colcon_core.package_identification:_identify(.) by extension 'python_setup_py'
[0.111s] Level 1:colcon.colcon_core.package_identification:_identify(build) by extensions ['ignore', 'ignore_ament_install']
[0.111s] Level 1:colcon.colcon_core.package_identification:_identify(build) by extension 'ignore'
[0.111s] Level 1:colcon.colcon_core.package_identification:_identify(build) ignored
[0.111s] Level 1:colcon.colcon_core.package_identification:_identify(install) by extensions ['ignore', 'ignore_ament_install']
[0.111s] Level 1:colcon.colcon_core.package_identification:_identify(install) by extension 'ignore'
[0.111s] Level 1:colcon.colcon_core.package_identification:_identify(install) ignored
[0.111s] Level 1:colcon.colcon_core.package_identification:_identify(log) by extensions ['ignore', 'ignore_ament_install']
[0.111s] Level 1:colcon.colcon_core.package_identification:_identify(log) by extension 'ignore'
[0.111s] Level 1:colcon.colcon_core.package_identification:_identify(log) ignored
[0.111s] Level 1:colcon.colcon_core.package_identification:_identify(src) by extensions ['ignore', 'ignore_ament_install']
[0.111s] Level 1:colcon.colcon_core.package_identification:_identify(src) by extension 'ignore'
[0.111s] Level 1:colcon.colcon_core.package_identification:_identify(src) by extension 'ignore_ament_install'
[0.111s] Level 1:colcon.colcon_core.package_identification:_identify(src) by extensions ['colcon_pkg']
[0.111s] Level 1:colcon.colcon_core.package_identification:_identify(src) by extension 'colcon_pkg'
[0.111s] Level 1:colcon.colcon_core.package_identification:_identify(src) by extensions ['colcon_meta']
[0.111s] Level 1:colcon.colcon_core.package_identification:_identify(src) by extension 'colcon_meta'
[0.111s] Level 1:colcon.colcon_core.package_identification:_identify(src) by extensions ['ros']
[0.111s] Level 1:colcon.colcon_core.package_identification:_identify(src) by extension 'ros'
[0.112s] Level 1:colcon.colcon_core.package_identification:_identify(src) by extensions ['cmake', 'python']
[0.112s] Level 1:colcon.colcon_core.package_identification:_identify(src) by extension 'cmake'
[0.112s] Level 1:colcon.colcon_core.package_identification:_identify(src) by extension 'python'
[0.112s] Level 1:colcon.colcon_core.package_identification:_identify(src) by extensions ['python_setup_py']
[0.112s] Level 1:colcon.colcon_core.package_identification:_identify(src) by extension 'python_setup_py'
[0.112s] Level 1:colcon.colcon_core.package_identification:_identify(src/mujoco_sim) by extensions ['ignore', 'ignore_ament_install']
[0.112s] Level 1:colcon.colcon_core.package_identification:_identify(src/mujoco_sim) by extension 'ignore'
[0.112s] Level 1:colcon.colcon_core.package_identification:_identify(src/mujoco_sim) by extension 'ignore_ament_install'
[0.112s] Level 1:colcon.colcon_core.package_identification:_identify(src/mujoco_sim) by extensions ['colcon_pkg']
[0.112s] Level 1:colcon.colcon_core.package_identification:_identify(src/mujoco_sim) by extension 'colcon_pkg'
[0.112s] Level 1:colcon.colcon_core.package_identification:_identify(src/mujoco_sim) by extensions ['colcon_meta']
[0.112s] Level 1:colcon.colcon_core.package_identification:_identify(src/mujoco_sim) by extension 'colcon_meta'
[0.112s] Level 1:colcon.colcon_core.package_identification:_identify(src/mujoco_sim) by extensions ['ros']
[0.112s] Level 1:colcon.colcon_core.package_identification:_identify(src/mujoco_sim) by extension 'ros'
[0.114s] DEBUG:colcon.colcon_core.package_identification:Package 'src/mujoco_sim' with type 'ros.ament_cmake' and name 'mujoco_sim'
[0.114s] Level 1:colcon.colcon_core.package_discovery:discover_packages(recursive) using defaults
[0.114s] Level 1:colcon.colcon_core.package_discovery:discover_packages(ignore) discover
[0.114s] Level 1:colcon.colcon_core.package_discovery:discover_packages(ignore) using defaults
[0.114s] Level 1:colcon.colcon_core.package_discovery:discover_packages(path) discover
[0.114s] Level 1:colcon.colcon_core.package_discovery:discover_packages(path) using defaults
[0.126s] Level 1:colcon.colcon_core.package_discovery:discover_packages(prefix_path) check parameters
[0.126s] Level 1:colcon.colcon_core.package_discovery:discover_packages(prefix_path) discover
[0.128s] DEBUG:colcon.colcon_installed_package_information.package_discovery:Found 49 installed packages in /home/xiatenghui/ws_moveit/install
[0.129s] DEBUG:colcon.colcon_installed_package_information.package_discovery:Found 384 installed packages in /opt/ros/jazzy
[0.130s] Level 1:colcon.colcon_core.package_discovery:discover_packages(prefix_path) using defaults
[0.162s] Level 5:colcon.colcon_core.verb:set package 'mujoco_sim' build argument 'cmake_args' from command line to 'None'
[0.162s] Level 5:colcon.colcon_core.verb:set package 'mujoco_sim' build argument 'cmake_target' from command line to 'None'
[0.162s] Level 5:colcon.colcon_core.verb:set package 'mujoco_sim' build argument 'cmake_target_skip_unavailable' from command line to 'False'
[0.162s] Level 5:colcon.colcon_core.verb:set package 'mujoco_sim' build argument 'cmake_clean_cache' from command line to 'False'
[0.162s] Level 5:colcon.colcon_core.verb:set package 'mujoco_sim' build argument 'cmake_clean_first' from command line to 'False'
[0.162s] Level 5:colcon.colcon_core.verb:set package 'mujoco_sim' build argument 'cmake_force_configure' from command line to 'False'
[0.162s] Level 5:colcon.colcon_core.verb:set package 'mujoco_sim' build argument 'ament_cmake_args' from command line to 'None'
[0.162s] Level 5:colcon.colcon_core.verb:set package 'mujoco_sim' build argument 'catkin_cmake_args' from command line to 'None'
[0.162s] Level 5:colcon.colcon_core.verb:set package 'mujoco_sim' build argument 'catkin_skip_building_tests' from command line to 'False'
[0.162s] DEBUG:colcon.colcon_core.verb:Building package 'mujoco_sim' with the following arguments: {'ament_cmake_args': None, 'build_base': '/home/xiatenghui/workspace/mujoco_ws/build/mujoco_sim', 'catkin_cmake_args': None, 'catkin_skip_building_tests': False, 'cmake_args': None, 'cmake_clean_cache': False, 'cmake_clean_first': False, 'cmake_force_configure': False, 'cmake_target': None, 'cmake_target_skip_unavailable': False, 'install_base': '/home/xiatenghui/workspace/mujoco_ws/install/mujoco_sim', 'merge_install': False, 'path': '/home/xiatenghui/workspace/mujoco_ws/src/mujoco_sim', 'symlink_install': False, 'test_result_base': None}
[0.162s] INFO:colcon.colcon_core.executor:Executing jobs using 'parallel' executor
[0.163s] DEBUG:colcon.colcon_parallel_executor.executor.parallel:run_until_complete
[0.163s] INFO:colcon.colcon_ros.task.ament_cmake.build:Building ROS package in '/home/xiatenghui/workspace/mujoco_ws/src/mujoco_sim' with build type 'ament_cmake'
[0.163s] INFO:colcon.colcon_cmake.task.cmake.build:Building CMake package in '/home/xiatenghui/workspace/mujoco_ws/src/mujoco_sim'
[0.164s] INFO:colcon.colcon_core.plugin_system:Skipping extension 'colcon_core.shell.bat': Not used on non-Windows systems
[0.164s] INFO:colcon.colcon_core.shell:Skip shell extension 'powershell' for command environment: Not usable outside of PowerShell
[0.164s] DEBUG:colcon.colcon_core.shell:Skip shell extension 'dsv' for command environment
[0.173s] DEBUG:colcon.colcon_core.event_handler.log_command:Invoking command in '/home/xiatenghui/workspace/mujoco_ws/build/mujoco_sim': CMAKE_PREFIX_PATH=${CMAKE_PREFIX_PATH}:/home/xiatenghui/ws_moveit/install/moveit_configs_utils:/opt/ros/jazzy DEBUGINFOD_URLS=https://debuginfod.ubuntu.com /usr/bin/cmake --build /home/xiatenghui/workspace/mujoco_ws/build/mujoco_sim -- -j24 -l24
[0.764s] DEBUG:colcon.colcon_core.event_handler.log_command:Invoked command in '/home/xiatenghui/workspace/mujoco_ws/build/mujoco_sim' returned '0': CMAKE_PREFIX_PATH=${CMAKE_PREFIX_PATH}:/home/xiatenghui/ws_moveit/install/moveit_configs_utils:/opt/ros/jazzy DEBUGINFOD_URLS=https://debuginfod.ubuntu.com /usr/bin/cmake --build /home/xiatenghui/workspace/mujoco_ws/build/mujoco_sim -- -j24 -l24
[0.773s] DEBUG:colcon.colcon_core.event_handler.log_command:Invoking command in '/home/xiatenghui/workspace/mujoco_ws/build/mujoco_sim': CMAKE_PREFIX_PATH=${CMAKE_PREFIX_PATH}:/home/xiatenghui/ws_moveit/install/moveit_configs_utils:/opt/ros/jazzy DEBUGINFOD_URLS=https://debuginfod.ubuntu.com /usr/bin/cmake --install /home/xiatenghui/workspace/mujoco_ws/build/mujoco_sim
[0.781s] Level 1:colcon.colcon_core.environment:create_environment_scripts_only(mujoco_sim)
[0.781s] DEBUG:colcon.colcon_core.event_handler.log_command:Invoked command in '/home/xiatenghui/workspace/mujoco_ws/build/mujoco_sim' returned '0': CMAKE_PREFIX_PATH=${CMAKE_PREFIX_PATH}:/home/xiatenghui/ws_moveit/install/moveit_configs_utils:/opt/ros/jazzy DEBUGINFOD_URLS=https://debuginfod.ubuntu.com /usr/bin/cmake --install /home/xiatenghui/workspace/mujoco_ws/build/mujoco_sim
[0.782s] Level 1:colcon.colcon_core.environment:checking '/home/xiatenghui/workspace/mujoco_ws/install/mujoco_sim' for CMake module files
[0.782s] Level 1:colcon.colcon_core.environment:checking '/home/xiatenghui/workspace/mujoco_ws/install/mujoco_sim' for CMake config files
[0.783s] Level 1:colcon.colcon_core.shell:create_environment_hook('mujoco_sim', 'cmake_prefix_path')
[0.783s] INFO:colcon.colcon_core.shell:Creating environment hook '/home/xiatenghui/workspace/mujoco_ws/install/mujoco_sim/share/mujoco_sim/hook/cmake_prefix_path.ps1'
[0.783s] INFO:colcon.colcon_core.shell:Creating environment descriptor '/home/xiatenghui/workspace/mujoco_ws/install/mujoco_sim/share/mujoco_sim/hook/cmake_prefix_path.dsv'
[0.783s] INFO:colcon.colcon_core.shell:Creating environment hook '/home/xiatenghui/workspace/mujoco_ws/install/mujoco_sim/share/mujoco_sim/hook/cmake_prefix_path.sh'
[0.784s] Level 1:colcon.colcon_core.environment:checking '/home/xiatenghui/workspace/mujoco_ws/install/mujoco_sim/lib'
[0.784s] Level 1:colcon.colcon_core.environment:checking '/home/xiatenghui/workspace/mujoco_ws/install/mujoco_sim/bin'
[0.784s] Level 1:colcon.colcon_core.environment:checking '/home/xiatenghui/workspace/mujoco_ws/install/mujoco_sim/lib/pkgconfig/mujoco_sim.pc'
[0.784s] Level 1:colcon.colcon_core.environment:checking '/home/xiatenghui/workspace/mujoco_ws/install/mujoco_sim/lib/python3.12/site-packages'
[0.784s] Level 1:colcon.colcon_core.environment:checking '/home/xiatenghui/workspace/mujoco_ws/install/mujoco_sim/bin'
[0.784s] INFO:colcon.colcon_core.shell:Creating package script '/home/xiatenghui/workspace/mujoco_ws/install/mujoco_sim/share/mujoco_sim/package.ps1'
[0.785s] INFO:colcon.colcon_core.shell:Creating package descriptor '/home/xiatenghui/workspace/mujoco_ws/install/mujoco_sim/share/mujoco_sim/package.dsv'
[0.785s] INFO:colcon.colcon_core.shell:Creating package script '/home/xiatenghui/workspace/mujoco_ws/install/mujoco_sim/share/mujoco_sim/package.sh'
[0.785s] INFO:colcon.colcon_core.shell:Creating package script '/home/xiatenghui/workspace/mujoco_ws/install/mujoco_sim/share/mujoco_sim/package.bash'
[0.786s] INFO:colcon.colcon_core.shell:Creating package script '/home/xiatenghui/workspace/mujoco_ws/install/mujoco_sim/share/mujoco_sim/package.zsh'
[0.786s] Level 1:colcon.colcon_core.environment:create_file_with_runtime_dependencies(/home/xiatenghui/workspace/mujoco_ws/install/mujoco_sim/share/colcon-core/packages/mujoco_sim)
[0.786s] Level 1:colcon.colcon_core.environment:create_environment_scripts_only(mujoco_sim)
[0.786s] Level 1:colcon.colcon_core.environment:checking '/home/xiatenghui/workspace/mujoco_ws/install/mujoco_sim' for CMake module files
[0.787s] Level 1:colcon.colcon_core.environment:checking '/home/xiatenghui/workspace/mujoco_ws/install/mujoco_sim' for CMake config files
[0.787s] Level 1:colcon.colcon_core.shell:create_environment_hook('mujoco_sim', 'cmake_prefix_path')
[0.787s] INFO:colcon.colcon_core.shell:Creating environment hook '/home/xiatenghui/workspace/mujoco_ws/install/mujoco_sim/share/mujoco_sim/hook/cmake_prefix_path.ps1'
[0.787s] INFO:colcon.colcon_core.shell:Creating environment descriptor '/home/xiatenghui/workspace/mujoco_ws/install/mujoco_sim/share/mujoco_sim/hook/cmake_prefix_path.dsv'
[0.787s] INFO:colcon.colcon_core.shell:Creating environment hook '/home/xiatenghui/workspace/mujoco_ws/install/mujoco_sim/share/mujoco_sim/hook/cmake_prefix_path.sh'
[0.787s] Level 1:colcon.colcon_core.environment:checking '/home/xiatenghui/workspace/mujoco_ws/install/mujoco_sim/lib'
[0.788s] Level 1:colcon.colcon_core.environment:checking '/home/xiatenghui/workspace/mujoco_ws/install/mujoco_sim/bin'
[0.788s] Level 1:colcon.colcon_core.environment:checking '/home/xiatenghui/workspace/mujoco_ws/install/mujoco_sim/lib/pkgconfig/mujoco_sim.pc'
[0.788s] Level 1:colcon.colcon_core.environment:checking '/home/xiatenghui/workspace/mujoco_ws/install/mujoco_sim/lib/python3.12/site-packages'
[0.788s] Level 1:colcon.colcon_core.environment:checking '/home/xiatenghui/workspace/mujoco_ws/install/mujoco_sim/bin'
[0.788s] INFO:colcon.colcon_core.shell:Creating package script '/home/xiatenghui/workspace/mujoco_ws/install/mujoco_sim/share/mujoco_sim/package.ps1'
[0.788s] INFO:colcon.colcon_core.shell:Creating package descriptor '/home/xiatenghui/workspace/mujoco_ws/install/mujoco_sim/share/mujoco_sim/package.dsv'
[0.788s] INFO:colcon.colcon_core.shell:Creating package script '/home/xiatenghui/workspace/mujoco_ws/install/mujoco_sim/share/mujoco_sim/package.sh'
[0.789s] INFO:colcon.colcon_core.shell:Creating package script '/home/xiatenghui/workspace/mujoco_ws/install/mujoco_sim/share/mujoco_sim/package.bash'
[0.789s] INFO:colcon.colcon_core.shell:Creating package script '/home/xiatenghui/workspace/mujoco_ws/install/mujoco_sim/share/mujoco_sim/package.zsh'
[0.789s] Level 1:colcon.colcon_core.environment:create_file_with_runtime_dependencies(/home/xiatenghui/workspace/mujoco_ws/install/mujoco_sim/share/colcon-core/packages/mujoco_sim)
[0.789s] DEBUG:colcon.colcon_parallel_executor.executor.parallel:closing loop
[0.789s] DEBUG:colcon.colcon_parallel_executor.executor.parallel:loop closed
[0.789s] DEBUG:colcon.colcon_parallel_executor.executor.parallel:run_until_complete finished with '0'
[0.789s] DEBUG:colcon.colcon_core.event_reactor:joining thread
[0.793s] INFO:colcon.colcon_core.plugin_system:Skipping extension 'colcon_notification.desktop_notification.terminal_notifier': Not used on non-Darwin systems
[0.793s] INFO:colcon.colcon_core.plugin_system:Skipping extension 'colcon_notification.desktop_notification.win32': Not used on non-Windows systems
[0.793s] INFO:colcon.colcon_notification.desktop_notification:Sending desktop notification using 'notify2'
[0.801s] DEBUG:colcon.colcon_core.event_reactor:joined thread
[0.801s] INFO:colcon.colcon_core.shell:Creating prefix script '/home/xiatenghui/workspace/mujoco_ws/install/local_setup.ps1'
[0.802s] INFO:colcon.colcon_core.shell:Creating prefix util module '/home/xiatenghui/workspace/mujoco_ws/install/_local_setup_util_ps1.py'
[0.802s] INFO:colcon.colcon_core.shell:Creating prefix chain script '/home/xiatenghui/workspace/mujoco_ws/install/setup.ps1'
[0.804s] INFO:colcon.colcon_core.shell:Creating prefix script '/home/xiatenghui/workspace/mujoco_ws/install/local_setup.sh'
[0.804s] INFO:colcon.colcon_core.shell:Creating prefix util module '/home/xiatenghui/workspace/mujoco_ws/install/_local_setup_util_sh.py'
[0.804s] INFO:colcon.colcon_core.shell:Creating prefix chain script '/home/xiatenghui/workspace/mujoco_ws/install/setup.sh'
[0.805s] INFO:colcon.colcon_core.shell:Creating prefix script '/home/xiatenghui/workspace/mujoco_ws/install/local_setup.bash'
[0.806s] INFO:colcon.colcon_core.shell:Creating prefix chain script '/home/xiatenghui/workspace/mujoco_ws/install/setup.bash'
[0.807s] INFO:colcon.colcon_core.shell:Creating prefix script '/home/xiatenghui/workspace/mujoco_ws/install/local_setup.zsh'
[0.807s] INFO:colcon.colcon_core.shell:Creating prefix chain script '/home/xiatenghui/workspace/mujoco_ws/install/setup.zsh'
