/home/xiatenghui/work_space/mujoco_ws/install/ur5e_description/lib/python3.12/site-packages/ur5e_description/__init__.py
/home/xiatenghui/work_space/mujoco_ws/install/ur5e_description/lib/python3.12/site-packages/ur5e_description/__pycache__/__init__.cpython-312.pyc
/home/xiatenghui/work_space/mujoco_ws/install/ur5e_description/share/ament_index/resource_index/packages/ur5e_description
/home/xiatenghui/work_space/mujoco_ws/install/ur5e_description/share/ur5e_description/package.xml
/home/xiatenghui/work_space/mujoco_ws/install/ur5e_description/share/ur5e_description/launch
/home/xiatenghui/work_space/mujoco_ws/install/ur5e_description/share/ur5e_description/meshes/link2.STL
/home/xiatenghui/work_space/mujoco_ws/install/ur5e_description/share/ur5e_description/meshes/base_link.STL
/home/xiatenghui/work_space/mujoco_ws/install/ur5e_description/share/ur5e_description/meshes/link3.STL
/home/xiatenghui/work_space/mujoco_ws/install/ur5e_description/share/ur5e_description/meshes/link5.STL
/home/xiatenghui/work_space/mujoco_ws/install/ur5e_description/share/ur5e_description/meshes/link6.STL
/home/xiatenghui/work_space/mujoco_ws/install/ur5e_description/share/ur5e_description/meshes/link4.STL
/home/xiatenghui/work_space/mujoco_ws/install/ur5e_description/share/ur5e_description/meshes/link1.STL
/home/xiatenghui/work_space/mujoco_ws/install/ur5e_description/share/ur5e_description/urdf/ur5e_description (副本).xml
/home/xiatenghui/work_space/mujoco_ws/install/ur5e_description/share/ur5e_description/urdf/ur5e_description.csv
/home/xiatenghui/work_space/mujoco_ws/install/ur5e_description/share/ur5e_description/urdf/ur5e_description.xml
/home/xiatenghui/work_space/mujoco_ws/install/ur5e_description/share/ur5e_description/urdf/ur5e_description.urdf
/home/xiatenghui/work_space/mujoco_ws/install/ur5e_description/lib/python3.12/site-packages/ur5e_description-0.0.0-py3.12.egg-info/PKG-INFO
/home/xiatenghui/work_space/mujoco_ws/install/ur5e_description/lib/python3.12/site-packages/ur5e_description-0.0.0-py3.12.egg-info/dependency_links.txt
/home/xiatenghui/work_space/mujoco_ws/install/ur5e_description/lib/python3.12/site-packages/ur5e_description-0.0.0-py3.12.egg-info/zip-safe
/home/xiatenghui/work_space/mujoco_ws/install/ur5e_description/lib/python3.12/site-packages/ur5e_description-0.0.0-py3.12.egg-info/top_level.txt
/home/xiatenghui/work_space/mujoco_ws/install/ur5e_description/lib/python3.12/site-packages/ur5e_description-0.0.0-py3.12.egg-info/SOURCES.txt
/home/xiatenghui/work_space/mujoco_ws/install/ur5e_description/lib/python3.12/site-packages/ur5e_description-0.0.0-py3.12.egg-info/requires.txt
