[0.011s] Invoking command in '/home/xiatenghui/workspace/mujoco_ws/build/mujoco_sim': CMAKE_PREFIX_PATH=${CMAKE_PREFIX_PATH}:/home/xiatenghui/ws_moveit/install/moveit_configs_utils:/opt/ros/jazzy DEBUGINFOD_URLS=https://debuginfod.ubuntu.com /usr/bin/cmake --build /home/xiatenghui/workspace/mujoco_ws/build/mujoco_sim -- -j24 -l24
[0.032s] -- Found ament_cmake: 2.5.4 (/opt/ros/jazzy/share/ament_cmake/cmake)
[0.203s] -- Found rclcpp: 28.1.10 (/opt/ros/jazzy/share/rclcpp/cmake)
[0.223s] -- Found rosidl_generator_c: 4.6.5 (/opt/ros/jazzy/share/rosidl_generator_c/cmake)
[0.229s] -- Found rosidl_generator_cpp: 4.6.5 (/opt/ros/jazzy/share/rosidl_generator_cpp/cmake)
[0.239s] -- Using all available rosidl_typesupport_c: rosidl_typesupport_fastrtps_c;rosidl_typesupport_introspection_c
[0.249s] -- Using all available rosidl_typesupport_cpp: rosidl_typesupport_fastrtps_cpp;rosidl_typesupport_introspection_cpp
[0.294s] -- Found rmw_implementation_cmake: 7.3.2 (/opt/ros/jazzy/share/rmw_implementation_cmake/cmake)
[0.296s] -- Found rmw_fastrtps_cpp: 8.4.2 (/opt/ros/jazzy/share/rmw_fastrtps_cpp/cmake)
[0.348s] -- Using RMW implementation 'rmw_fastrtps_cpp' as default
[0.395s] -- Found sensor_msgs: 5.3.6 (/opt/ros/jazzy/share/sensor_msgs/cmake)
[0.447s] -- Found ament_lint_auto: 0.17.2 (/opt/ros/jazzy/share/ament_lint_auto/cmake)
[0.514s] -- Added test 'cppcheck' to perform static code analysis on C / C++ code
[0.514s] -- Configured cppcheck include dirs: 
[0.514s] -- Configured cppcheck exclude dirs and/or files: 
[0.514s] -- Added test 'lint_cmake' to check CMake code style
[0.515s] -- Added test 'uncrustify' to check C / C++ code style
[0.515s] -- Configured uncrustify additional arguments: 
[0.515s] -- Added test 'xmllint' to check XML markup files
[0.515s] -- Configuring done (0.5s)
[0.522s] -- Generating done (0.0s)
[0.525s] -- Build files have been written to: /home/xiatenghui/workspace/mujoco_ws/build/mujoco_sim
[0.562s] [ 50%] [32m[1mLinking CXX executable ur5e_control[0m
[0.662s] /usr/bin/ld: CMakeFiles/ur5e_control.dir/src/ur5e_control.cpp.o: in function `Ur5e_Node::run()':
[0.662s] ur5e_control.cpp:(.text._ZN9Ur5e_Node3runEv[_ZN9Ur5e_Node3runEv]+0x29): undefined reference to `glfwInit'
[0.662s] /usr/bin/ld: ur5e_control.cpp:(.text._ZN9Ur5e_Node3runEv[_ZN9Ur5e_Node3runEv]+0x222): undefined reference to `glfwCreateWindow'
[0.662s] /usr/bin/ld: ur5e_control.cpp:(.text._ZN9Ur5e_Node3runEv[_ZN9Ur5e_Node3runEv]+0x40b): undefined reference to `glfwTerminate'
[0.663s] /usr/bin/ld: ur5e_control.cpp:(.text._ZN9Ur5e_Node3runEv[_ZN9Ur5e_Node3runEv]+0x426): undefined reference to `glfwMakeContextCurrent'
[0.663s] /usr/bin/ld: ur5e_control.cpp:(.text._ZN9Ur5e_Node3runEv[_ZN9Ur5e_Node3runEv]+0x430): undefined reference to `glfwSwapInterval'
[0.663s] /usr/bin/ld: ur5e_control.cpp:(.text._ZN9Ur5e_Node3runEv[_ZN9Ur5e_Node3runEv]+0x435): undefined reference to `glfwGetTime'
[0.663s] /usr/bin/ld: ur5e_control.cpp:(.text._ZN9Ur5e_Node3runEv[_ZN9Ur5e_Node3runEv]+0x448): undefined reference to `glfwGetTime'
[0.663s] /usr/bin/ld: ur5e_control.cpp:(.text._ZN9Ur5e_Node3runEv[_ZN9Ur5e_Node3runEv]+0x492): undefined reference to `glfwWindowShouldClose'
[0.671s] collect2: error: ld returned 1 exit status
[0.672s] gmake[2]: *** [CMakeFiles/ur5e_control.dir/build.make:185：ur5e_control] 错误 1
[0.672s] gmake[1]: *** [CMakeFiles/Makefile2:137：CMakeFiles/ur5e_control.dir/all] 错误 2
[0.673s] gmake: *** [Makefile:146：all] 错误 2
[0.675s] Invoked command in '/home/xiatenghui/workspace/mujoco_ws/build/mujoco_sim' returned '2': CMAKE_PREFIX_PATH=${CMAKE_PREFIX_PATH}:/home/xiatenghui/ws_moveit/install/moveit_configs_utils:/opt/ros/jazzy DEBUGINFOD_URLS=https://debuginfod.ubuntu.com /usr/bin/cmake --build /home/xiatenghui/workspace/mujoco_ws/build/mujoco_sim -- -j24 -l24
