[0.010s] Invoking command in '/home/xiatenghui/workspace/mujoco_ws/build/mujoco_sim': CMAKE_PREFIX_PATH=${CMAKE_PREFIX_PATH}:/home/xiatenghui/ws_moveit/install/moveit_configs_utils:/opt/ros/jazzy DEBUGINFOD_URLS=https://debuginfod.ubuntu.com /usr/bin/cmake --build /home/xiatenghui/workspace/mujoco_ws/build/mujoco_sim -- -j24 -l24
[0.036s] -- Found ament_cmake: 2.5.4 (/opt/ros/jazzy/share/ament_cmake/cmake)
[0.207s] -- Found rclcpp: 28.1.10 (/opt/ros/jazzy/share/rclcpp/cmake)
[0.232s] -- Found rosidl_generator_c: 4.6.5 (/opt/ros/jazzy/share/rosidl_generator_c/cmake)
[0.240s] -- Found rosidl_generator_cpp: 4.6.5 (/opt/ros/jazzy/share/rosidl_generator_cpp/cmake)
[0.251s] -- Using all available rosidl_typesupport_c: rosidl_typesupport_fastrtps_c;rosidl_typesupport_introspection_c
[0.264s] -- Using all available rosidl_typesupport_cpp: rosidl_typesupport_fastrtps_cpp;rosidl_typesupport_introspection_cpp
[0.320s] -- Found rmw_implementation_cmake: 7.3.2 (/opt/ros/jazzy/share/rmw_implementation_cmake/cmake)
[0.322s] -- Found rmw_fastrtps_cpp: 8.4.2 (/opt/ros/jazzy/share/rmw_fastrtps_cpp/cmake)
[0.390s] -- Using RMW implementation 'rmw_fastrtps_cpp' as default
[0.442s] -- Found sensor_msgs: 5.3.6 (/opt/ros/jazzy/share/sensor_msgs/cmake)
[0.485s] -- Found ament_lint_auto: 0.17.2 (/opt/ros/jazzy/share/ament_lint_auto/cmake)
[0.549s] -- Added test 'cppcheck' to perform static code analysis on C / C++ code
[0.550s] -- Configured cppcheck include dirs: /home/xiatenghui/workspace/mujoco_ws/src/mujoco_sim/include
[0.550s] -- Configured cppcheck exclude dirs and/or files: 
[0.550s] -- Added test 'lint_cmake' to check CMake code style
[0.551s] -- Added test 'uncrustify' to check C / C++ code style
[0.551s] -- Configured uncrustify additional arguments: 
[0.551s] -- Added test 'xmllint' to check XML markup files
[0.552s] -- Configuring done (0.5s)
[0.560s] -- Generating done (0.0s)
[0.562s] -- Build files have been written to: /home/xiatenghui/workspace/mujoco_ws/build/mujoco_sim
[0.600s] [100%] Built target ur5e_control
[0.613s] Invoked command in '/home/xiatenghui/workspace/mujoco_ws/build/mujoco_sim' returned '0': CMAKE_PREFIX_PATH=${CMAKE_PREFIX_PATH}:/home/xiatenghui/ws_moveit/install/moveit_configs_utils:/opt/ros/jazzy DEBUGINFOD_URLS=https://debuginfod.ubuntu.com /usr/bin/cmake --build /home/xiatenghui/workspace/mujoco_ws/build/mujoco_sim -- -j24 -l24
[0.622s] Invoking command in '/home/xiatenghui/workspace/mujoco_ws/build/mujoco_sim': CMAKE_PREFIX_PATH=${CMAKE_PREFIX_PATH}:/home/xiatenghui/ws_moveit/install/moveit_configs_utils:/opt/ros/jazzy DEBUGINFOD_URLS=https://debuginfod.ubuntu.com /usr/bin/cmake --install /home/xiatenghui/workspace/mujoco_ws/build/mujoco_sim
[0.628s] -- Install configuration: ""
[0.628s] -- Up-to-date: /home/xiatenghui/workspace/mujoco_ws/install/mujoco_sim/lib/mujoco_sim/ur5e_control
[0.628s] -- Up-to-date: /home/xiatenghui/workspace/mujoco_ws/install/mujoco_sim/share/ament_index/resource_index/package_run_dependencies/mujoco_sim
[0.629s] -- Up-to-date: /home/xiatenghui/workspace/mujoco_ws/install/mujoco_sim/share/ament_index/resource_index/parent_prefix_path/mujoco_sim
[0.629s] -- Up-to-date: /home/xiatenghui/workspace/mujoco_ws/install/mujoco_sim/share/mujoco_sim/environment/ament_prefix_path.sh
[0.629s] -- Up-to-date: /home/xiatenghui/workspace/mujoco_ws/install/mujoco_sim/share/mujoco_sim/environment/ament_prefix_path.dsv
[0.629s] -- Up-to-date: /home/xiatenghui/workspace/mujoco_ws/install/mujoco_sim/share/mujoco_sim/environment/path.sh
[0.629s] -- Up-to-date: /home/xiatenghui/workspace/mujoco_ws/install/mujoco_sim/share/mujoco_sim/environment/path.dsv
[0.629s] -- Up-to-date: /home/xiatenghui/workspace/mujoco_ws/install/mujoco_sim/share/mujoco_sim/local_setup.bash
[0.629s] -- Up-to-date: /home/xiatenghui/workspace/mujoco_ws/install/mujoco_sim/share/mujoco_sim/local_setup.sh
[0.629s] -- Up-to-date: /home/xiatenghui/workspace/mujoco_ws/install/mujoco_sim/share/mujoco_sim/local_setup.zsh
[0.629s] -- Up-to-date: /home/xiatenghui/workspace/mujoco_ws/install/mujoco_sim/share/mujoco_sim/local_setup.dsv
[0.629s] -- Installing: /home/xiatenghui/workspace/mujoco_ws/install/mujoco_sim/share/mujoco_sim/package.dsv
[0.629s] -- Up-to-date: /home/xiatenghui/workspace/mujoco_ws/install/mujoco_sim/share/ament_index/resource_index/packages/mujoco_sim
[0.629s] -- Up-to-date: /home/xiatenghui/workspace/mujoco_ws/install/mujoco_sim/share/mujoco_sim/cmake/mujoco_simConfig.cmake
[0.629s] -- Up-to-date: /home/xiatenghui/workspace/mujoco_ws/install/mujoco_sim/share/mujoco_sim/cmake/mujoco_simConfig-version.cmake
[0.629s] -- Up-to-date: /home/xiatenghui/workspace/mujoco_ws/install/mujoco_sim/share/mujoco_sim/package.xml
[0.630s] Invoked command in '/home/xiatenghui/workspace/mujoco_ws/build/mujoco_sim' returned '0': CMAKE_PREFIX_PATH=${CMAKE_PREFIX_PATH}:/home/xiatenghui/ws_moveit/install/moveit_configs_utils:/opt/ros/jazzy DEBUGINFOD_URLS=https://debuginfod.ubuntu.com /usr/bin/cmake --install /home/xiatenghui/workspace/mujoco_ws/build/mujoco_sim
