[0.009s] Invoking command in '/home/xiatenghui/workspace/mujoco_ws/build/mujoco_sim': CMAKE_PREFIX_PATH=${CMAKE_PREFIX_PATH}:/home/xiatenghui/ws_moveit/install/moveit_configs_utils:/opt/ros/jazzy DEBUGINFOD_URLS=https://debuginfod.ubuntu.com /usr/bin/cmake --build /home/xiatenghui/workspace/mujoco_ws/build/mujoco_sim -- -j24 -l24
[0.031s] -- Found ament_cmake: 2.5.4 (/opt/ros/jazzy/share/ament_cmake/cmake)
[0.204s] -- Found rclcpp: 28.1.10 (/opt/ros/jazzy/share/rclcpp/cmake)
[0.224s] -- Found rosidl_generator_c: 4.6.5 (/opt/ros/jazzy/share/rosidl_generator_c/cmake)
[0.230s] -- Found rosidl_generator_cpp: 4.6.5 (/opt/ros/jazzy/share/rosidl_generator_cpp/cmake)
[0.240s] -- Using all available rosidl_typesupport_c: rosidl_typesupport_fastrtps_c;rosidl_typesupport_introspection_c
[0.250s] -- Using all available rosidl_typesupport_cpp: rosidl_typesupport_fastrtps_cpp;rosidl_typesupport_introspection_cpp
[0.295s] -- Found rmw_implementation_cmake: 7.3.2 (/opt/ros/jazzy/share/rmw_implementation_cmake/cmake)
[0.297s] -- Found rmw_fastrtps_cpp: 8.4.2 (/opt/ros/jazzy/share/rmw_fastrtps_cpp/cmake)
[0.353s] -- Using RMW implementation 'rmw_fastrtps_cpp' as default
[0.400s] -- Found sensor_msgs: 5.3.6 (/opt/ros/jazzy/share/sensor_msgs/cmake)
[0.450s] [31mCMake Error at CMakeLists.txt:23 (find_package):
[0.450s]   By not providing "FindZippy.cmake" in CMAKE_MODULE_PATH this project has
[0.450s]   asked CMake to find a package configuration file provided by "Zippy", but
[0.451s]   CMake did not find one.
[0.451s] 
[0.451s]   Could not find a package configuration file provided by "Zippy" with any of
[0.451s]   the following names:
[0.451s] 
[0.451s]     ZippyConfig.cmake
[0.451s]     zippy-config.cmake
[0.451s] 
[0.451s]   Add the installation prefix of "Zippy" to CMAKE_PREFIX_PATH or set
[0.451s]   "Zippy_DIR" to a directory containing one of the above files.  If "Zippy"
[0.451s]   provides a separate development package or SDK, be sure it has been
[0.451s]   installed.
[0.451s] 
[0.451s] [0m
[0.451s] -- Configuring incomplete, errors occurred!
[0.455s] gmake: *** [Makefile:267：cmake_check_build_system] 错误 1
[0.456s] Invoked command in '/home/xiatenghui/workspace/mujoco_ws/build/mujoco_sim' returned '2': CMAKE_PREFIX_PATH=${CMAKE_PREFIX_PATH}:/home/xiatenghui/ws_moveit/install/moveit_configs_utils:/opt/ros/jazzy DEBUGINFOD_URLS=https://debuginfod.ubuntu.com /usr/bin/cmake --build /home/xiatenghui/workspace/mujoco_ws/build/mujoco_sim -- -j24 -l24
