/usr/bin/ld: /usr/local/lib/libOpenXLSX.a(XLZipArchive.cpp.o): in function `OpenXLSX::XLZipArchive::close()':
XLZipArchive.cpp:(.text+0x645): undefined reference to `mz_zip_reader_end'
/usr/bin/ld: /usr/local/lib/libOpenXLSX.a(XLZipArchive.cpp.o): in function `Zippy::ZipArchive::~ZipArchive()':
XLZipArchive.cpp:(.text._ZN5Zippy10ZipArchiveD2Ev[_ZN5Zippy10ZipArchiveD5Ev]+0x18d): undefined reference to `mz_zip_reader_end'
/usr/bin/ld: /usr/local/lib/libOpenXLSX.a(XLZipArchive.cpp.o): in function `Zippy::ZipArchive::~ZipArchive()':
XLZipArchive.cpp:(.text._ZN5Zippy10ZipArchiveD0Ev[_ZN5Zippy10ZipArchiveD5Ev]+0x195): undefined reference to `mz_zip_reader_end'
/usr/bin/ld: /usr/local/lib/libOpenXLSX.a(XLZipArchive.cpp.o): in function `std::_Sp_counted_ptr_inplace<Zippy::ZipArchive, std::allocator<void>, (__gnu_cxx::_Lock_policy)2>::_M_dispose()':
XLZipArchive.cpp:(.text._ZNSt23_Sp_counted_ptr_inplaceIN5Zippy10ZipArchiveESaIvELN9__gnu_cxx12_Lock_policyE2EE10_M_disposeEv[_ZNSt23_Sp_counted_ptr_inplaceIN5Zippy10ZipArchiveESaIvELN9__gnu_cxx12_Lock_policyE2EE10_M_disposeEv]+0x19d): undefined reference to `mz_zip_reader_end'
/usr/bin/ld: /usr/local/lib/libOpenXLSX.a(XLZipArchive.cpp.o): in function `Zippy::ZipArchive::GetEntry(std::__cxx11::basic_string<char, std::char_traits<char>, std::allocator<char> > const&)':
XLZipArchive.cpp:(.text._ZN5Zippy10ZipArchive8GetEntryERKNSt7__cxx1112basic_stringIcSt11char_traitsIcESaIcEEE[_ZN5Zippy10ZipArchive8GetEntryERKNSt7__cxx1112basic_stringIcSt11char_traitsIcESaIcEEE]+0x693): undefined reference to `mz_zip_reader_extract_file_to_mem'
/usr/bin/ld: XLZipArchive.cpp:(.text._ZN5Zippy10ZipArchive8GetEntryERKNSt7__cxx1112basic_stringIcSt11char_traitsIcESaIcEEE[_ZN5Zippy10ZipArchive8GetEntryERKNSt7__cxx1112basic_stringIcSt11char_traitsIcESaIcEEE]+0xa21): undefined reference to `mz_zip_get_error_string'
/usr/bin/ld: /usr/local/lib/libOpenXLSX.a(XLZipArchive.cpp.o): in function `Zippy::ZipArchive::Open(std::__cxx11::basic_string<char, std::char_traits<char>, std::allocator<char> > const&)':
XLZipArchive.cpp:(.text._ZN5Zippy10ZipArchive4OpenERKNSt7__cxx1112basic_stringIcSt11char_traitsIcESaIcEEE[_ZN5Zippy10ZipArchive4OpenERKNSt7__cxx1112basic_stringIcSt11char_traitsIcESaIcEEE]+0x4f): undefined reference to `mz_zip_reader_init_file'
/usr/bin/ld: XLZipArchive.cpp:(.text._ZN5Zippy10ZipArchive4OpenERKNSt7__cxx1112basic_stringIcSt11char_traitsIcESaIcEEE[_ZN5Zippy10ZipArchive4OpenERKNSt7__cxx1112basic_stringIcSt11char_traitsIcESaIcEEE]+0xad): undefined reference to `mz_zip_reader_get_num_files'
/usr/bin/ld: XLZipArchive.cpp:(.text._ZN5Zippy10ZipArchive4OpenERKNSt7__cxx1112basic_stringIcSt11char_traitsIcESaIcEEE[_ZN5Zippy10ZipArchive4OpenERKNSt7__cxx1112basic_stringIcSt11char_traitsIcESaIcEEE]+0xca): undefined reference to `mz_zip_reader_file_stat'
/usr/bin/ld: XLZipArchive.cpp:(.text._ZN5Zippy10ZipArchive4OpenERKNSt7__cxx1112basic_stringIcSt11char_traitsIcESaIcEEE[_ZN5Zippy10ZipArchive4OpenERKNSt7__cxx1112basic_stringIcSt11char_traitsIcESaIcEEE]+0x979): undefined reference to `mz_zip_reader_end'
/usr/bin/ld: XLZipArchive.cpp:(.text._ZN5Zippy10ZipArchive4OpenERKNSt7__cxx1112basic_stringIcSt11char_traitsIcESaIcEEE[_ZN5Zippy10ZipArchive4OpenERKNSt7__cxx1112basic_stringIcSt11char_traitsIcESaIcEEE]+0xace): undefined reference to `mz_zip_get_error_string'
/usr/bin/ld: XLZipArchive.cpp:(.text._ZN5Zippy10ZipArchive4OpenERKNSt7__cxx1112basic_stringIcSt11char_traitsIcESaIcEEE[_ZN5Zippy10ZipArchive4OpenERKNSt7__cxx1112basic_stringIcSt11char_traitsIcESaIcEEE]+0xbc4): undefined reference to `mz_zip_get_error_string'
/usr/bin/ld: /usr/local/lib/libOpenXLSX.a(XLZipArchive.cpp.o): in function `Zippy::ZipArchive::Save(std::__cxx11::basic_string<char, std::char_traits<char>, std::allocator<char> >)':
XLZipArchive.cpp:(.text._ZN5Zippy10ZipArchive4SaveENSt7__cxx1112basic_stringIcSt11char_traitsIcESaIcEEE[_ZN5Zippy10ZipArchive4SaveENSt7__cxx1112basic_stringIcSt11char_traitsIcESaIcEEE]+0x31d): undefined reference to `mz_zip_writer_init_file'
/usr/bin/ld: XLZipArchive.cpp:(.text._ZN5Zippy10ZipArchive4SaveENSt7__cxx1112basic_stringIcSt11char_traitsIcESaIcEEE[_ZN5Zippy10ZipArchive4SaveENSt7__cxx1112basic_stringIcSt11char_traitsIcESaIcEEE]+0x365): undefined reference to `mz_zip_writer_add_from_zip_reader'
/usr/bin/ld: XLZipArchive.cpp:(.text._ZN5Zippy10ZipArchive4SaveENSt7__cxx1112basic_stringIcSt11char_traitsIcESaIcEEE[_ZN5Zippy10ZipArchive4SaveENSt7__cxx1112basic_stringIcSt11char_traitsIcESaIcEEE]+0x411): undefined reference to `mz_zip_writer_add_mem'
/usr/bin/ld: XLZipArchive.cpp:(.text._ZN5Zippy10ZipArchive4SaveENSt7__cxx1112basic_stringIcSt11char_traitsIcESaIcEEE[_ZN5Zippy10ZipArchive4SaveENSt7__cxx1112basic_stringIcSt11char_traitsIcESaIcEEE]+0x450): undefined reference to `mz_zip_get_error_string'
/usr/bin/ld: XLZipArchive.cpp:(.text._ZN5Zippy10ZipArchive4SaveENSt7__cxx1112basic_stringIcSt11char_traitsIcESaIcEEE[_ZN5Zippy10ZipArchive4SaveENSt7__cxx1112basic_stringIcSt11char_traitsIcESaIcEEE]+0x50d): undefined reference to `mz_zip_writer_finalize_archive'
/usr/bin/ld: XLZipArchive.cpp:(.text._ZN5Zippy10ZipArchive4SaveENSt7__cxx1112basic_stringIcSt11char_traitsIcESaIcEEE[_ZN5Zippy10ZipArchive4SaveENSt7__cxx1112basic_stringIcSt11char_traitsIcESaIcEEE]+0x516): undefined reference to `mz_zip_writer_end'
/usr/bin/ld: XLZipArchive.cpp:(.text._ZN5Zippy10ZipArchive4SaveENSt7__cxx1112basic_stringIcSt11char_traitsIcESaIcEEE[_ZN5Zippy10ZipArchive4SaveENSt7__cxx1112basic_stringIcSt11char_traitsIcESaIcEEE]+0x52a): undefined reference to `mz_zip_validate_file_archive'
/usr/bin/ld: XLZipArchive.cpp:(.text._ZN5Zippy10ZipArchive4SaveENSt7__cxx1112basic_stringIcSt11char_traitsIcESaIcEEE[_ZN5Zippy10ZipArchive4SaveENSt7__cxx1112basic_stringIcSt11char_traitsIcESaIcEEE]+0xc46): undefined reference to `mz_zip_reader_end'
/usr/bin/ld: XLZipArchive.cpp:(.text._ZN5Zippy10ZipArchive4SaveENSt7__cxx1112basic_stringIcSt11char_traitsIcESaIcEEE[_ZN5Zippy10ZipArchive4SaveENSt7__cxx1112basic_stringIcSt11char_traitsIcESaIcEEE]+0x10fb): undefined reference to `mz_zip_get_error_string'
/usr/bin/ld: XLZipArchive.cpp:(.text._ZN5Zippy10ZipArchive4SaveENSt7__cxx1112basic_stringIcSt11char_traitsIcESaIcEEE[_ZN5Zippy10ZipArchive4SaveENSt7__cxx1112basic_stringIcSt11char_traitsIcESaIcEEE]+0x12af): undefined reference to `mz_zip_get_error_string'
/usr/bin/ld: XLZipArchive.cpp:(.text._ZN5Zippy10ZipArchive4SaveENSt7__cxx1112basic_stringIcSt11char_traitsIcESaIcEEE[_ZN5Zippy10ZipArchive4SaveENSt7__cxx1112basic_stringIcSt11char_traitsIcESaIcEEE]+0x1374): undefined reference to `mz_zip_get_error_string'
collect2: error: ld returned 1 exit status
gmake[2]: *** [CMakeFiles/ur5e_control.dir/build.make:187：ur5e_control] 错误 1
gmake[1]: *** [CMakeFiles/Makefile2:137：CMakeFiles/ur5e_control.dir/all] 错误 2
gmake: *** [Makefile:146：all] 错误 2
