[0.010s] Invoking command in '/home/xiatenghui/workspace/mujoco_ws/build/mujoco_sim': CMAKE_PREFIX_PATH=${CMAKE_PREFIX_PATH}:/home/xiatenghui/ws_moveit/install/moveit_configs_utils:/opt/ros/jazzy DEBUGINFOD_URLS=https://debuginfod.ubuntu.com /usr/bin/cmake --build /home/xiatenghui/workspace/mujoco_ws/build/mujoco_sim -- -j24 -l24
[0.032s] -- Found ament_cmake: 2.5.4 (/opt/ros/jazzy/share/ament_cmake/cmake)
[0.195s] -- Found rclcpp: 28.1.10 (/opt/ros/jazzy/share/rclcpp/cmake)
[0.216s] -- Found rosidl_generator_c: 4.6.5 (/opt/ros/jazzy/share/rosidl_generator_c/cmake)
[0.223s] -- Found rosidl_generator_cpp: 4.6.5 (/opt/ros/jazzy/share/rosidl_generator_cpp/cmake)
[0.232s] -- Using all available rosidl_typesupport_c: rosidl_typesupport_fastrtps_c;rosidl_typesupport_introspection_c
[0.243s] -- Using all available rosidl_typesupport_cpp: rosidl_typesupport_fastrtps_cpp;rosidl_typesupport_introspection_cpp
[0.288s] -- Found rmw_implementation_cmake: 7.3.2 (/opt/ros/jazzy/share/rmw_implementation_cmake/cmake)
[0.290s] -- Found rmw_fastrtps_cpp: 8.4.2 (/opt/ros/jazzy/share/rmw_fastrtps_cpp/cmake)
[0.345s] -- Using RMW implementation 'rmw_fastrtps_cpp' as default
[0.392s] -- Found sensor_msgs: 5.3.6 (/opt/ros/jazzy/share/sensor_msgs/cmake)
[0.436s] -- Found ament_lint_auto: 0.17.2 (/opt/ros/jazzy/share/ament_lint_auto/cmake)
[0.506s] -- Added test 'cppcheck' to perform static code analysis on C / C++ code
[0.506s] -- Configured cppcheck include dirs: /home/xiatenghui/workspace/mujoco_ws/src/mujoco_sim/include
[0.506s] -- Configured cppcheck exclude dirs and/or files: 
[0.506s] -- Added test 'lint_cmake' to check CMake code style
[0.507s] -- Added test 'uncrustify' to check C / C++ code style
[0.507s] -- Configured uncrustify additional arguments: 
[0.507s] -- Added test 'xmllint' to check XML markup files
[0.507s] -- Configuring done (0.5s)
[0.514s] -- Generating done (0.0s)
[0.517s] -- Build files have been written to: /home/xiatenghui/workspace/mujoco_ws/build/mujoco_sim
[0.555s] [ 50%] [32m[1mLinking CXX executable ur5e_control[0m
[0.694s] /usr/bin/ld: /usr/local/lib/libOpenXLSX.a(XLZipArchive.cpp.o): in function `OpenXLSX::XLZipArchive::close()':
[0.694s] XLZipArchive.cpp:(.text+0x645): undefined reference to `mz_zip_reader_end'
[0.695s] /usr/bin/ld: /usr/local/lib/libOpenXLSX.a(XLZipArchive.cpp.o): in function `Zippy::ZipArchive::~ZipArchive()':
[0.695s] XLZipArchive.cpp:(.text._ZN5Zippy10ZipArchiveD2Ev[_ZN5Zippy10ZipArchiveD5Ev]+0x18d): undefined reference to `mz_zip_reader_end'
[0.695s] /usr/bin/ld: /usr/local/lib/libOpenXLSX.a(XLZipArchive.cpp.o): in function `Zippy::ZipArchive::~ZipArchive()':
[0.695s] XLZipArchive.cpp:(.text._ZN5Zippy10ZipArchiveD0Ev[_ZN5Zippy10ZipArchiveD5Ev]+0x195): undefined reference to `mz_zip_reader_end'
[0.695s] /usr/bin/ld: /usr/local/lib/libOpenXLSX.a(XLZipArchive.cpp.o): in function `std::_Sp_counted_ptr_inplace<Zippy::ZipArchive, std::allocator<void>, (__gnu_cxx::_Lock_policy)2>::_M_dispose()':
[0.695s] XLZipArchive.cpp:(.text._ZNSt23_Sp_counted_ptr_inplaceIN5Zippy10ZipArchiveESaIvELN9__gnu_cxx12_Lock_policyE2EE10_M_disposeEv[_ZNSt23_Sp_counted_ptr_inplaceIN5Zippy10ZipArchiveESaIvELN9__gnu_cxx12_Lock_policyE2EE10_M_disposeEv]+0x19d): undefined reference to `mz_zip_reader_end'
[0.695s] /usr/bin/ld: /usr/local/lib/libOpenXLSX.a(XLZipArchive.cpp.o): in function `Zippy::ZipArchive::GetEntry(std::__cxx11::basic_string<char, std::char_traits<char>, std::allocator<char> > const&)':
[0.695s] XLZipArchive.cpp:(.text._ZN5Zippy10ZipArchive8GetEntryERKNSt7__cxx1112basic_stringIcSt11char_traitsIcESaIcEEE[_ZN5Zippy10ZipArchive8GetEntryERKNSt7__cxx1112basic_stringIcSt11char_traitsIcESaIcEEE]+0x693): undefined reference to `mz_zip_reader_extract_file_to_mem'
[0.695s] /usr/bin/ld: XLZipArchive.cpp:(.text._ZN5Zippy10ZipArchive8GetEntryERKNSt7__cxx1112basic_stringIcSt11char_traitsIcESaIcEEE[_ZN5Zippy10ZipArchive8GetEntryERKNSt7__cxx1112basic_stringIcSt11char_traitsIcESaIcEEE]+0xa21): undefined reference to `mz_zip_get_error_string'
[0.695s] /usr/bin/ld: /usr/local/lib/libOpenXLSX.a(XLZipArchive.cpp.o): in function `Zippy::ZipArchive::Open(std::__cxx11::basic_string<char, std::char_traits<char>, std::allocator<char> > const&)':
[0.695s] XLZipArchive.cpp:(.text._ZN5Zippy10ZipArchive4OpenERKNSt7__cxx1112basic_stringIcSt11char_traitsIcESaIcEEE[_ZN5Zippy10ZipArchive4OpenERKNSt7__cxx1112basic_stringIcSt11char_traitsIcESaIcEEE]+0x4f): undefined reference to `mz_zip_reader_init_file'
[0.695s] /usr/bin/ld: XLZipArchive.cpp:(.text._ZN5Zippy10ZipArchive4OpenERKNSt7__cxx1112basic_stringIcSt11char_traitsIcESaIcEEE[_ZN5Zippy10ZipArchive4OpenERKNSt7__cxx1112basic_stringIcSt11char_traitsIcESaIcEEE]+0xad): undefined reference to `mz_zip_reader_get_num_files'
[0.695s] /usr/bin/ld: XLZipArchive.cpp:(.text._ZN5Zippy10ZipArchive4OpenERKNSt7__cxx1112basic_stringIcSt11char_traitsIcESaIcEEE[_ZN5Zippy10ZipArchive4OpenERKNSt7__cxx1112basic_stringIcSt11char_traitsIcESaIcEEE]+0xca): undefined reference to `mz_zip_reader_file_stat'
[0.695s] /usr/bin/ld: XLZipArchive.cpp:(.text._ZN5Zippy10ZipArchive4OpenERKNSt7__cxx1112basic_stringIcSt11char_traitsIcESaIcEEE[_ZN5Zippy10ZipArchive4OpenERKNSt7__cxx1112basic_stringIcSt11char_traitsIcESaIcEEE]+0x979): undefined reference to `mz_zip_reader_end'
[0.695s] /usr/bin/ld: XLZipArchive.cpp:(.text._ZN5Zippy10ZipArchive4OpenERKNSt7__cxx1112basic_stringIcSt11char_traitsIcESaIcEEE[_ZN5Zippy10ZipArchive4OpenERKNSt7__cxx1112basic_stringIcSt11char_traitsIcESaIcEEE]+0xace): undefined reference to `mz_zip_get_error_string'
[0.695s] /usr/bin/ld: XLZipArchive.cpp:(.text._ZN5Zippy10ZipArchive4OpenERKNSt7__cxx1112basic_stringIcSt11char_traitsIcESaIcEEE[_ZN5Zippy10ZipArchive4OpenERKNSt7__cxx1112basic_stringIcSt11char_traitsIcESaIcEEE]+0xbc4): undefined reference to `mz_zip_get_error_string'
[0.695s] /usr/bin/ld: /usr/local/lib/libOpenXLSX.a(XLZipArchive.cpp.o): in function `Zippy::ZipArchive::Save(std::__cxx11::basic_string<char, std::char_traits<char>, std::allocator<char> >)':
[0.695s] XLZipArchive.cpp:(.text._ZN5Zippy10ZipArchive4SaveENSt7__cxx1112basic_stringIcSt11char_traitsIcESaIcEEE[_ZN5Zippy10ZipArchive4SaveENSt7__cxx1112basic_stringIcSt11char_traitsIcESaIcEEE]+0x31d): undefined reference to `mz_zip_writer_init_file'
[0.695s] /usr/bin/ld: XLZipArchive.cpp:(.text._ZN5Zippy10ZipArchive4SaveENSt7__cxx1112basic_stringIcSt11char_traitsIcESaIcEEE[_ZN5Zippy10ZipArchive4SaveENSt7__cxx1112basic_stringIcSt11char_traitsIcESaIcEEE]+0x365): undefined reference to `mz_zip_writer_add_from_zip_reader'
[0.695s] /usr/bin/ld: XLZipArchive.cpp:(.text._ZN5Zippy10ZipArchive4SaveENSt7__cxx1112basic_stringIcSt11char_traitsIcESaIcEEE[_ZN5Zippy10ZipArchive4SaveENSt7__cxx1112basic_stringIcSt11char_traitsIcESaIcEEE]+0x411): undefined reference to `mz_zip_writer_add_mem'
[0.695s] /usr/bin/ld: XLZipArchive.cpp:(.text._ZN5Zippy10ZipArchive4SaveENSt7__cxx1112basic_stringIcSt11char_traitsIcESaIcEEE[_ZN5Zippy10ZipArchive4SaveENSt7__cxx1112basic_stringIcSt11char_traitsIcESaIcEEE]+0x450): undefined reference to `mz_zip_get_error_string'
[0.695s] /usr/bin/ld: XLZipArchive.cpp:(.text._ZN5Zippy10ZipArchive4SaveENSt7__cxx1112basic_stringIcSt11char_traitsIcESaIcEEE[_ZN5Zippy10ZipArchive4SaveENSt7__cxx1112basic_stringIcSt11char_traitsIcESaIcEEE]+0x50d): undefined reference to `mz_zip_writer_finalize_archive'
[0.695s] /usr/bin/ld: XLZipArchive.cpp:(.text._ZN5Zippy10ZipArchive4SaveENSt7__cxx1112basic_stringIcSt11char_traitsIcESaIcEEE[_ZN5Zippy10ZipArchive4SaveENSt7__cxx1112basic_stringIcSt11char_traitsIcESaIcEEE]+0x516): undefined reference to `mz_zip_writer_end'
[0.695s] /usr/bin/ld: XLZipArchive.cpp:(.text._ZN5Zippy10ZipArchive4SaveENSt7__cxx1112basic_stringIcSt11char_traitsIcESaIcEEE[_ZN5Zippy10ZipArchive4SaveENSt7__cxx1112basic_stringIcSt11char_traitsIcESaIcEEE]+0x52a): undefined reference to `mz_zip_validate_file_archive'
[0.696s] /usr/bin/ld: XLZipArchive.cpp:(.text._ZN5Zippy10ZipArchive4SaveENSt7__cxx1112basic_stringIcSt11char_traitsIcESaIcEEE[_ZN5Zippy10ZipArchive4SaveENSt7__cxx1112basic_stringIcSt11char_traitsIcESaIcEEE]+0xc46): undefined reference to `mz_zip_reader_end'
[0.696s] /usr/bin/ld: XLZipArchive.cpp:(.text._ZN5Zippy10ZipArchive4SaveENSt7__cxx1112basic_stringIcSt11char_traitsIcESaIcEEE[_ZN5Zippy10ZipArchive4SaveENSt7__cxx1112basic_stringIcSt11char_traitsIcESaIcEEE]+0x10fb): undefined reference to `mz_zip_get_error_string'
[0.696s] /usr/bin/ld: XLZipArchive.cpp:(.text._ZN5Zippy10ZipArchive4SaveENSt7__cxx1112basic_stringIcSt11char_traitsIcESaIcEEE[_ZN5Zippy10ZipArchive4SaveENSt7__cxx1112basic_stringIcSt11char_traitsIcESaIcEEE]+0x12af): undefined reference to `mz_zip_get_error_string'
[0.696s] /usr/bin/ld: XLZipArchive.cpp:(.text._ZN5Zippy10ZipArchive4SaveENSt7__cxx1112basic_stringIcSt11char_traitsIcESaIcEEE[_ZN5Zippy10ZipArchive4SaveENSt7__cxx1112basic_stringIcSt11char_traitsIcESaIcEEE]+0x1374): undefined reference to `mz_zip_get_error_string'
[0.707s] collect2: error: ld returned 1 exit status
[0.708s] gmake[2]: *** [CMakeFiles/ur5e_control.dir/build.make:187：ur5e_control] 错误 1
[0.709s] gmake[1]: *** [CMakeFiles/Makefile2:137：CMakeFiles/ur5e_control.dir/all] 错误 2
[0.709s] gmake: *** [Makefile:146：all] 错误 2
[0.711s] Invoked command in '/home/xiatenghui/workspace/mujoco_ws/build/mujoco_sim' returned '2': CMAKE_PREFIX_PATH=${CMAKE_PREFIX_PATH}:/home/xiatenghui/ws_moveit/install/moveit_configs_utils:/opt/ros/jazzy DEBUGINFOD_URLS=https://debuginfod.ubuntu.com /usr/bin/cmake --build /home/xiatenghui/workspace/mujoco_ws/build/mujoco_sim -- -j24 -l24
