[0.307s] Invoking command in '/home/xiatenghui/work_space/mujoco_ws/build/mujoco_sim': CMAKE_PREFIX_PATH=${CMAKE_PREFIX_PATH}:/home/xiatenghui/work_space/mujoco_ws/install/ur5e_description:/home/xiatenghui/work_space/mujoco_ws/install/mujoco_py:/home/xiatenghui/work_space/mujoco_ws/install/flintrobot_description:/home/xiatenghui/moveit2_ws/install/moveit_configs_utils:/opt/ros/jazzy DEBUGINFOD_URLS=https://debuginfod.ubuntu.com /usr/bin/cmake --build /home/xiatenghui/work_space/mujoco_ws/build/mujoco_sim -- -j24 -l24
[0.360s] [ 40%] Built target flint_control
[0.360s] [100%] Built target ur5e_control
[0.458s] Invoked command in '/home/xiatenghui/work_space/mujoco_ws/build/mujoco_sim' returned '0': CMAKE_PREFIX_PATH=${CMAKE_PREFIX_PATH}:/home/xiatenghui/work_space/mujoco_ws/install/ur5e_description:/home/xiatenghui/work_space/mujoco_ws/install/mujoco_py:/home/xiatenghui/work_space/mujoco_ws/install/flintrobot_description:/home/xiatenghui/moveit2_ws/install/moveit_configs_utils:/opt/ros/jazzy DEBUGINFOD_URLS=https://debuginfod.ubuntu.com /usr/bin/cmake --build /home/xiatenghui/work_space/mujoco_ws/build/mujoco_sim -- -j24 -l24
[0.467s] Invoking command in '/home/xiatenghui/work_space/mujoco_ws/build/mujoco_sim': CMAKE_PREFIX_PATH=${CMAKE_PREFIX_PATH}:/home/xiatenghui/work_space/mujoco_ws/install/ur5e_description:/home/xiatenghui/work_space/mujoco_ws/install/mujoco_py:/home/xiatenghui/work_space/mujoco_ws/install/flintrobot_description:/home/xiatenghui/moveit2_ws/install/moveit_configs_utils:/opt/ros/jazzy DEBUGINFOD_URLS=https://debuginfod.ubuntu.com /usr/bin/cmake --install /home/xiatenghui/work_space/mujoco_ws/build/mujoco_sim
[0.475s] -- Install configuration: ""
[0.475s] -- Up-to-date: /home/xiatenghui/work_space/mujoco_ws/install/mujoco_sim/lib/mujoco_sim/ur5e_control
[0.475s] -- Up-to-date: /home/xiatenghui/work_space/mujoco_ws/install/mujoco_sim/lib/mujoco_sim/flint_control
[0.475s] -- Up-to-date: /home/xiatenghui/work_space/mujoco_ws/install/mujoco_sim/share/ament_index/resource_index/package_run_dependencies/mujoco_sim
[0.475s] -- Up-to-date: /home/xiatenghui/work_space/mujoco_ws/install/mujoco_sim/share/ament_index/resource_index/parent_prefix_path/mujoco_sim
[0.475s] -- Up-to-date: /home/xiatenghui/work_space/mujoco_ws/install/mujoco_sim/share/mujoco_sim/environment/ament_prefix_path.sh
[0.475s] -- Up-to-date: /home/xiatenghui/work_space/mujoco_ws/install/mujoco_sim/share/mujoco_sim/environment/ament_prefix_path.dsv
[0.475s] -- Up-to-date: /home/xiatenghui/work_space/mujoco_ws/install/mujoco_sim/share/mujoco_sim/environment/path.sh
[0.476s] -- Up-to-date: /home/xiatenghui/work_space/mujoco_ws/install/mujoco_sim/share/mujoco_sim/environment/path.dsv
[0.476s] -- Up-to-date: /home/xiatenghui/work_space/mujoco_ws/install/mujoco_sim/share/mujoco_sim/local_setup.bash
[0.476s] -- Up-to-date: /home/xiatenghui/work_space/mujoco_ws/install/mujoco_sim/share/mujoco_sim/local_setup.sh
[0.476s] -- Up-to-date: /home/xiatenghui/work_space/mujoco_ws/install/mujoco_sim/share/mujoco_sim/local_setup.zsh
[0.476s] -- Up-to-date: /home/xiatenghui/work_space/mujoco_ws/install/mujoco_sim/share/mujoco_sim/local_setup.dsv
[0.476s] -- Installing: /home/xiatenghui/work_space/mujoco_ws/install/mujoco_sim/share/mujoco_sim/package.dsv
[0.476s] -- Up-to-date: /home/xiatenghui/work_space/mujoco_ws/install/mujoco_sim/share/ament_index/resource_index/packages/mujoco_sim
[0.476s] -- Up-to-date: /home/xiatenghui/work_space/mujoco_ws/install/mujoco_sim/share/mujoco_sim/cmake/mujoco_simConfig.cmake
[0.476s] -- Up-to-date: /home/xiatenghui/work_space/mujoco_ws/install/mujoco_sim/share/mujoco_sim/cmake/mujoco_simConfig-version.cmake
[0.476s] -- Up-to-date: /home/xiatenghui/work_space/mujoco_ws/install/mujoco_sim/share/mujoco_sim/package.xml
[0.477s] Invoked command in '/home/xiatenghui/work_space/mujoco_ws/build/mujoco_sim' returned '0': CMAKE_PREFIX_PATH=${CMAKE_PREFIX_PATH}:/home/xiatenghui/work_space/mujoco_ws/install/ur5e_description:/home/xiatenghui/work_space/mujoco_ws/install/mujoco_py:/home/xiatenghui/work_space/mujoco_ws/install/flintrobot_description:/home/xiatenghui/moveit2_ws/install/moveit_configs_utils:/opt/ros/jazzy DEBUGINFOD_URLS=https://debuginfod.ubuntu.com /usr/bin/cmake --install /home/xiatenghui/work_space/mujoco_ws/build/mujoco_sim
