running egg_info
creating ../../build/mujoco_py/mujoco_py.egg-info
writing ../../build/mujoco_py/mujoco_py.egg-info/PKG-INFO
writing dependency_links to ../../build/mujoco_py/mujoco_py.egg-info/dependency_links.txt
writing requirements to ../../build/mujoco_py/mujoco_py.egg-info/requires.txt
writing top-level names to ../../build/mujoco_py/mujoco_py.egg-info/top_level.txt
writing manifest file '../../build/mujoco_py/mujoco_py.egg-info/SOURCES.txt'
reading manifest file '../../build/mujoco_py/mujoco_py.egg-info/SOURCES.txt'
writing manifest file '../../build/mujoco_py/mujoco_py.egg-info/SOURCES.txt'
running build
running build_py
creating /home/xiatenghui/work_space/mujoco_ws/build/mujoco_py/build
creating /home/xiatenghui/work_space/mujoco_ws/build/mujoco_py/build/lib
creating /home/xiatenghui/work_space/mujoco_ws/build/mujoco_py/build/lib/mujoco_py
copying mujoco_py/__init__.py -> /home/xiatenghui/work_space/mujoco_ws/build/mujoco_py/build/lib/mujoco_py
running install
running install_lib
creating /home/xiatenghui/work_space/mujoco_ws/install/mujoco_py/lib/python3.12/site-packages/mujoco_py
copying /home/xiatenghui/work_space/mujoco_ws/build/mujoco_py/build/lib/mujoco_py/__init__.py -> /home/xiatenghui/work_space/mujoco_ws/install/mujoco_py/lib/python3.12/site-packages/mujoco_py
byte-compiling /home/xiatenghui/work_space/mujoco_ws/install/mujoco_py/lib/python3.12/site-packages/mujoco_py/__init__.py to __init__.cpython-312.pyc
running install_data
creating /home/xiatenghui/work_space/mujoco_ws/install/mujoco_py/share/ament_index
creating /home/xiatenghui/work_space/mujoco_ws/install/mujoco_py/share/ament_index/resource_index
creating /home/xiatenghui/work_space/mujoco_ws/install/mujoco_py/share/ament_index/resource_index/packages
copying resource/mujoco_py -> /home/xiatenghui/work_space/mujoco_ws/install/mujoco_py/share/ament_index/resource_index/packages
copying package.xml -> /home/xiatenghui/work_space/mujoco_ws/install/mujoco_py/share/mujoco_py
running install_egg_info
Copying ../../build/mujoco_py/mujoco_py.egg-info to /home/xiatenghui/work_space/mujoco_ws/install/mujoco_py/lib/python3.12/site-packages/mujoco_py-0.0.0-py3.12.egg-info
running install_scripts
writing list of installed files to '/home/xiatenghui/work_space/mujoco_ws/build/mujoco_py/install.log'
