[0.010s] Invoking command in '/home/xiatenghui/workspace/mujoco_ws/build/mujoco_sim': CMAKE_PREFIX_PATH=${CMAKE_PREFIX_PATH}:/home/xiatenghui/ws_moveit/install/moveit_configs_utils:/opt/ros/jazzy DEBUGINFOD_URLS=https://debuginfod.ubuntu.com /usr/bin/cmake --build /home/xiatenghui/workspace/mujoco_ws/build/mujoco_sim -- -j24 -l24
[0.034s] -- Found ament_cmake: 2.5.4 (/opt/ros/jazzy/share/ament_cmake/cmake)
[0.241s] -- Found rclcpp: 28.1.10 (/opt/ros/jazzy/share/rclcpp/cmake)
[0.268s] -- Found rosidl_generator_c: 4.6.5 (/opt/ros/jazzy/share/rosidl_generator_c/cmake)
[0.275s] -- Found rosidl_generator_cpp: 4.6.5 (/opt/ros/jazzy/share/rosidl_generator_cpp/cmake)
[0.286s] -- Using all available rosidl_typesupport_c: rosidl_typesupport_fastrtps_c;rosidl_typesupport_introspection_c
[0.298s] -- Using all available rosidl_typesupport_cpp: rosidl_typesupport_fastrtps_cpp;rosidl_typesupport_introspection_cpp
[0.355s] -- Found rmw_implementation_cmake: 7.3.2 (/opt/ros/jazzy/share/rmw_implementation_cmake/cmake)
[0.359s] -- Found rmw_fastrtps_cpp: 8.4.2 (/opt/ros/jazzy/share/rmw_fastrtps_cpp/cmake)
[0.437s] -- Using RMW implementation 'rmw_fastrtps_cpp' as default
[0.494s] -- Found sensor_msgs: 5.3.6 (/opt/ros/jazzy/share/sensor_msgs/cmake)
[0.545s] -- Found ament_lint_auto: 0.17.2 (/opt/ros/jazzy/share/ament_lint_auto/cmake)
[0.618s] -- Added test 'cppcheck' to perform static code analysis on C / C++ code
[0.618s] -- Configured cppcheck include dirs: /home/xiatenghui/workspace/mujoco_ws/src/mujoco_sim/include
[0.618s] -- Configured cppcheck exclude dirs and/or files: 
[0.619s] -- Added test 'lint_cmake' to check CMake code style
[0.620s] -- Added test 'uncrustify' to check C / C++ code style
[0.620s] -- Configured uncrustify additional arguments: 
[0.620s] -- Added test 'xmllint' to check XML markup files
[0.621s] -- Configuring done (0.6s)
[0.630s] -- Generating done (0.0s)
[0.632s] -- Build files have been written to: /home/xiatenghui/workspace/mujoco_ws/build/mujoco_sim
[0.684s] [ 50%] [32m[1mLinking CXX executable ur5e_control[0m
[0.847s] [100%] Built target ur5e_control
[0.862s] Invoked command in '/home/xiatenghui/workspace/mujoco_ws/build/mujoco_sim' returned '0': CMAKE_PREFIX_PATH=${CMAKE_PREFIX_PATH}:/home/xiatenghui/ws_moveit/install/moveit_configs_utils:/opt/ros/jazzy DEBUGINFOD_URLS=https://debuginfod.ubuntu.com /usr/bin/cmake --build /home/xiatenghui/workspace/mujoco_ws/build/mujoco_sim -- -j24 -l24
[0.873s] Invoking command in '/home/xiatenghui/workspace/mujoco_ws/build/mujoco_sim': CMAKE_PREFIX_PATH=${CMAKE_PREFIX_PATH}:/home/xiatenghui/ws_moveit/install/moveit_configs_utils:/opt/ros/jazzy DEBUGINFOD_URLS=https://debuginfod.ubuntu.com /usr/bin/cmake --install /home/xiatenghui/workspace/mujoco_ws/build/mujoco_sim
[0.885s] -- Install configuration: ""
[0.885s] -- Installing: /home/xiatenghui/workspace/mujoco_ws/install/mujoco_sim/lib/mujoco_sim/ur5e_control
[0.887s] -- Set non-toolchain portion of runtime path of "/home/xiatenghui/workspace/mujoco_ws/install/mujoco_sim/lib/mujoco_sim/ur5e_control" to ""
[0.887s] -- Up-to-date: /home/xiatenghui/workspace/mujoco_ws/install/mujoco_sim/share/ament_index/resource_index/package_run_dependencies/mujoco_sim
[0.888s] -- Up-to-date: /home/xiatenghui/workspace/mujoco_ws/install/mujoco_sim/share/ament_index/resource_index/parent_prefix_path/mujoco_sim
[0.888s] -- Up-to-date: /home/xiatenghui/workspace/mujoco_ws/install/mujoco_sim/share/mujoco_sim/environment/ament_prefix_path.sh
[0.888s] -- Up-to-date: /home/xiatenghui/workspace/mujoco_ws/install/mujoco_sim/share/mujoco_sim/environment/ament_prefix_path.dsv
[0.888s] -- Up-to-date: /home/xiatenghui/workspace/mujoco_ws/install/mujoco_sim/share/mujoco_sim/environment/path.sh
[0.888s] -- Up-to-date: /home/xiatenghui/workspace/mujoco_ws/install/mujoco_sim/share/mujoco_sim/environment/path.dsv
[0.888s] -- Up-to-date: /home/xiatenghui/workspace/mujoco_ws/install/mujoco_sim/share/mujoco_sim/local_setup.bash
[0.888s] -- Up-to-date: /home/xiatenghui/workspace/mujoco_ws/install/mujoco_sim/share/mujoco_sim/local_setup.sh
[0.888s] -- Up-to-date: /home/xiatenghui/workspace/mujoco_ws/install/mujoco_sim/share/mujoco_sim/local_setup.zsh
[0.888s] -- Up-to-date: /home/xiatenghui/workspace/mujoco_ws/install/mujoco_sim/share/mujoco_sim/local_setup.dsv
[0.888s] -- Installing: /home/xiatenghui/workspace/mujoco_ws/install/mujoco_sim/share/mujoco_sim/package.dsv
[0.889s] -- Up-to-date: /home/xiatenghui/workspace/mujoco_ws/install/mujoco_sim/share/ament_index/resource_index/packages/mujoco_sim
[0.889s] -- Up-to-date: /home/xiatenghui/workspace/mujoco_ws/install/mujoco_sim/share/mujoco_sim/cmake/mujoco_simConfig.cmake
[0.889s] -- Up-to-date: /home/xiatenghui/workspace/mujoco_ws/install/mujoco_sim/share/mujoco_sim/cmake/mujoco_simConfig-version.cmake
[0.889s] -- Up-to-date: /home/xiatenghui/workspace/mujoco_ws/install/mujoco_sim/share/mujoco_sim/package.xml
[0.890s] Invoked command in '/home/xiatenghui/workspace/mujoco_ws/build/mujoco_sim' returned '0': CMAKE_PREFIX_PATH=${CMAKE_PREFIX_PATH}:/home/xiatenghui/ws_moveit/install/moveit_configs_utils:/opt/ros/jazzy DEBUGINFOD_URLS=https://debuginfod.ubuntu.com /usr/bin/cmake --install /home/xiatenghui/workspace/mujoco_ws/build/mujoco_sim
