[0.816s] Invoking command in '/home/xiatenghui/work_space/mujoco_ws/src/ur5e_description': DEBUGINFOD_URLS=https://debuginfod.ubuntu.com PYTHONPATH=/home/xiatenghui/work_space/mujoco_ws/build/ur5e_description/prefix_override:/usr/lib/python3/dist-packages/colcon_core/task/python/colcon_distutils_commands:/home/xiatenghui/work_space/mujoco_ws/install/ur5e_description/lib/python3.12/site-packages:${PYTHONPATH} /usr/bin/python3 -W ignore:setup.py install is deprecated -W ignore:easy_install command is deprecated setup.py egg_info --egg-base ../../build/ur5e_description build --build-base /home/xiatenghui/work_space/mujoco_ws/build/ur5e_description/build install --record /home/xiatenghui/work_space/mujoco_ws/build/ur5e_description/install.log --single-version-externally-managed install_data
[0.988s] running egg_info
[1.000s] writing ../../build/ur5e_description/ur5e_description.egg-info/PKG-INFO
[1.000s] writing dependency_links to ../../build/ur5e_description/ur5e_description.egg-info/dependency_links.txt
[1.000s] writing requirements to ../../build/ur5e_description/ur5e_description.egg-info/requires.txt
[1.000s] writing top-level names to ../../build/ur5e_description/ur5e_description.egg-info/top_level.txt
[1.023s] reading manifest file '../../build/ur5e_description/ur5e_description.egg-info/SOURCES.txt'
[1.024s] writing manifest file '../../build/ur5e_description/ur5e_description.egg-info/SOURCES.txt'
[1.024s] running build
[1.024s] running build_py
[1.024s] running install
[1.028s] running install_lib
[1.040s] running install_data
[1.040s] copying urdf/ur5e_description.xml -> /home/xiatenghui/work_space/mujoco_ws/install/ur5e_description/share/ur5e_description/urdf
[1.040s] running install_egg_info
[1.053s] removing '/home/xiatenghui/work_space/mujoco_ws/install/ur5e_description/lib/python3.12/site-packages/ur5e_description-0.0.0-py3.12.egg-info' (and everything under it)
[1.053s] Copying ../../build/ur5e_description/ur5e_description.egg-info to /home/xiatenghui/work_space/mujoco_ws/install/ur5e_description/lib/python3.12/site-packages/ur5e_description-0.0.0-py3.12.egg-info
[1.054s] running install_scripts
[1.133s] writing list of installed files to '/home/xiatenghui/work_space/mujoco_ws/build/ur5e_description/install.log'
[1.156s] Invoked command in '/home/xiatenghui/work_space/mujoco_ws/src/ur5e_description' returned '0': DEBUGINFOD_URLS=https://debuginfod.ubuntu.com PYTHONPATH=/home/xiatenghui/work_space/mujoco_ws/build/ur5e_description/prefix_override:/usr/lib/python3/dist-packages/colcon_core/task/python/colcon_distutils_commands:/home/xiatenghui/work_space/mujoco_ws/install/ur5e_description/lib/python3.12/site-packages:${PYTHONPATH} /usr/bin/python3 -W ignore:setup.py install is deprecated -W ignore:easy_install command is deprecated setup.py egg_info --egg-base ../../build/ur5e_description build --build-base /home/xiatenghui/work_space/mujoco_ws/build/ur5e_description/build install --record /home/xiatenghui/work_space/mujoco_ws/build/ur5e_description/install.log --single-version-externally-managed install_data
