[0.066s] DEBUG:colcon:Command line arguments: ['/usr/bin/colcon', 'build']
[0.067s] DEBUG:colcon:Parsed command line arguments: Namespace(log_base=None, log_level=None, verb_name='build', build_base='build', install_base='install', merge_install=False, symlink_install=False, test_result_base=None, continue_on_error=False, executor='parallel', parallel_workers=24, event_handlers=None, ignore_user_meta=False, metas=['./colcon.meta'], base_paths=['.'], packages_ignore=None, packages_ignore_regex=None, paths=None, packages_up_to=None, packages_up_to_regex=None, packages_above=None, packages_above_and_dependencies=None, packages_above_depth=None, packages_select_by_dep=None, packages_skip_by_dep=None, packages_skip_up_to=None, packages_select_build_failed=False, packages_skip_build_finished=False, packages_select_test_failures=False, packages_skip_test_passed=False, packages_select=None, packages_skip=None, packages_select_regex=None, packages_skip_regex=None, packages_start=None, packages_end=None, allow_overriding=[], cmake_args=None, cmake_target=None, cmake_target_skip_unavailable=False, cmake_clean_cache=False, cmake_clean_first=False, cmake_force_configure=False, ament_cmake_args=None, catkin_cmake_args=None, catkin_skip_building_tests=False, verb_parser=<colcon_defaults.argument_parser.defaults.DefaultArgumentsDecorator object at 0x740093c8ae40>, verb_extension=<colcon_core.verb.build.BuildVerb object at 0x740093c0fa10>, main=<bound method BuildVerb.main of <colcon_core.verb.build.BuildVerb object at 0x740093c0fa10>>)
[0.091s] Level 1:colcon.colcon_core.package_discovery:discover_packages(colcon_meta) check parameters
[0.092s] Level 1:colcon.colcon_core.package_discovery:discover_packages(recursive) check parameters
[0.092s] Level 1:colcon.colcon_core.package_discovery:discover_packages(ignore) check parameters
[0.092s] Level 1:colcon.colcon_core.package_discovery:discover_packages(path) check parameters
[0.092s] Level 1:colcon.colcon_core.package_discovery:discover_packages(colcon_meta) discover
[0.092s] Level 1:colcon.colcon_core.package_discovery:discover_packages(recursive) discover
[0.092s] INFO:colcon.colcon_core.package_discovery:Crawling recursively for packages in '/home/xiatenghui/work_space/mujoco_ws'
[0.092s] Level 1:colcon.colcon_core.package_identification:_identify(.) by extensions ['ignore', 'ignore_ament_install']
[0.092s] Level 1:colcon.colcon_core.package_identification:_identify(.) by extension 'ignore'
[0.092s] Level 1:colcon.colcon_core.package_identification:_identify(.) by extension 'ignore_ament_install'
[0.092s] Level 1:colcon.colcon_core.package_identification:_identify(.) by extensions ['colcon_pkg']
[0.092s] Level 1:colcon.colcon_core.package_identification:_identify(.) by extension 'colcon_pkg'
[0.092s] Level 1:colcon.colcon_core.package_identification:_identify(.) by extensions ['colcon_meta']
[0.092s] Level 1:colcon.colcon_core.package_identification:_identify(.) by extension 'colcon_meta'
[0.092s] Level 1:colcon.colcon_core.package_identification:_identify(.) by extensions ['ros']
[0.092s] Level 1:colcon.colcon_core.package_identification:_identify(.) by extension 'ros'
[0.110s] Level 1:colcon.colcon_core.package_identification:_identify(.) by extensions ['cmake', 'python']
[0.110s] Level 1:colcon.colcon_core.package_identification:_identify(.) by extension 'cmake'
[0.110s] Level 1:colcon.colcon_core.package_identification:_identify(.) by extension 'python'
[0.110s] Level 1:colcon.colcon_core.package_identification:_identify(.) by extensions ['python_setup_py']
[0.110s] Level 1:colcon.colcon_core.package_identification:_identify(.) by extension 'python_setup_py'
[0.110s] Level 1:colcon.colcon_core.package_identification:_identify(build) by extensions ['ignore', 'ignore_ament_install']
[0.110s] Level 1:colcon.colcon_core.package_identification:_identify(build) by extension 'ignore'
[0.110s] Level 1:colcon.colcon_core.package_identification:_identify(build) ignored
[0.110s] Level 1:colcon.colcon_core.package_identification:_identify(install) by extensions ['ignore', 'ignore_ament_install']
[0.110s] Level 1:colcon.colcon_core.package_identification:_identify(install) by extension 'ignore'
[0.110s] Level 1:colcon.colcon_core.package_identification:_identify(install) ignored
[0.110s] Level 1:colcon.colcon_core.package_identification:_identify(log) by extensions ['ignore', 'ignore_ament_install']
[0.110s] Level 1:colcon.colcon_core.package_identification:_identify(log) by extension 'ignore'
[0.110s] Level 1:colcon.colcon_core.package_identification:_identify(log) ignored
[0.110s] Level 1:colcon.colcon_core.package_identification:_identify(src) by extensions ['ignore', 'ignore_ament_install']
[0.110s] Level 1:colcon.colcon_core.package_identification:_identify(src) by extension 'ignore'
[0.110s] Level 1:colcon.colcon_core.package_identification:_identify(src) by extension 'ignore_ament_install'
[0.110s] Level 1:colcon.colcon_core.package_identification:_identify(src) by extensions ['colcon_pkg']
[0.110s] Level 1:colcon.colcon_core.package_identification:_identify(src) by extension 'colcon_pkg'
[0.110s] Level 1:colcon.colcon_core.package_identification:_identify(src) by extensions ['colcon_meta']
[0.110s] Level 1:colcon.colcon_core.package_identification:_identify(src) by extension 'colcon_meta'
[0.110s] Level 1:colcon.colcon_core.package_identification:_identify(src) by extensions ['ros']
[0.110s] Level 1:colcon.colcon_core.package_identification:_identify(src) by extension 'ros'
[0.111s] Level 1:colcon.colcon_core.package_identification:_identify(src) by extensions ['cmake', 'python']
[0.111s] Level 1:colcon.colcon_core.package_identification:_identify(src) by extension 'cmake'
[0.111s] Level 1:colcon.colcon_core.package_identification:_identify(src) by extension 'python'
[0.111s] Level 1:colcon.colcon_core.package_identification:_identify(src) by extensions ['python_setup_py']
[0.111s] Level 1:colcon.colcon_core.package_identification:_identify(src) by extension 'python_setup_py'
[0.111s] Level 1:colcon.colcon_core.package_identification:_identify(src/flintrobot_description) by extensions ['ignore', 'ignore_ament_install']
[0.111s] Level 1:colcon.colcon_core.package_identification:_identify(src/flintrobot_description) by extension 'ignore'
[0.111s] Level 1:colcon.colcon_core.package_identification:_identify(src/flintrobot_description) by extension 'ignore_ament_install'
[0.111s] Level 1:colcon.colcon_core.package_identification:_identify(src/flintrobot_description) by extensions ['colcon_pkg']
[0.111s] Level 1:colcon.colcon_core.package_identification:_identify(src/flintrobot_description) by extension 'colcon_pkg'
[0.111s] Level 1:colcon.colcon_core.package_identification:_identify(src/flintrobot_description) by extensions ['colcon_meta']
[0.111s] Level 1:colcon.colcon_core.package_identification:_identify(src/flintrobot_description) by extension 'colcon_meta'
[0.111s] Level 1:colcon.colcon_core.package_identification:_identify(src/flintrobot_description) by extensions ['ros']
[0.111s] Level 1:colcon.colcon_core.package_identification:_identify(src/flintrobot_description) by extension 'ros'
[0.112s] DEBUG:colcon.colcon_core.package_identification:Package 'src/flintrobot_description' with type 'ros.ament_python' and name 'flintrobot_description'
[0.112s] Level 1:colcon.colcon_core.package_identification:_identify(src/mujoco_py) by extensions ['ignore', 'ignore_ament_install']
[0.112s] Level 1:colcon.colcon_core.package_identification:_identify(src/mujoco_py) by extension 'ignore'
[0.113s] Level 1:colcon.colcon_core.package_identification:_identify(src/mujoco_py) by extension 'ignore_ament_install'
[0.113s] Level 1:colcon.colcon_core.package_identification:_identify(src/mujoco_py) by extensions ['colcon_pkg']
[0.113s] Level 1:colcon.colcon_core.package_identification:_identify(src/mujoco_py) by extension 'colcon_pkg'
[0.113s] Level 1:colcon.colcon_core.package_identification:_identify(src/mujoco_py) by extensions ['colcon_meta']
[0.113s] Level 1:colcon.colcon_core.package_identification:_identify(src/mujoco_py) by extension 'colcon_meta'
[0.113s] Level 1:colcon.colcon_core.package_identification:_identify(src/mujoco_py) by extensions ['ros']
[0.113s] Level 1:colcon.colcon_core.package_identification:_identify(src/mujoco_py) by extension 'ros'
[0.113s] DEBUG:colcon.colcon_core.package_identification:Package 'src/mujoco_py' with type 'ros.ament_python' and name 'mujoco_py'
[0.113s] Level 1:colcon.colcon_core.package_identification:_identify(src/mujoco_sim) by extensions ['ignore', 'ignore_ament_install']
[0.113s] Level 1:colcon.colcon_core.package_identification:_identify(src/mujoco_sim) by extension 'ignore'
[0.113s] Level 1:colcon.colcon_core.package_identification:_identify(src/mujoco_sim) by extension 'ignore_ament_install'
[0.113s] Level 1:colcon.colcon_core.package_identification:_identify(src/mujoco_sim) by extensions ['colcon_pkg']
[0.113s] Level 1:colcon.colcon_core.package_identification:_identify(src/mujoco_sim) by extension 'colcon_pkg'
[0.113s] Level 1:colcon.colcon_core.package_identification:_identify(src/mujoco_sim) by extensions ['colcon_meta']
[0.113s] Level 1:colcon.colcon_core.package_identification:_identify(src/mujoco_sim) by extension 'colcon_meta'
[0.113s] Level 1:colcon.colcon_core.package_identification:_identify(src/mujoco_sim) by extensions ['ros']
[0.113s] Level 1:colcon.colcon_core.package_identification:_identify(src/mujoco_sim) by extension 'ros'
[0.114s] DEBUG:colcon.colcon_core.package_identification:Package 'src/mujoco_sim' with type 'ros.ament_cmake' and name 'mujoco_sim'
[0.114s] Level 1:colcon.colcon_core.package_identification:_identify(src/ur5e_description) by extensions ['ignore', 'ignore_ament_install']
[0.114s] Level 1:colcon.colcon_core.package_identification:_identify(src/ur5e_description) by extension 'ignore'
[0.114s] Level 1:colcon.colcon_core.package_identification:_identify(src/ur5e_description) by extension 'ignore_ament_install'
[0.114s] Level 1:colcon.colcon_core.package_identification:_identify(src/ur5e_description) by extensions ['colcon_pkg']
[0.114s] Level 1:colcon.colcon_core.package_identification:_identify(src/ur5e_description) by extension 'colcon_pkg'
[0.114s] Level 1:colcon.colcon_core.package_identification:_identify(src/ur5e_description) by extensions ['colcon_meta']
[0.114s] Level 1:colcon.colcon_core.package_identification:_identify(src/ur5e_description) by extension 'colcon_meta'
[0.114s] Level 1:colcon.colcon_core.package_identification:_identify(src/ur5e_description) by extensions ['ros']
[0.114s] Level 1:colcon.colcon_core.package_identification:_identify(src/ur5e_description) by extension 'ros'
[0.114s] DEBUG:colcon.colcon_core.package_identification:Package 'src/ur5e_description' with type 'ros.ament_python' and name 'ur5e_description'
[0.114s] Level 1:colcon.colcon_core.package_discovery:discover_packages(recursive) using defaults
[0.114s] Level 1:colcon.colcon_core.package_discovery:discover_packages(ignore) discover
[0.114s] Level 1:colcon.colcon_core.package_discovery:discover_packages(ignore) using defaults
[0.114s] Level 1:colcon.colcon_core.package_discovery:discover_packages(path) discover
[0.114s] Level 1:colcon.colcon_core.package_discovery:discover_packages(path) using defaults
[0.126s] Level 1:colcon.colcon_core.package_discovery:discover_packages(prefix_path) check parameters
[0.126s] Level 1:colcon.colcon_core.package_discovery:discover_packages(prefix_path) discover
[0.128s] DEBUG:colcon.colcon_installed_package_information.package_discovery:Found 4 installed packages in /home/xiatenghui/work_space/mujoco_ws/install
[0.129s] DEBUG:colcon.colcon_installed_package_information.package_discovery:Found 49 installed packages in /home/xiatenghui/moveit2_ws/install
[0.130s] DEBUG:colcon.colcon_installed_package_information.package_discovery:Found 337 installed packages in /opt/ros/jazzy
[0.131s] Level 1:colcon.colcon_core.package_discovery:discover_packages(prefix_path) using defaults
[0.161s] Level 5:colcon.colcon_core.verb:set package 'flintrobot_description' build argument 'cmake_args' from command line to 'None'
[0.161s] Level 5:colcon.colcon_core.verb:set package 'flintrobot_description' build argument 'cmake_target' from command line to 'None'
[0.161s] Level 5:colcon.colcon_core.verb:set package 'flintrobot_description' build argument 'cmake_target_skip_unavailable' from command line to 'False'
[0.161s] Level 5:colcon.colcon_core.verb:set package 'flintrobot_description' build argument 'cmake_clean_cache' from command line to 'False'
[0.161s] Level 5:colcon.colcon_core.verb:set package 'flintrobot_description' build argument 'cmake_clean_first' from command line to 'False'
[0.161s] Level 5:colcon.colcon_core.verb:set package 'flintrobot_description' build argument 'cmake_force_configure' from command line to 'False'
[0.161s] Level 5:colcon.colcon_core.verb:set package 'flintrobot_description' build argument 'ament_cmake_args' from command line to 'None'
[0.161s] Level 5:colcon.colcon_core.verb:set package 'flintrobot_description' build argument 'catkin_cmake_args' from command line to 'None'
[0.161s] Level 5:colcon.colcon_core.verb:set package 'flintrobot_description' build argument 'catkin_skip_building_tests' from command line to 'False'
[0.161s] DEBUG:colcon.colcon_core.verb:Building package 'flintrobot_description' with the following arguments: {'ament_cmake_args': None, 'build_base': '/home/xiatenghui/work_space/mujoco_ws/build/flintrobot_description', 'catkin_cmake_args': None, 'catkin_skip_building_tests': False, 'cmake_args': None, 'cmake_clean_cache': False, 'cmake_clean_first': False, 'cmake_force_configure': False, 'cmake_target': None, 'cmake_target_skip_unavailable': False, 'install_base': '/home/xiatenghui/work_space/mujoco_ws/install/flintrobot_description', 'merge_install': False, 'path': '/home/xiatenghui/work_space/mujoco_ws/src/flintrobot_description', 'symlink_install': False, 'test_result_base': None}
[0.161s] Level 5:colcon.colcon_core.verb:set package 'mujoco_py' build argument 'cmake_args' from command line to 'None'
[0.161s] Level 5:colcon.colcon_core.verb:set package 'mujoco_py' build argument 'cmake_target' from command line to 'None'
[0.161s] Level 5:colcon.colcon_core.verb:set package 'mujoco_py' build argument 'cmake_target_skip_unavailable' from command line to 'False'
[0.161s] Level 5:colcon.colcon_core.verb:set package 'mujoco_py' build argument 'cmake_clean_cache' from command line to 'False'
[0.161s] Level 5:colcon.colcon_core.verb:set package 'mujoco_py' build argument 'cmake_clean_first' from command line to 'False'
[0.161s] Level 5:colcon.colcon_core.verb:set package 'mujoco_py' build argument 'cmake_force_configure' from command line to 'False'
[0.161s] Level 5:colcon.colcon_core.verb:set package 'mujoco_py' build argument 'ament_cmake_args' from command line to 'None'
[0.161s] Level 5:colcon.colcon_core.verb:set package 'mujoco_py' build argument 'catkin_cmake_args' from command line to 'None'
[0.161s] Level 5:colcon.colcon_core.verb:set package 'mujoco_py' build argument 'catkin_skip_building_tests' from command line to 'False'
[0.161s] DEBUG:colcon.colcon_core.verb:Building package 'mujoco_py' with the following arguments: {'ament_cmake_args': None, 'build_base': '/home/xiatenghui/work_space/mujoco_ws/build/mujoco_py', 'catkin_cmake_args': None, 'catkin_skip_building_tests': False, 'cmake_args': None, 'cmake_clean_cache': False, 'cmake_clean_first': False, 'cmake_force_configure': False, 'cmake_target': None, 'cmake_target_skip_unavailable': False, 'install_base': '/home/xiatenghui/work_space/mujoco_ws/install/mujoco_py', 'merge_install': False, 'path': '/home/xiatenghui/work_space/mujoco_ws/src/mujoco_py', 'symlink_install': False, 'test_result_base': None}
[0.161s] Level 5:colcon.colcon_core.verb:set package 'mujoco_sim' build argument 'cmake_args' from command line to 'None'
[0.161s] Level 5:colcon.colcon_core.verb:set package 'mujoco_sim' build argument 'cmake_target' from command line to 'None'
[0.161s] Level 5:colcon.colcon_core.verb:set package 'mujoco_sim' build argument 'cmake_target_skip_unavailable' from command line to 'False'
[0.161s] Level 5:colcon.colcon_core.verb:set package 'mujoco_sim' build argument 'cmake_clean_cache' from command line to 'False'
[0.161s] Level 5:colcon.colcon_core.verb:set package 'mujoco_sim' build argument 'cmake_clean_first' from command line to 'False'
[0.161s] Level 5:colcon.colcon_core.verb:set package 'mujoco_sim' build argument 'cmake_force_configure' from command line to 'False'
[0.161s] Level 5:colcon.colcon_core.verb:set package 'mujoco_sim' build argument 'ament_cmake_args' from command line to 'None'
[0.161s] Level 5:colcon.colcon_core.verb:set package 'mujoco_sim' build argument 'catkin_cmake_args' from command line to 'None'
[0.161s] Level 5:colcon.colcon_core.verb:set package 'mujoco_sim' build argument 'catkin_skip_building_tests' from command line to 'False'
[0.161s] DEBUG:colcon.colcon_core.verb:Building package 'mujoco_sim' with the following arguments: {'ament_cmake_args': None, 'build_base': '/home/xiatenghui/work_space/mujoco_ws/build/mujoco_sim', 'catkin_cmake_args': None, 'catkin_skip_building_tests': False, 'cmake_args': None, 'cmake_clean_cache': False, 'cmake_clean_first': False, 'cmake_force_configure': False, 'cmake_target': None, 'cmake_target_skip_unavailable': False, 'install_base': '/home/xiatenghui/work_space/mujoco_ws/install/mujoco_sim', 'merge_install': False, 'path': '/home/xiatenghui/work_space/mujoco_ws/src/mujoco_sim', 'symlink_install': False, 'test_result_base': None}
[0.161s] Level 5:colcon.colcon_core.verb:set package 'ur5e_description' build argument 'cmake_args' from command line to 'None'
[0.161s] Level 5:colcon.colcon_core.verb:set package 'ur5e_description' build argument 'cmake_target' from command line to 'None'
[0.161s] Level 5:colcon.colcon_core.verb:set package 'ur5e_description' build argument 'cmake_target_skip_unavailable' from command line to 'False'
[0.162s] Level 5:colcon.colcon_core.verb:set package 'ur5e_description' build argument 'cmake_clean_cache' from command line to 'False'
[0.162s] Level 5:colcon.colcon_core.verb:set package 'ur5e_description' build argument 'cmake_clean_first' from command line to 'False'
[0.162s] Level 5:colcon.colcon_core.verb:set package 'ur5e_description' build argument 'cmake_force_configure' from command line to 'False'
[0.162s] Level 5:colcon.colcon_core.verb:set package 'ur5e_description' build argument 'ament_cmake_args' from command line to 'None'
[0.162s] Level 5:colcon.colcon_core.verb:set package 'ur5e_description' build argument 'catkin_cmake_args' from command line to 'None'
[0.162s] Level 5:colcon.colcon_core.verb:set package 'ur5e_description' build argument 'catkin_skip_building_tests' from command line to 'False'
[0.162s] DEBUG:colcon.colcon_core.verb:Building package 'ur5e_description' with the following arguments: {'ament_cmake_args': None, 'build_base': '/home/xiatenghui/work_space/mujoco_ws/build/ur5e_description', 'catkin_cmake_args': None, 'catkin_skip_building_tests': False, 'cmake_args': None, 'cmake_clean_cache': False, 'cmake_clean_first': False, 'cmake_force_configure': False, 'cmake_target': None, 'cmake_target_skip_unavailable': False, 'install_base': '/home/xiatenghui/work_space/mujoco_ws/install/ur5e_description', 'merge_install': False, 'path': '/home/xiatenghui/work_space/mujoco_ws/src/ur5e_description', 'symlink_install': False, 'test_result_base': None}
[0.162s] INFO:colcon.colcon_core.executor:Executing jobs using 'parallel' executor
[0.162s] DEBUG:colcon.colcon_parallel_executor.executor.parallel:run_until_complete
[0.163s] INFO:colcon.colcon_ros.task.ament_python.build:Building ROS package in '/home/xiatenghui/work_space/mujoco_ws/src/flintrobot_description' with build type 'ament_python'
[0.163s] Level 1:colcon.colcon_core.shell:create_environment_hook('flintrobot_description', 'ament_prefix_path')
[0.164s] INFO:colcon.colcon_core.plugin_system:Skipping extension 'colcon_core.shell.bat': Not used on non-Windows systems
[0.164s] INFO:colcon.colcon_core.shell:Creating environment hook '/home/xiatenghui/work_space/mujoco_ws/install/flintrobot_description/share/flintrobot_description/hook/ament_prefix_path.ps1'
[0.164s] INFO:colcon.colcon_core.shell:Creating environment descriptor '/home/xiatenghui/work_space/mujoco_ws/install/flintrobot_description/share/flintrobot_description/hook/ament_prefix_path.dsv'
[0.165s] INFO:colcon.colcon_core.shell:Creating environment hook '/home/xiatenghui/work_space/mujoco_ws/install/flintrobot_description/share/flintrobot_description/hook/ament_prefix_path.sh'
[0.165s] INFO:colcon.colcon_core.shell:Skip shell extension 'powershell' for command environment: Not usable outside of PowerShell
[0.165s] DEBUG:colcon.colcon_core.shell:Skip shell extension 'dsv' for command environment
[0.169s] INFO:colcon.colcon_ros.task.ament_python.build:Building ROS package in '/home/xiatenghui/work_space/mujoco_ws/src/mujoco_py' with build type 'ament_python'
[0.169s] Level 1:colcon.colcon_core.shell:create_environment_hook('mujoco_py', 'ament_prefix_path')
[0.169s] INFO:colcon.colcon_core.shell:Creating environment hook '/home/xiatenghui/work_space/mujoco_ws/install/mujoco_py/share/mujoco_py/hook/ament_prefix_path.ps1'
[0.169s] INFO:colcon.colcon_core.shell:Creating environment descriptor '/home/xiatenghui/work_space/mujoco_ws/install/mujoco_py/share/mujoco_py/hook/ament_prefix_path.dsv'
[0.170s] INFO:colcon.colcon_core.shell:Creating environment hook '/home/xiatenghui/work_space/mujoco_ws/install/mujoco_py/share/mujoco_py/hook/ament_prefix_path.sh'
[0.170s] INFO:colcon.colcon_core.shell:Skip shell extension 'powershell' for command environment: Not usable outside of PowerShell
[0.170s] DEBUG:colcon.colcon_core.shell:Skip shell extension 'dsv' for command environment
[0.173s] INFO:colcon.colcon_ros.task.ament_cmake.build:Building ROS package in '/home/xiatenghui/work_space/mujoco_ws/src/mujoco_sim' with build type 'ament_cmake'
[0.174s] INFO:colcon.colcon_cmake.task.cmake.build:Building CMake package in '/home/xiatenghui/work_space/mujoco_ws/src/mujoco_sim'
[0.174s] INFO:colcon.colcon_core.shell:Skip shell extension 'powershell' for command environment: Not usable outside of PowerShell
[0.174s] DEBUG:colcon.colcon_core.shell:Skip shell extension 'dsv' for command environment
[0.177s] INFO:colcon.colcon_ros.task.ament_python.build:Building ROS package in '/home/xiatenghui/work_space/mujoco_ws/src/ur5e_description' with build type 'ament_python'
[0.177s] Level 1:colcon.colcon_core.shell:create_environment_hook('ur5e_description', 'ament_prefix_path')
[0.177s] INFO:colcon.colcon_core.shell:Creating environment hook '/home/xiatenghui/work_space/mujoco_ws/install/ur5e_description/share/ur5e_description/hook/ament_prefix_path.ps1'
[0.178s] INFO:colcon.colcon_core.shell:Creating environment descriptor '/home/xiatenghui/work_space/mujoco_ws/install/ur5e_description/share/ur5e_description/hook/ament_prefix_path.dsv'
[0.178s] INFO:colcon.colcon_core.shell:Creating environment hook '/home/xiatenghui/work_space/mujoco_ws/install/ur5e_description/share/ur5e_description/hook/ament_prefix_path.sh'
[0.178s] INFO:colcon.colcon_core.shell:Skip shell extension 'powershell' for command environment: Not usable outside of PowerShell
[0.178s] DEBUG:colcon.colcon_core.shell:Skip shell extension 'dsv' for command environment
[0.325s] INFO:colcon.colcon_core.task.python.build:Building Python package in '/home/xiatenghui/work_space/mujoco_ws/src/flintrobot_description'
[0.326s] INFO:colcon.colcon_core.shell:Skip shell extension 'powershell' for command environment: Not usable outside of PowerShell
[0.326s] DEBUG:colcon.colcon_core.shell:Skip shell extension 'dsv' for command environment
[0.468s] INFO:colcon.colcon_core.task.python.build:Building Python package in '/home/xiatenghui/work_space/mujoco_ws/src/mujoco_py'
[0.468s] INFO:colcon.colcon_core.shell:Skip shell extension 'powershell' for command environment: Not usable outside of PowerShell
[0.468s] DEBUG:colcon.colcon_core.shell:Skip shell extension 'dsv' for command environment
[0.474s] DEBUG:colcon.colcon_core.event_handler.log_command:Invoking command in '/home/xiatenghui/work_space/mujoco_ws/build/mujoco_sim': CMAKE_PREFIX_PATH=${CMAKE_PREFIX_PATH}:/home/xiatenghui/work_space/mujoco_ws/install/ur5e_description:/home/xiatenghui/work_space/mujoco_ws/install/mujoco_py:/home/xiatenghui/work_space/mujoco_ws/install/flintrobot_description:/home/xiatenghui/moveit2_ws/install/moveit_configs_utils:/opt/ros/jazzy DEBUGINFOD_URLS=https://debuginfod.ubuntu.com /usr/bin/cmake --build /home/xiatenghui/work_space/mujoco_ws/build/mujoco_sim -- -j24 -l24
[0.615s] INFO:colcon.colcon_core.task.python.build:Building Python package in '/home/xiatenghui/work_space/mujoco_ws/src/ur5e_description'
[0.615s] INFO:colcon.colcon_core.shell:Skip shell extension 'powershell' for command environment: Not usable outside of PowerShell
[0.615s] DEBUG:colcon.colcon_core.shell:Skip shell extension 'dsv' for command environment
[0.624s] DEBUG:colcon.colcon_core.event_handler.log_command:Invoked command in '/home/xiatenghui/work_space/mujoco_ws/build/mujoco_sim' returned '0': CMAKE_PREFIX_PATH=${CMAKE_PREFIX_PATH}:/home/xiatenghui/work_space/mujoco_ws/install/ur5e_description:/home/xiatenghui/work_space/mujoco_ws/install/mujoco_py:/home/xiatenghui/work_space/mujoco_ws/install/flintrobot_description:/home/xiatenghui/moveit2_ws/install/moveit_configs_utils:/opt/ros/jazzy DEBUGINFOD_URLS=https://debuginfod.ubuntu.com /usr/bin/cmake --build /home/xiatenghui/work_space/mujoco_ws/build/mujoco_sim -- -j24 -l24
[0.634s] DEBUG:colcon.colcon_core.event_handler.log_command:Invoking command in '/home/xiatenghui/work_space/mujoco_ws/build/mujoco_sim': CMAKE_PREFIX_PATH=${CMAKE_PREFIX_PATH}:/home/xiatenghui/work_space/mujoco_ws/install/ur5e_description:/home/xiatenghui/work_space/mujoco_ws/install/mujoco_py:/home/xiatenghui/work_space/mujoco_ws/install/flintrobot_description:/home/xiatenghui/moveit2_ws/install/moveit_configs_utils:/opt/ros/jazzy DEBUGINFOD_URLS=https://debuginfod.ubuntu.com /usr/bin/cmake --install /home/xiatenghui/work_space/mujoco_ws/build/mujoco_sim
[0.644s] Level 1:colcon.colcon_core.environment:create_environment_scripts_only(mujoco_sim)
[0.645s] DEBUG:colcon.colcon_core.event_handler.log_command:Invoked command in '/home/xiatenghui/work_space/mujoco_ws/build/mujoco_sim' returned '0': CMAKE_PREFIX_PATH=${CMAKE_PREFIX_PATH}:/home/xiatenghui/work_space/mujoco_ws/install/ur5e_description:/home/xiatenghui/work_space/mujoco_ws/install/mujoco_py:/home/xiatenghui/work_space/mujoco_ws/install/flintrobot_description:/home/xiatenghui/moveit2_ws/install/moveit_configs_utils:/opt/ros/jazzy DEBUGINFOD_URLS=https://debuginfod.ubuntu.com /usr/bin/cmake --install /home/xiatenghui/work_space/mujoco_ws/build/mujoco_sim
[0.647s] Level 1:colcon.colcon_core.environment:checking '/home/xiatenghui/work_space/mujoco_ws/install/mujoco_sim' for CMake module files
[0.647s] Level 1:colcon.colcon_core.environment:checking '/home/xiatenghui/work_space/mujoco_ws/install/mujoco_sim' for CMake config files
[0.648s] Level 1:colcon.colcon_core.shell:create_environment_hook('mujoco_sim', 'cmake_prefix_path')
[0.648s] INFO:colcon.colcon_core.shell:Creating environment hook '/home/xiatenghui/work_space/mujoco_ws/install/mujoco_sim/share/mujoco_sim/hook/cmake_prefix_path.ps1'
[0.648s] INFO:colcon.colcon_core.shell:Creating environment descriptor '/home/xiatenghui/work_space/mujoco_ws/install/mujoco_sim/share/mujoco_sim/hook/cmake_prefix_path.dsv'
[0.649s] INFO:colcon.colcon_core.shell:Creating environment hook '/home/xiatenghui/work_space/mujoco_ws/install/mujoco_sim/share/mujoco_sim/hook/cmake_prefix_path.sh'
[0.649s] Level 1:colcon.colcon_core.environment:checking '/home/xiatenghui/work_space/mujoco_ws/install/mujoco_sim/lib'
[0.649s] Level 1:colcon.colcon_core.environment:checking '/home/xiatenghui/work_space/mujoco_ws/install/mujoco_sim/bin'
[0.649s] Level 1:colcon.colcon_core.environment:checking '/home/xiatenghui/work_space/mujoco_ws/install/mujoco_sim/lib/pkgconfig/mujoco_sim.pc'
[0.650s] Level 1:colcon.colcon_core.environment:checking '/home/xiatenghui/work_space/mujoco_ws/install/mujoco_sim/lib/python3.12/site-packages'
[0.650s] Level 1:colcon.colcon_core.environment:checking '/home/xiatenghui/work_space/mujoco_ws/install/mujoco_sim/bin'
[0.650s] INFO:colcon.colcon_core.shell:Creating package script '/home/xiatenghui/work_space/mujoco_ws/install/mujoco_sim/share/mujoco_sim/package.ps1'
[0.651s] INFO:colcon.colcon_core.shell:Creating package descriptor '/home/xiatenghui/work_space/mujoco_ws/install/mujoco_sim/share/mujoco_sim/package.dsv'
[0.651s] INFO:colcon.colcon_core.shell:Creating package script '/home/xiatenghui/work_space/mujoco_ws/install/mujoco_sim/share/mujoco_sim/package.sh'
[0.652s] INFO:colcon.colcon_core.shell:Creating package script '/home/xiatenghui/work_space/mujoco_ws/install/mujoco_sim/share/mujoco_sim/package.bash'
[0.652s] INFO:colcon.colcon_core.shell:Creating package script '/home/xiatenghui/work_space/mujoco_ws/install/mujoco_sim/share/mujoco_sim/package.zsh'
[0.653s] Level 1:colcon.colcon_core.environment:create_file_with_runtime_dependencies(/home/xiatenghui/work_space/mujoco_ws/install/mujoco_sim/share/colcon-core/packages/mujoco_sim)
[0.653s] Level 1:colcon.colcon_core.environment:create_environment_scripts_only(mujoco_sim)
[0.654s] Level 1:colcon.colcon_core.environment:checking '/home/xiatenghui/work_space/mujoco_ws/install/mujoco_sim' for CMake module files
[0.654s] Level 1:colcon.colcon_core.environment:checking '/home/xiatenghui/work_space/mujoco_ws/install/mujoco_sim' for CMake config files
[0.654s] Level 1:colcon.colcon_core.shell:create_environment_hook('mujoco_sim', 'cmake_prefix_path')
[0.654s] INFO:colcon.colcon_core.shell:Creating environment hook '/home/xiatenghui/work_space/mujoco_ws/install/mujoco_sim/share/mujoco_sim/hook/cmake_prefix_path.ps1'
[0.655s] INFO:colcon.colcon_core.shell:Creating environment descriptor '/home/xiatenghui/work_space/mujoco_ws/install/mujoco_sim/share/mujoco_sim/hook/cmake_prefix_path.dsv'
[0.655s] INFO:colcon.colcon_core.shell:Creating environment hook '/home/xiatenghui/work_space/mujoco_ws/install/mujoco_sim/share/mujoco_sim/hook/cmake_prefix_path.sh'
[0.656s] Level 1:colcon.colcon_core.environment:checking '/home/xiatenghui/work_space/mujoco_ws/install/mujoco_sim/lib'
[0.656s] Level 1:colcon.colcon_core.environment:checking '/home/xiatenghui/work_space/mujoco_ws/install/mujoco_sim/bin'
[0.656s] Level 1:colcon.colcon_core.environment:checking '/home/xiatenghui/work_space/mujoco_ws/install/mujoco_sim/lib/pkgconfig/mujoco_sim.pc'
[0.656s] Level 1:colcon.colcon_core.environment:checking '/home/xiatenghui/work_space/mujoco_ws/install/mujoco_sim/lib/python3.12/site-packages'
[0.656s] Level 1:colcon.colcon_core.environment:checking '/home/xiatenghui/work_space/mujoco_ws/install/mujoco_sim/bin'
[0.656s] INFO:colcon.colcon_core.shell:Creating package script '/home/xiatenghui/work_space/mujoco_ws/install/mujoco_sim/share/mujoco_sim/package.ps1'
[0.657s] INFO:colcon.colcon_core.shell:Creating package descriptor '/home/xiatenghui/work_space/mujoco_ws/install/mujoco_sim/share/mujoco_sim/package.dsv'
[0.657s] INFO:colcon.colcon_core.shell:Creating package script '/home/xiatenghui/work_space/mujoco_ws/install/mujoco_sim/share/mujoco_sim/package.sh'
[0.658s] INFO:colcon.colcon_core.shell:Creating package script '/home/xiatenghui/work_space/mujoco_ws/install/mujoco_sim/share/mujoco_sim/package.bash'
[0.658s] INFO:colcon.colcon_core.shell:Creating package script '/home/xiatenghui/work_space/mujoco_ws/install/mujoco_sim/share/mujoco_sim/package.zsh'
[0.659s] Level 1:colcon.colcon_core.environment:create_file_with_runtime_dependencies(/home/xiatenghui/work_space/mujoco_ws/install/mujoco_sim/share/colcon-core/packages/mujoco_sim)
[0.980s] DEBUG:colcon.colcon_core.event_handler.log_command:Invoking command in '/home/xiatenghui/work_space/mujoco_ws/src/mujoco_py': DEBUGINFOD_URLS=https://debuginfod.ubuntu.com PYTHONPATH=/home/xiatenghui/work_space/mujoco_ws/build/mujoco_py/prefix_override:/usr/lib/python3/dist-packages/colcon_core/task/python/colcon_distutils_commands:/home/xiatenghui/work_space/mujoco_ws/install/mujoco_py/lib/python3.12/site-packages:${PYTHONPATH} /usr/bin/python3 -W ignore:setup.py install is deprecated -W ignore:easy_install command is deprecated setup.py egg_info --egg-base ../../build/mujoco_py build --build-base /home/xiatenghui/work_space/mujoco_ws/build/mujoco_py/build install --record /home/xiatenghui/work_space/mujoco_ws/build/mujoco_py/install.log --single-version-externally-managed install_data
[0.986s] DEBUG:colcon.colcon_core.event_handler.log_command:Invoking command in '/home/xiatenghui/work_space/mujoco_ws/src/ur5e_description': DEBUGINFOD_URLS=https://debuginfod.ubuntu.com PYTHONPATH=/home/xiatenghui/work_space/mujoco_ws/build/ur5e_description/prefix_override:/usr/lib/python3/dist-packages/colcon_core/task/python/colcon_distutils_commands:/home/xiatenghui/work_space/mujoco_ws/install/ur5e_description/lib/python3.12/site-packages:${PYTHONPATH} /usr/bin/python3 -W ignore:setup.py install is deprecated -W ignore:easy_install command is deprecated setup.py egg_info --egg-base ../../build/ur5e_description build --build-base /home/xiatenghui/work_space/mujoco_ws/build/ur5e_description/build install --record /home/xiatenghui/work_space/mujoco_ws/build/ur5e_description/install.log --single-version-externally-managed install_data
[0.996s] DEBUG:colcon.colcon_core.event_handler.log_command:Invoking command in '/home/xiatenghui/work_space/mujoco_ws/src/flintrobot_description': DEBUGINFOD_URLS=https://debuginfod.ubuntu.com PYTHONPATH=/home/xiatenghui/work_space/mujoco_ws/build/flintrobot_description/prefix_override:/usr/lib/python3/dist-packages/colcon_core/task/python/colcon_distutils_commands:/home/xiatenghui/work_space/mujoco_ws/install/flintrobot_description/lib/python3.12/site-packages:${PYTHONPATH} /usr/bin/python3 -W ignore:setup.py install is deprecated -W ignore:easy_install command is deprecated setup.py egg_info --egg-base ../../build/flintrobot_description build --build-base /home/xiatenghui/work_space/mujoco_ws/build/flintrobot_description/build install --record /home/xiatenghui/work_space/mujoco_ws/build/flintrobot_description/install.log --single-version-externally-managed install_data
[1.314s] Level 1:colcon.colcon_core.environment:checking '/home/xiatenghui/work_space/mujoco_ws/install/mujoco_py' for CMake module files
[1.314s] DEBUG:colcon.colcon_core.event_handler.log_command:Invoked command in '/home/xiatenghui/work_space/mujoco_ws/src/mujoco_py' returned '0': DEBUGINFOD_URLS=https://debuginfod.ubuntu.com PYTHONPATH=/home/xiatenghui/work_space/mujoco_ws/build/mujoco_py/prefix_override:/usr/lib/python3/dist-packages/colcon_core/task/python/colcon_distutils_commands:/home/xiatenghui/work_space/mujoco_ws/install/mujoco_py/lib/python3.12/site-packages:${PYTHONPATH} /usr/bin/python3 -W ignore:setup.py install is deprecated -W ignore:easy_install command is deprecated setup.py egg_info --egg-base ../../build/mujoco_py build --build-base /home/xiatenghui/work_space/mujoco_ws/build/mujoco_py/build install --record /home/xiatenghui/work_space/mujoco_ws/build/mujoco_py/install.log --single-version-externally-managed install_data
[1.314s] Level 1:colcon.colcon_core.environment:checking '/home/xiatenghui/work_space/mujoco_ws/install/mujoco_py' for CMake config files
[1.315s] Level 1:colcon.colcon_core.environment:checking '/home/xiatenghui/work_space/mujoco_ws/install/mujoco_py/lib'
[1.315s] Level 1:colcon.colcon_core.environment:checking '/home/xiatenghui/work_space/mujoco_ws/install/mujoco_py/bin'
[1.315s] Level 1:colcon.colcon_core.environment:checking '/home/xiatenghui/work_space/mujoco_ws/install/mujoco_py/lib/pkgconfig/mujoco_py.pc'
[1.315s] Level 1:colcon.colcon_core.environment:checking '/home/xiatenghui/work_space/mujoco_ws/install/mujoco_py/lib/python3.12/site-packages'
[1.315s] Level 1:colcon.colcon_core.shell:create_environment_hook('mujoco_py', 'pythonpath')
[1.315s] INFO:colcon.colcon_core.shell:Creating environment hook '/home/xiatenghui/work_space/mujoco_ws/install/mujoco_py/share/mujoco_py/hook/pythonpath.ps1'
[1.316s] INFO:colcon.colcon_core.shell:Creating environment descriptor '/home/xiatenghui/work_space/mujoco_ws/install/mujoco_py/share/mujoco_py/hook/pythonpath.dsv'
[1.316s] INFO:colcon.colcon_core.shell:Creating environment hook '/home/xiatenghui/work_space/mujoco_ws/install/mujoco_py/share/mujoco_py/hook/pythonpath.sh'
[1.316s] Level 1:colcon.colcon_core.environment:checking '/home/xiatenghui/work_space/mujoco_ws/install/mujoco_py/bin'
[1.316s] Level 1:colcon.colcon_core.environment:create_environment_scripts_only(mujoco_py)
[1.316s] INFO:colcon.colcon_core.shell:Creating package script '/home/xiatenghui/work_space/mujoco_ws/install/mujoco_py/share/mujoco_py/package.ps1'
[1.317s] INFO:colcon.colcon_core.shell:Creating package descriptor '/home/xiatenghui/work_space/mujoco_ws/install/mujoco_py/share/mujoco_py/package.dsv'
[1.317s] INFO:colcon.colcon_core.shell:Creating package script '/home/xiatenghui/work_space/mujoco_ws/install/mujoco_py/share/mujoco_py/package.sh'
[1.317s] INFO:colcon.colcon_core.shell:Creating package script '/home/xiatenghui/work_space/mujoco_ws/install/mujoco_py/share/mujoco_py/package.bash'
[1.317s] INFO:colcon.colcon_core.shell:Creating package script '/home/xiatenghui/work_space/mujoco_ws/install/mujoco_py/share/mujoco_py/package.zsh'
[1.317s] Level 1:colcon.colcon_core.environment:create_file_with_runtime_dependencies(/home/xiatenghui/work_space/mujoco_ws/install/mujoco_py/share/colcon-core/packages/mujoco_py)
[1.319s] Level 1:colcon.colcon_core.environment:checking '/home/xiatenghui/work_space/mujoco_ws/install/ur5e_description' for CMake module files
[1.319s] DEBUG:colcon.colcon_core.event_handler.log_command:Invoked command in '/home/xiatenghui/work_space/mujoco_ws/src/ur5e_description' returned '0': DEBUGINFOD_URLS=https://debuginfod.ubuntu.com PYTHONPATH=/home/xiatenghui/work_space/mujoco_ws/build/ur5e_description/prefix_override:/usr/lib/python3/dist-packages/colcon_core/task/python/colcon_distutils_commands:/home/xiatenghui/work_space/mujoco_ws/install/ur5e_description/lib/python3.12/site-packages:${PYTHONPATH} /usr/bin/python3 -W ignore:setup.py install is deprecated -W ignore:easy_install command is deprecated setup.py egg_info --egg-base ../../build/ur5e_description build --build-base /home/xiatenghui/work_space/mujoco_ws/build/ur5e_description/build install --record /home/xiatenghui/work_space/mujoco_ws/build/ur5e_description/install.log --single-version-externally-managed install_data
[1.320s] Level 1:colcon.colcon_core.environment:checking '/home/xiatenghui/work_space/mujoco_ws/install/ur5e_description' for CMake config files
[1.320s] Level 1:colcon.colcon_core.environment:checking '/home/xiatenghui/work_space/mujoco_ws/install/ur5e_description/lib'
[1.320s] Level 1:colcon.colcon_core.environment:checking '/home/xiatenghui/work_space/mujoco_ws/install/ur5e_description/bin'
[1.320s] Level 1:colcon.colcon_core.environment:checking '/home/xiatenghui/work_space/mujoco_ws/install/ur5e_description/lib/pkgconfig/ur5e_description.pc'
[1.320s] Level 1:colcon.colcon_core.environment:checking '/home/xiatenghui/work_space/mujoco_ws/install/ur5e_description/lib/python3.12/site-packages'
[1.320s] Level 1:colcon.colcon_core.shell:create_environment_hook('ur5e_description', 'pythonpath')
[1.320s] INFO:colcon.colcon_core.shell:Creating environment hook '/home/xiatenghui/work_space/mujoco_ws/install/ur5e_description/share/ur5e_description/hook/pythonpath.ps1'
[1.321s] INFO:colcon.colcon_core.shell:Creating environment descriptor '/home/xiatenghui/work_space/mujoco_ws/install/ur5e_description/share/ur5e_description/hook/pythonpath.dsv'
[1.321s] INFO:colcon.colcon_core.shell:Creating environment hook '/home/xiatenghui/work_space/mujoco_ws/install/ur5e_description/share/ur5e_description/hook/pythonpath.sh'
[1.321s] Level 1:colcon.colcon_core.environment:checking '/home/xiatenghui/work_space/mujoco_ws/install/ur5e_description/bin'
[1.321s] Level 1:colcon.colcon_core.environment:create_environment_scripts_only(ur5e_description)
[1.321s] INFO:colcon.colcon_core.shell:Creating package script '/home/xiatenghui/work_space/mujoco_ws/install/ur5e_description/share/ur5e_description/package.ps1'
[1.322s] INFO:colcon.colcon_core.shell:Creating package descriptor '/home/xiatenghui/work_space/mujoco_ws/install/ur5e_description/share/ur5e_description/package.dsv'
[1.322s] INFO:colcon.colcon_core.shell:Creating package script '/home/xiatenghui/work_space/mujoco_ws/install/ur5e_description/share/ur5e_description/package.sh'
[1.322s] INFO:colcon.colcon_core.shell:Creating package script '/home/xiatenghui/work_space/mujoco_ws/install/ur5e_description/share/ur5e_description/package.bash'
[1.322s] INFO:colcon.colcon_core.shell:Creating package script '/home/xiatenghui/work_space/mujoco_ws/install/ur5e_description/share/ur5e_description/package.zsh'
[1.322s] Level 1:colcon.colcon_core.environment:create_file_with_runtime_dependencies(/home/xiatenghui/work_space/mujoco_ws/install/ur5e_description/share/colcon-core/packages/ur5e_description)
[1.325s] Level 1:colcon.colcon_core.environment:checking '/home/xiatenghui/work_space/mujoco_ws/install/flintrobot_description' for CMake module files
[1.326s] DEBUG:colcon.colcon_core.event_handler.log_command:Invoked command in '/home/xiatenghui/work_space/mujoco_ws/src/flintrobot_description' returned '0': DEBUGINFOD_URLS=https://debuginfod.ubuntu.com PYTHONPATH=/home/xiatenghui/work_space/mujoco_ws/build/flintrobot_description/prefix_override:/usr/lib/python3/dist-packages/colcon_core/task/python/colcon_distutils_commands:/home/xiatenghui/work_space/mujoco_ws/install/flintrobot_description/lib/python3.12/site-packages:${PYTHONPATH} /usr/bin/python3 -W ignore:setup.py install is deprecated -W ignore:easy_install command is deprecated setup.py egg_info --egg-base ../../build/flintrobot_description build --build-base /home/xiatenghui/work_space/mujoco_ws/build/flintrobot_description/build install --record /home/xiatenghui/work_space/mujoco_ws/build/flintrobot_description/install.log --single-version-externally-managed install_data
[1.326s] Level 1:colcon.colcon_core.environment:checking '/home/xiatenghui/work_space/mujoco_ws/install/flintrobot_description' for CMake config files
[1.327s] Level 1:colcon.colcon_core.environment:checking '/home/xiatenghui/work_space/mujoco_ws/install/flintrobot_description/lib'
[1.327s] Level 1:colcon.colcon_core.environment:checking '/home/xiatenghui/work_space/mujoco_ws/install/flintrobot_description/bin'
[1.327s] Level 1:colcon.colcon_core.environment:checking '/home/xiatenghui/work_space/mujoco_ws/install/flintrobot_description/lib/pkgconfig/flintrobot_description.pc'
[1.327s] Level 1:colcon.colcon_core.environment:checking '/home/xiatenghui/work_space/mujoco_ws/install/flintrobot_description/lib/python3.12/site-packages'
[1.327s] Level 1:colcon.colcon_core.shell:create_environment_hook('flintrobot_description', 'pythonpath')
[1.328s] INFO:colcon.colcon_core.shell:Creating environment hook '/home/xiatenghui/work_space/mujoco_ws/install/flintrobot_description/share/flintrobot_description/hook/pythonpath.ps1'
[1.328s] INFO:colcon.colcon_core.shell:Creating environment descriptor '/home/xiatenghui/work_space/mujoco_ws/install/flintrobot_description/share/flintrobot_description/hook/pythonpath.dsv'
[1.328s] INFO:colcon.colcon_core.shell:Creating environment hook '/home/xiatenghui/work_space/mujoco_ws/install/flintrobot_description/share/flintrobot_description/hook/pythonpath.sh'
[1.329s] Level 1:colcon.colcon_core.environment:checking '/home/xiatenghui/work_space/mujoco_ws/install/flintrobot_description/bin'
[1.329s] Level 1:colcon.colcon_core.environment:create_environment_scripts_only(flintrobot_description)
[1.329s] INFO:colcon.colcon_core.shell:Creating package script '/home/xiatenghui/work_space/mujoco_ws/install/flintrobot_description/share/flintrobot_description/package.ps1'
[1.330s] INFO:colcon.colcon_core.shell:Creating package descriptor '/home/xiatenghui/work_space/mujoco_ws/install/flintrobot_description/share/flintrobot_description/package.dsv'
[1.330s] INFO:colcon.colcon_core.shell:Creating package script '/home/xiatenghui/work_space/mujoco_ws/install/flintrobot_description/share/flintrobot_description/package.sh'
[1.330s] INFO:colcon.colcon_core.shell:Creating package script '/home/xiatenghui/work_space/mujoco_ws/install/flintrobot_description/share/flintrobot_description/package.bash'
[1.331s] INFO:colcon.colcon_core.shell:Creating package script '/home/xiatenghui/work_space/mujoco_ws/install/flintrobot_description/share/flintrobot_description/package.zsh'
[1.331s] Level 1:colcon.colcon_core.environment:create_file_with_runtime_dependencies(/home/xiatenghui/work_space/mujoco_ws/install/flintrobot_description/share/colcon-core/packages/flintrobot_description)
[1.331s] DEBUG:colcon.colcon_parallel_executor.executor.parallel:closing loop
[1.332s] DEBUG:colcon.colcon_parallel_executor.executor.parallel:loop closed
[1.332s] DEBUG:colcon.colcon_parallel_executor.executor.parallel:run_until_complete finished with '0'
[1.332s] DEBUG:colcon.colcon_core.event_reactor:joining thread
[1.337s] INFO:colcon.colcon_core.plugin_system:Skipping extension 'colcon_notification.desktop_notification.terminal_notifier': Not used on non-Darwin systems
[1.338s] INFO:colcon.colcon_core.plugin_system:Skipping extension 'colcon_notification.desktop_notification.win32': Not used on non-Windows systems
[1.338s] INFO:colcon.colcon_notification.desktop_notification:Sending desktop notification using 'notify2'
[1.348s] DEBUG:colcon.colcon_core.event_reactor:joined thread
[1.348s] INFO:colcon.colcon_core.shell:Creating prefix script '/home/xiatenghui/work_space/mujoco_ws/install/local_setup.ps1'
[1.349s] INFO:colcon.colcon_core.shell:Creating prefix util module '/home/xiatenghui/work_space/mujoco_ws/install/_local_setup_util_ps1.py'
[1.350s] INFO:colcon.colcon_core.shell:Creating prefix chain script '/home/xiatenghui/work_space/mujoco_ws/install/setup.ps1'
[1.351s] INFO:colcon.colcon_core.shell:Creating prefix script '/home/xiatenghui/work_space/mujoco_ws/install/local_setup.sh'
[1.351s] INFO:colcon.colcon_core.shell:Creating prefix util module '/home/xiatenghui/work_space/mujoco_ws/install/_local_setup_util_sh.py'
[1.352s] INFO:colcon.colcon_core.shell:Creating prefix chain script '/home/xiatenghui/work_space/mujoco_ws/install/setup.sh'
[1.353s] INFO:colcon.colcon_core.shell:Creating prefix script '/home/xiatenghui/work_space/mujoco_ws/install/local_setup.bash'
[1.353s] INFO:colcon.colcon_core.shell:Creating prefix chain script '/home/xiatenghui/work_space/mujoco_ws/install/setup.bash'
[1.355s] INFO:colcon.colcon_core.shell:Creating prefix script '/home/xiatenghui/work_space/mujoco_ws/install/local_setup.zsh'
[1.355s] INFO:colcon.colcon_core.shell:Creating prefix chain script '/home/xiatenghui/work_space/mujoco_ws/install/setup.zsh'
