-- Found ament_cmake: 2.5.4 (/opt/ros/jazzy/share/ament_cmake/cmake)
-- Found rclcpp: 28.1.10 (/opt/ros/jazzy/share/rclcpp/cmake)
-- Found rosidl_generator_c: 4.6.5 (/opt/ros/jazzy/share/rosidl_generator_c/cmake)
-- Found rosidl_generator_cpp: 4.6.5 (/opt/ros/jazzy/share/rosidl_generator_cpp/cmake)
-- Using all available rosidl_typesupport_c: rosidl_typesupport_fastrtps_c;rosidl_typesupport_introspection_c
-- Using all available rosidl_typesupport_cpp: rosidl_typesupport_fastrtps_cpp;rosidl_typesupport_introspection_cpp
-- Found rmw_implementation_cmake: 7.3.2 (/opt/ros/jazzy/share/rmw_implementation_cmake/cmake)
-- Found rmw_fastrtps_cpp: 8.4.2 (/opt/ros/jazzy/share/rmw_fastrtps_cpp/cmake)
-- Using RMW implementation 'rmw_fastrtps_cpp' as default
-- Found sensor_msgs: 5.3.6 (/opt/ros/jazzy/share/sensor_msgs/cmake)
-- Found ament_lint_auto: 0.17.2 (/opt/ros/jazzy/share/ament_lint_auto/cmake)
-- Added test 'cppcheck' to perform static code analysis on C / C++ code
-- Configured cppcheck include dirs: /home/xiatenghui/workspace/mujoco_ws/src/mujoco_sim/include
-- Configured cppcheck exclude dirs and/or files: 
-- Added test 'lint_cmake' to check CMake code style
-- Added test 'uncrustify' to check C / C++ code style
-- Configured uncrustify additional arguments: 
-- Added test 'xmllint' to check XML markup files
-- Configuring done (0.5s)
-- Generating done (0.0s)
-- Build files have been written to: /home/xiatenghui/workspace/mujoco_ws/build/mujoco_sim
[ 50%] [32mBuilding CXX object CMakeFiles/ur5e_control.dir/src/ur5e_control.cpp.o[0m
In file included from [01m[K/usr/local/include/OpenXLSX/headers/XLCellValue.hpp:66[m[K,
                 from [01m[K/usr/local/include/OpenXLSX/headers/XLCell.hpp:62[m[K,
                 from [01m[K/usr/local/include/OpenXLSX/OpenXLSX.hpp:49[m[K,
                 from [01m[K/home/xiatenghui/workspace/mujoco_ws/src/mujoco_sim/src/ur5e_control.cpp:7[m[K:
[01m[K/usr/local/include/OpenXLSX/headers/XLXmlParser.hpp:52:10:[m[K [01;31m[Kfatal error: [m[Kexternal/pugixml/pugixml.hpp: 没有那个文件或目录
   52 | #include [01;31m[K<external/pugixml/pugixml.hpp>[m[K // not sure why the full include path is needed within the header file
      |          [01;31m[K^~~~~~~~~~~~~~~~~~~~~~~~~~~~~~[m[K
compilation terminated.
gmake[2]: *** [CMakeFiles/ur5e_control.dir/build.make:76：CMakeFiles/ur5e_control.dir/src/ur5e_control.cpp.o] 错误 1
gmake[1]: *** [CMakeFiles/Makefile2:137：CMakeFiles/ur5e_control.dir/all] 错误 2
gmake: *** [Makefile:146：all] 错误 2
