[0.832s] Invoking command in '/home/xiatenghui/work_space/mujoco_ws/src/flintrobot_description': DEBUGINFOD_URLS=https://debuginfod.ubuntu.com PYTHONPATH=/home/xiatenghui/work_space/mujoco_ws/build/flintrobot_description/prefix_override:/usr/lib/python3/dist-packages/colcon_core/task/python/colcon_distutils_commands:/home/xiatenghui/work_space/mujoco_ws/install/flintrobot_description/lib/python3.12/site-packages:${PYTHONPATH} /usr/bin/python3 -W ignore:setup.py install is deprecated -W ignore:easy_install command is deprecated setup.py egg_info --egg-base ../../build/flintrobot_description build --build-base /home/xiatenghui/work_space/mujoco_ws/build/flintrobot_description/build install --record /home/xiatenghui/work_space/mujoco_ws/build/flintrobot_description/install.log --single-version-externally-managed install_data
[1.008s] running egg_info
[1.008s] creating ../../build/flintrobot_description/flintrobot_description.egg-info
[1.019s] writing ../../build/flintrobot_description/flintrobot_description.egg-info/PKG-INFO
[1.019s] writing dependency_links to ../../build/flintrobot_description/flintrobot_description.egg-info/dependency_links.txt
[1.019s] writing requirements to ../../build/flintrobot_description/flintrobot_description.egg-info/requires.txt
[1.019s] writing top-level names to ../../build/flintrobot_description/flintrobot_description.egg-info/top_level.txt
[1.019s] writing manifest file '../../build/flintrobot_description/flintrobot_description.egg-info/SOURCES.txt'
[1.042s] reading manifest file '../../build/flintrobot_description/flintrobot_description.egg-info/SOURCES.txt'
[1.043s] writing manifest file '../../build/flintrobot_description/flintrobot_description.egg-info/SOURCES.txt'
[1.043s] running build
[1.043s] running build_py
[1.044s] creating /home/xiatenghui/work_space/mujoco_ws/build/flintrobot_description/build
[1.044s] creating /home/xiatenghui/work_space/mujoco_ws/build/flintrobot_description/build/lib
[1.044s] creating /home/xiatenghui/work_space/mujoco_ws/build/flintrobot_description/build/lib/flintrobot_description
[1.044s] copying flintrobot_description/__init__.py -> /home/xiatenghui/work_space/mujoco_ws/build/flintrobot_description/build/lib/flintrobot_description
[1.044s] running install
[1.047s] running install_lib
[1.059s] creating /home/xiatenghui/work_space/mujoco_ws/install/flintrobot_description/lib/python3.12/site-packages/flintrobot_description
[1.059s] copying /home/xiatenghui/work_space/mujoco_ws/build/flintrobot_description/build/lib/flintrobot_description/__init__.py -> /home/xiatenghui/work_space/mujoco_ws/install/flintrobot_description/lib/python3.12/site-packages/flintrobot_description
[1.059s] byte-compiling /home/xiatenghui/work_space/mujoco_ws/install/flintrobot_description/lib/python3.12/site-packages/flintrobot_description/__init__.py to __init__.cpython-312.pyc
[1.059s] running install_data
[1.059s] creating /home/xiatenghui/work_space/mujoco_ws/install/flintrobot_description/share/ament_index
[1.060s] creating /home/xiatenghui/work_space/mujoco_ws/install/flintrobot_description/share/ament_index/resource_index
[1.060s] creating /home/xiatenghui/work_space/mujoco_ws/install/flintrobot_description/share/ament_index/resource_index/packages
[1.060s] copying resource/flintrobot_description -> /home/xiatenghui/work_space/mujoco_ws/install/flintrobot_description/share/ament_index/resource_index/packages
[1.061s] copying package.xml -> /home/xiatenghui/work_space/mujoco_ws/install/flintrobot_description/share/flintrobot_description
[1.061s] creating /home/xiatenghui/work_space/mujoco_ws/install/flintrobot_description/share/flintrobot_description/launch
[1.061s] copying launch/display_rviz2.launch.py -> /home/xiatenghui/work_space/mujoco_ws/install/flintrobot_description/share/flintrobot_description/launch
[1.061s] creating /home/xiatenghui/work_space/mujoco_ws/install/flintrobot_description/share/flintrobot_description/urdf
[1.061s] copying urdf/flintrobot_base_no1.urdf -> /home/xiatenghui/work_space/mujoco_ws/install/flintrobot_description/share/flintrobot_description/urdf
[1.061s] copying urdf/flintrobot_base_no3.urdf -> /home/xiatenghui/work_space/mujoco_ws/install/flintrobot_description/share/flintrobot_description/urdf
[1.061s] copying urdf/flintrobot.xml -> /home/xiatenghui/work_space/mujoco_ws/install/flintrobot_description/share/flintrobot_description/urdf
[1.061s] copying urdf/flintrobot_base.urdf -> /home/xiatenghui/work_space/mujoco_ws/install/flintrobot_description/share/flintrobot_description/urdf
[1.061s] creating /home/xiatenghui/work_space/mujoco_ws/install/flintrobot_description/share/flintrobot_description/meshes
[1.061s] copying meshes/flint_head.stl -> /home/xiatenghui/work_space/mujoco_ws/install/flintrobot_description/share/flintrobot_description/meshes
[1.063s] copying meshes/flint_neck_raise_const.stl -> /home/xiatenghui/work_space/mujoco_ws/install/flintrobot_description/share/flintrobot_description/meshes
[1.063s] copying meshes/flint_joint4.stl -> /home/xiatenghui/work_space/mujoco_ws/install/flintrobot_description/share/flintrobot_description/meshes
[1.063s] copying meshes/flint_wheel2.stl -> /home/xiatenghui/work_space/mujoco_ws/install/flintrobot_description/share/flintrobot_description/meshes
[1.063s] copying meshes/flint_joint2.stl -> /home/xiatenghui/work_space/mujoco_ws/install/flintrobot_description/share/flintrobot_description/meshes
[1.065s] copying meshes/flint_hand_finger_joint1.stl -> /home/xiatenghui/work_space/mujoco_ws/install/flintrobot_description/share/flintrobot_description/meshes
[1.065s] copying meshes/flint_joint1.stl -> /home/xiatenghui/work_space/mujoco_ws/install/flintrobot_description/share/flintrobot_description/meshes
[1.066s] copying meshes/flint_good_hand.stl -> /home/xiatenghui/work_space/mujoco_ws/install/flintrobot_description/share/flintrobot_description/meshes
[1.066s] copying meshes/flint_joint8.stl -> /home/xiatenghui/work_space/mujoco_ws/install/flintrobot_description/share/flintrobot_description/meshes
[1.066s] copying meshes/flint_wheel1.stl -> /home/xiatenghui/work_space/mujoco_ws/install/flintrobot_description/share/flintrobot_description/meshes
[1.066s] copying meshes/flint_joint6.stl -> /home/xiatenghui/work_space/mujoco_ws/install/flintrobot_description/share/flintrobot_description/meshes
[1.067s] copying meshes/flint_hand_finger_joint0.stl -> /home/xiatenghui/work_space/mujoco_ws/install/flintrobot_description/share/flintrobot_description/meshes
[1.067s] copying meshes/flint_hand_thumb_joint0.stl -> /home/xiatenghui/work_space/mujoco_ws/install/flintrobot_description/share/flintrobot_description/meshes
[1.067s] copying meshes/flint_neck3.stl -> /home/xiatenghui/work_space/mujoco_ws/install/flintrobot_description/share/flintrobot_description/meshes
[1.067s] copying meshes/flint_neck0.stl -> /home/xiatenghui/work_space/mujoco_ws/install/flintrobot_description/share/flintrobot_description/meshes
[1.067s] copying meshes/flint_hand_thumb_joint1.stl -> /home/xiatenghui/work_space/mujoco_ws/install/flintrobot_description/share/flintrobot_description/meshes
[1.067s] copying meshes/flint_joint7.stl -> /home/xiatenghui/work_space/mujoco_ws/install/flintrobot_description/share/flintrobot_description/meshes
[1.068s] copying meshes/flint_hand_thumb_joint2.stl -> /home/xiatenghui/work_space/mujoco_ws/install/flintrobot_description/share/flintrobot_description/meshes
[1.068s] copying meshes/flint_body.stl -> /home/xiatenghui/work_space/mujoco_ws/install/flintrobot_description/share/flintrobot_description/meshes
[1.069s] copying meshes/flint_neck2.stl -> /home/xiatenghui/work_space/mujoco_ws/install/flintrobot_description/share/flintrobot_description/meshes
[1.069s] copying meshes/flint_joint3.stl -> /home/xiatenghui/work_space/mujoco_ws/install/flintrobot_description/share/flintrobot_description/meshes
[1.070s] copying meshes/flint_hand_thumb_joint3.stl -> /home/xiatenghui/work_space/mujoco_ws/install/flintrobot_description/share/flintrobot_description/meshes
[1.070s] copying meshes/flint_neck1.stl -> /home/xiatenghui/work_space/mujoco_ws/install/flintrobot_description/share/flintrobot_description/meshes
[1.070s] copying meshes/flint_joint5.stl -> /home/xiatenghui/work_space/mujoco_ws/install/flintrobot_description/share/flintrobot_description/meshes
[1.071s] running install_egg_info
[1.083s] Copying ../../build/flintrobot_description/flintrobot_description.egg-info to /home/xiatenghui/work_space/mujoco_ws/install/flintrobot_description/lib/python3.12/site-packages/flintrobot_description-0.0.0-py3.12.egg-info
[1.084s] running install_scripts
[1.163s] writing list of installed files to '/home/xiatenghui/work_space/mujoco_ws/build/flintrobot_description/install.log'
[1.183s] Invoked command in '/home/xiatenghui/work_space/mujoco_ws/src/flintrobot_description' returned '0': DEBUGINFOD_URLS=https://debuginfod.ubuntu.com PYTHONPATH=/home/xiatenghui/work_space/mujoco_ws/build/flintrobot_description/prefix_override:/usr/lib/python3/dist-packages/colcon_core/task/python/colcon_distutils_commands:/home/xiatenghui/work_space/mujoco_ws/install/flintrobot_description/lib/python3.12/site-packages:${PYTHONPATH} /usr/bin/python3 -W ignore:setup.py install is deprecated -W ignore:easy_install command is deprecated setup.py egg_info --egg-base ../../build/flintrobot_description build --build-base /home/xiatenghui/work_space/mujoco_ws/build/flintrobot_description/build install --record /home/xiatenghui/work_space/mujoco_ws/build/flintrobot_description/install.log --single-version-externally-managed install_data
